68K GAS   			page 1


   1               	
   2               	.file"assert.c"
   3               	.section.rodata
   4               	.LC0:
   5 0000 2573 2025 	.string"%s %s(%d) : %s\n"
   5      7328 2564 
   5      2920 3A20 
   5      2573 0A00 
   6               	.text
   7               	.align2
   8               	.globl__assertfail
  10               	__assertfail:
  11 0000 4E56 0000 	link.w %fp,#0
  12 0004 203C 0000 	move.l #_pstreams,%d0
  12      0000 
  13 000a 5080      	addq.l #8,%d0
  14 000c 2040      	move.l %d0,%a0
  15 000e 2010      	move.l (%a0),%d0
  16 0010 2F2E 0014 	move.l 20(%fp),-(%sp)
  17 0014 2F2E 0010 	move.l 16(%fp),-(%sp)
  18 0018 2F2E 000C 	move.l 12(%fp),-(%sp)
  19 001c 2F2E 0008 	move.l 8(%fp),-(%sp)
  20 0020 4879 0000 	pea .LC0
  20      0000 
  21 0026 2F00      	move.l %d0,-(%sp)
  22 0028 4EB9 0000 	jsr fprintf
  22      0000 
  23 002e 4FEF 0018 	lea (24,%sp),%sp
  24 0032 4878 0001 	pea 1.w
  25 0036 4EB9 0000 	jsr exit
  25      0000 
  26 003c 588F      	addq.l #4,%sp
  27 003e 4E5E      	unlk %fp
  28 0040 4E75      	rts
  30               	.ident"GCC: (GNU) 4.5.1"
  31               	.section.note.GNU-stack,"",@progbits
68K GAS   			page 2


DEFINED SYMBOLS
                            *ABS*:00000000 assert.c
    {standard input}:10     .text:00000000 __assertfail

UNDEFINED SYMBOLS
_pstreams
fprintf
exit
