68K GAS   			page 1


   1               	
   2               	.file"ftell.c"
   3               	.text
   4               	.align2
   5               	.globlftell
   7               	ftell:
   8 0000 4E56 FFFC 	link.w %fp,#-4
   9 0004 42AE FFFC 	clr.l -4(%fp)
  10 0008 200E      	move.l %fp,%d0
  11 000a 5980      	subq.l #4,%d0
  12 000c 2F00      	move.l %d0,-(%sp)
  13 000e 2F2E 0008 	move.l 8(%fp),-(%sp)
  14 0012 4EB9 0000 	jsr fgetpos
  14      0000 
  15 0018 508F      	addq.l #8,%sp
  16 001a 4A80      	tst.l %d0
  17 001c 6704      	jeq .L2
  18 001e 70FF      	moveq #-1,%d0
  19 0020 6004      	jra .L3
  20               	.L2:
  21 0022 202E FFFC 	move.l -4(%fp),%d0
  22               	.L3:
  23 0026 4E5E      	unlk %fp
  24 0028 4E75      	rts
  26               	.ident"GCC: (GNU) 4.5.1"
  27               	.section.note.GNU-stack,"",@progbits
68K GAS   			page 2


DEFINED SYMBOLS
                            *ABS*:00000000 ftell.c
    {standard input}:7      .text:00000000 ftell

UNDEFINED SYMBOLS
fgetpos
