68K GAS   			page 1


   1               	
   2               	.file"rename.c"
   3               	.text
   4               	.align2
   5               	.globlrename
   7               	rename:
   8 0000 4E56 0000 	link.w %fp,#0
   9 0004 2F2E 000C 	move.l 12(%fp),-(%sp)
  10 0008 2F2E 0008 	move.l 8(%fp),-(%sp)
  11 000c 4EB9 0000 	jsr _ll_rename
  11      0000 
  12 0012 508F      	addq.l #8,%sp
  13 0014 4E5E      	unlk %fp
  14 0016 4E75      	rts
  16               	.ident"GCC: (GNU) 4.5.1"
  17               	.section.note.GNU-stack,"",@progbits
68K GAS   			page 2


DEFINED SYMBOLS
                            *ABS*:00000000 rename.c
    {standard input}:7      .text:00000000 rename

UNDEFINED SYMBOLS
_ll_rename
