68K GAS   			page 1


   1               	
   2               	.file"phictype.c"
   3               	.data
   6               	alchars:
   7 0000 00        	.byte0
   8 0001 00        	.byte0
   9 0002 00        	.byte0
  10 0003 00        	.byte0
  11 0004 00        	.byte0
  12 0005 00        	.byte0
  13 0006 00        	.byte0
  14 0007 00        	.byte0
  15 0008 7F        	.byte127
  16 0009 FF        	.byte-1
  17 000a FF        	.byte-1
  18 000b E0        	.byte-32
  19 000c 7F        	.byte127
  20 000d FF        	.byte-1
  21 000e FF        	.byte-1
  22 000f E0        	.byte-32
  23 0010 00        	.byte0
  24 0011 00        	.byte0
  25 0012 00        	.byte0
  26 0013 00        	.byte0
  27 0014 00        	.byte0
  28 0015 00        	.byte0
  29 0016 00        	.byte0
  30 0017 00        	.byte0
  31 0018 00        	.byte0
  32 0019 7E        	.byte126
  33 001a 11        	.byte17
  34 001b 00        	.byte0
  35 001c 00        	.byte0
  36 001d 00        	.byte0
  37 001e 00        	.byte0
  38 001f 00        	.byte0
  39 0020 00        	.byte0
  40 0021 00        	.byte0
  41 0022 00        	.byte0
  42 0023 00        	.byte0
  43 0024 00        	.byte0
  44 0025 00        	.byte0
  45 0026 FF        	.byte-1
  46 0027 FF        	.byte-1
  47 0028 FF        	.byte-1
  48 0029 FF        	.byte-1
  49 002a FF        	.byte-1
  50 002b FF        	.byte-1
  51 002c FF        	.byte-1
  52 002d FF        	.byte-1
  53 002e FF        	.byte-1
  54 002f FF        	.byte-1
  55 0030 00        	.byte0
  56 0031 00        	.byte0
  57 0032 00        	.byte0
  58 0033 00        	.byte0
  59 0034 00        	.byte0
68K GAS   			page 2


  60 0035 00        	.byte0
  61 0036 00        	.byte0
  62 0037 00        	.byte0
  63 0038 FF        	.byte-1
  64 0039 FF        	.byte-1
  65 003a FF        	.byte-1
  66 003b FF        	.byte-1
  67 003c FF        	.byte-1
  68 003d FC        	.byte-4
  69 003e 00        	.byte0
  70 003f 00        	.byte0
  71 0040 00        	.byte0
  72 0041 00        	.byte0
  73 0042 00        	.byte0
  74 0043 00        	.byte0
  75 0044 00        	.byte0
  76 0045 00        	.byte0
  77 0046 00        	.byte0
  78 0047 00        	.byte0
  79 0048 FF        	.byte-1
  80 0049 FF        	.byte-1
  81 004a FF        	.byte-1
  82 004b 00        	.byte0
  83 004c FF        	.byte-1
  84 004d FF        	.byte-1
  85 004e FF        	.byte-1
  86 004f 00        	.byte0
  87 0050 00        	.byte0
  88 0051 00        	.byte0
  89 0052 00        	.byte0
  90 0053 00        	.byte0
  91 0054 00        	.byte0
  92 0055 00        	.byte0
  93 0056 00        	.byte0
  94 0057 00        	.byte0
  95 0058 FF        	.byte-1
  96 0059 FF        	.byte-1
  97 005a F8        	.byte-8
  98 005b 00        	.byte0
  99 005c FF        	.byte-1
 100 005d FF        	.byte-1
 101 005e FF        	.byte-1
 102 005f F0        	.byte-16
 103 0060 00        	.byte0
 104 0061 00        	.byte0
 105 0062 00        	.byte0
 106 0063 00        	.byte0
 107 0064 00        	.byte0
 108 0065 00        	.byte0
 109 0066 00        	.byte0
 110 0067 00        	.byte0
 111 0068 00        	.byte0
 112 0069 00        	.byte0
 113 006a 00        	.byte0
 114 006b 00        	.byte0
 115 006c 00        	.byte0
 116 006d 00        	.byte0
68K GAS   			page 3


 117 006e 00        	.byte0
 118 006f 00        	.byte0
 119 0070 00        	.byte0
 120 0071 00        	.byte0
 121 0072 00        	.byte0
 122 0073 00        	.byte0
 123 0074 00        	.byte0
 124 0075 00        	.byte0
 125 0076 00        	.byte0
 126 0077 00        	.byte0
 127 0078 00        	.byte0
 128 0079 00        	.byte0
 129 007a 00        	.byte0
 130 007b 00        	.byte0
 131 007c 00        	.byte0
 132 007d 00        	.byte0
 133 007e 00        	.byte0
 134 007f 00        	.byte0
 135 0080 00        	.byte0
 136 0081 00        	.byte0
 137 0082 00        	.byte0
 138 0083 00        	.byte0
 139 0084 00        	.byte0
 140 0085 00        	.byte0
 141 0086 00        	.byte0
 142 0087 00        	.byte0
 143 0088 00        	.byte0
 144 0089 00        	.byte0
 145 008a 00        	.byte0
 146 008b 00        	.byte0
 147 008c 00        	.byte0
 148 008d 00        	.byte0
 149 008e 00        	.byte0
 150 008f 00        	.byte0
 151 0090 00        	.byte0
 152 0091 00        	.byte0
 153 0092 00        	.byte0
 154 0093 00        	.byte0
 155 0094 00        	.byte0
 156 0095 00        	.byte0
 157 0096 00        	.byte0
 158 0097 00        	.byte0
 159 0098 00        	.byte0
 160 0099 00        	.byte0
 161 009a 00        	.byte0
 162 009b 00        	.byte0
 163 009c 00        	.byte0
 164 009d 00        	.byte0
 165 009e 00        	.byte0
 166 009f 00        	.byte0
 167 00a0 00        	.byte0
 168 00a1 00        	.byte0
 169 00a2 00        	.byte0
 170 00a3 00        	.byte0
 171 00a4 00        	.byte0
 172 00a5 00        	.byte0
 173 00a6 00        	.byte0
68K GAS   			page 4


 174 00a7 00        	.byte0
 175 00a8 00        	.byte0
 176 00a9 00        	.byte0
 177 00aa 00        	.byte0
 178 00ab 00        	.byte0
 179 00ac 00        	.byte0
 180 00ad 00        	.byte0
 181 00ae 00        	.byte0
 182 00af 00        	.byte0
 183 00b0 00        	.byte0
 184 00b1 00        	.byte0
 185 00b2 00        	.byte0
 186 00b3 00        	.byte0
 187 00b4 00        	.byte0
 188 00b5 00        	.byte0
 189 00b6 00        	.byte0
 190 00b7 00        	.byte0
 191 00b8 00        	.byte0
 192 00b9 00        	.byte0
 193 00ba 00        	.byte0
 194 00bb 00        	.byte0
 195 00bc 00        	.byte0
 196 00bd 00        	.byte0
 197 00be 00        	.byte0
 198 00bf 00        	.byte0
 199 00c0 00        	.byte0
 200 00c1 00        	.byte0
 201 00c2 00        	.byte0
 202 00c3 00        	.byte0
 203 00c4 00        	.byte0
 204 00c5 00        	.byte0
 205 00c6 00        	.byte0
 206 00c7 00        	.byte0
 207 00c8 00        	.byte0
 208 00c9 00        	.byte0
 209 00ca 00        	.byte0
 210 00cb 00        	.byte0
 211 00cc 00        	.byte0
 212 00cd 00        	.byte0
 213 00ce 00        	.byte0
 214 00cf 00        	.byte0
 215 00d0 00        	.byte0
 216 00d1 00        	.byte0
 217 00d2 00        	.byte0
 218 00d3 00        	.byte0
 219 00d4 00        	.byte0
 220 00d5 00        	.byte0
 221 00d6 00        	.byte0
 222 00d7 00        	.byte0
 223 00d8 00        	.byte0
 224 00d9 00        	.byte0
 225 00da 00        	.byte0
 226 00db 00        	.byte0
 227 00dc 00        	.byte0
 228 00dd 00        	.byte0
 229 00de 00        	.byte0
 230 00df 00        	.byte0
68K GAS   			page 5


 231 00e0 00        	.byte0
 232 00e1 00        	.byte0
 233 00e2 00        	.byte0
 234 00e3 00        	.byte0
 235 00e4 00        	.byte0
 236 00e5 00        	.byte0
 237 00e6 00        	.byte0
 238 00e7 00        	.byte0
 239 00e8 00        	.byte0
 240 00e9 00        	.byte0
 241 00ea 00        	.byte0
 242 00eb 00        	.byte0
 243 00ec 00        	.byte0
 244 00ed 00        	.byte0
 245 00ee 00        	.byte0
 246 00ef 00        	.byte0
 247 00f0 00        	.byte0
 248 00f1 00        	.byte0
 249 00f2 00        	.byte0
 250 00f3 00        	.byte0
 251 00f4 00        	.byte0
 252 00f5 00        	.byte0
 253 00f6 00        	.byte0
 254 00f7 00        	.byte0
 255 00f8 00        	.byte0
 256 00f9 00        	.byte0
 257 00fa 00        	.byte0
 258 00fb 00        	.byte0
 259 00fc 00        	.byte0
 260 00fd 00        	.byte0
 261 00fe 00        	.byte0
 262 00ff 00        	.byte0
 265               	spacechars:
 266 0100 00        	.byte0
 267 0101 24        	.byte36
 268 0102 00        	.byte0
 269 0103 00        	.byte0
 270 0104 80        	.byte-128
 271 0105 00        	.byte0
 272 0106 00        	.byte0
 273 0107 00        	.byte0
 274 0108 00        	.byte0
 275 0109 00        	.byte0
 276 010a 00        	.byte0
 277 010b 00        	.byte0
 278 010c 00        	.byte0
 279 010d 00        	.byte0
 280 010e 00        	.byte0
 281 010f 01        	.byte1
 282 0110 00        	.byte0
 283 0111 00        	.byte0
 284 0112 00        	.byte0
 285 0113 00        	.byte0
 286 0114 00        	.byte0
 287 0115 00        	.byte0
 288 0116 00        	.byte0
 289 0117 00        	.byte0
68K GAS   			page 6


 290 0118 00        	.byte0
 291 0119 00        	.byte0
 292 011a 00        	.byte0
 293 011b 00        	.byte0
 294 011c 00        	.byte0
 295 011d 00        	.byte0
 296 011e 00        	.byte0
 297 011f 00        	.byte0
 298 0120 00        	.byte0
 299 0121 00        	.byte0
 300 0122 00        	.byte0
 301 0123 00        	.byte0
 302 0124 00        	.byte0
 303 0125 00        	.byte0
 304 0126 00        	.byte0
 305 0127 00        	.byte0
 306 0128 00        	.byte0
 307 0129 00        	.byte0
 308 012a 00        	.byte0
 309 012b 00        	.byte0
 310 012c 00        	.byte0
 311 012d 00        	.byte0
 312 012e 00        	.byte0
 313 012f 00        	.byte0
 314 0130 00        	.byte0
 315 0131 00        	.byte0
 316 0132 00        	.byte0
 317 0133 00        	.byte0
 318 0134 00        	.byte0
 319 0135 00        	.byte0
 320 0136 00        	.byte0
 321 0137 00        	.byte0
 322 0138 00        	.byte0
 323 0139 00        	.byte0
 324 013a 00        	.byte0
 325 013b 00        	.byte0
 326 013c 00        	.byte0
 327 013d 00        	.byte0
 328 013e 00        	.byte0
 329 013f 00        	.byte0
 330 0140 00        	.byte0
 331 0141 00        	.byte0
 332 0142 00        	.byte0
 333 0143 00        	.byte0
 334 0144 00        	.byte0
 335 0145 00        	.byte0
 336 0146 00        	.byte0
 337 0147 00        	.byte0
 338 0148 00        	.byte0
 339 0149 00        	.byte0
 340 014a 00        	.byte0
 341 014b 00        	.byte0
 342 014c 00        	.byte0
 343 014d 00        	.byte0
 344 014e 00        	.byte0
 345 014f 00        	.byte0
 346 0150 00        	.byte0
68K GAS   			page 7


 347 0151 00        	.byte0
 348 0152 00        	.byte0
 349 0153 00        	.byte0
 350 0154 00        	.byte0
 351 0155 00        	.byte0
 352 0156 00        	.byte0
 353 0157 00        	.byte0
 354 0158 00        	.byte0
 355 0159 00        	.byte0
 356 015a 00        	.byte0
 357 015b 00        	.byte0
 358 015c 00        	.byte0
 359 015d 00        	.byte0
 360 015e 00        	.byte0
 361 015f 00        	.byte0
 362 0160 00        	.byte0
 363 0161 00        	.byte0
 364 0162 00        	.byte0
 365 0163 00        	.byte0
 366 0164 00        	.byte0
 367 0165 00        	.byte0
 368 0166 00        	.byte0
 369 0167 00        	.byte0
 370 0168 00        	.byte0
 371 0169 00        	.byte0
 372 016a 00        	.byte0
 373 016b 00        	.byte0
 374 016c 00        	.byte0
 375 016d 00        	.byte0
 376 016e 00        	.byte0
 377 016f 00        	.byte0
 378 0170 00        	.byte0
 379 0171 00        	.byte0
 380 0172 00        	.byte0
 381 0173 00        	.byte0
 382 0174 2A        	.byte42
 383 0175 A8        	.byte-88
 384 0176 B1        	.byte-79
 385 0177 D8        	.byte-40
 386 0178 80        	.byte-128
 387 0179 76        	.byte118
 388 017a 3B        	.byte59
 389 017b 10        	.byte16
 390 017c 08        	.byte8
 391 017d 04        	.byte4
 392 017e 02        	.byte2
 393 017f 01        	.byte1
 394 0180 00        	.byte0
 395 0181 00        	.byte0
 396 0182 00        	.byte0
 397 0183 00        	.byte0
 398 0184 00        	.byte0
 399 0185 00        	.byte0
 400 0186 00        	.byte0
 401 0187 00        	.byte0
 402 0188 00        	.byte0
 403 0189 00        	.byte0
68K GAS   			page 8


 404 018a 00        	.byte0
 405 018b 00        	.byte0
 406 018c 00        	.byte0
 407 018d 00        	.byte0
 408 018e 00        	.byte0
 409 018f 00        	.byte0
 410 0190 00        	.byte0
 411 0191 00        	.byte0
 412 0192 00        	.byte0
 413 0193 00        	.byte0
 414 0194 00        	.byte0
 415 0195 00        	.byte0
 416 0196 00        	.byte0
 417 0197 00        	.byte0
 418 0198 00        	.byte0
 419 0199 00        	.byte0
 420 019a 00        	.byte0
 421 019b 00        	.byte0
 422 019c 00        	.byte0
 423 019d 00        	.byte0
 424 019e 00        	.byte0
 425 019f 00        	.byte0
 426 01a0 00        	.byte0
 427 01a1 00        	.byte0
 428 01a2 00        	.byte0
 429 01a3 00        	.byte0
 430 01a4 00        	.byte0
 431 01a5 00        	.byte0
 432 01a6 00        	.byte0
 433 01a7 00        	.byte0
 434 01a8 00        	.byte0
 435 01a9 00        	.byte0
 436 01aa 00        	.byte0
 437 01ab 00        	.byte0
 438 01ac 00        	.byte0
 439 01ad 00        	.byte0
 440 01ae 00        	.byte0
 441 01af 00        	.byte0
 442 01b0 00        	.byte0
 443 01b1 00        	.byte0
 444 01b2 00        	.byte0
 445 01b3 00        	.byte0
 446 01b4 00        	.byte0
 447 01b5 00        	.byte0
 448 01b6 00        	.byte0
 449 01b7 00        	.byte0
 450 01b8 00        	.byte0
 451 01b9 00        	.byte0
 452 01ba 00        	.byte0
 453 01bb 00        	.byte0
 454 01bc 00        	.byte0
 455 01bd 00        	.byte0
 456 01be 00        	.byte0
 457 01bf 00        	.byte0
 458 01c0 00        	.byte0
 459 01c1 00        	.byte0
 460 01c2 00        	.byte0
68K GAS   			page 9


 461 01c3 00        	.byte0
 462 01c4 00        	.byte0
 463 01c5 00        	.byte0
 464 01c6 00        	.byte0
 465 01c7 00        	.byte0
 466 01c8 00        	.byte0
 467 01c9 00        	.byte0
 468 01ca 00        	.byte0
 469 01cb 00        	.byte0
 470 01cc 00        	.byte0
 471 01cd 00        	.byte0
 472 01ce 00        	.byte0
 473 01cf 00        	.byte0
 474 01d0 00        	.byte0
 475 01d1 00        	.byte0
 476 01d2 00        	.byte0
 477 01d3 00        	.byte0
 478 01d4 00        	.byte0
 479 01d5 00        	.byte0
 480 01d6 00        	.byte0
 481 01d7 00        	.byte0
 482 01d8 00        	.byte0
 483 01d9 00        	.byte0
 484 01da 00        	.byte0
 485 01db 00        	.byte0
 486 01dc 00        	.byte0
 487 01dd 00        	.byte0
 488 01de 00        	.byte0
 489 01df 00        	.byte0
 490 01e0 00        	.byte0
 491 01e1 00        	.byte0
 492 01e2 00        	.byte0
 493 01e3 00        	.byte0
 494 01e4 00        	.byte0
 495 01e5 00        	.byte0
 496 01e6 00        	.byte0
 497 01e7 00        	.byte0
 498 01e8 00        	.byte0
 499 01e9 00        	.byte0
 500 01ea 00        	.byte0
 501 01eb 00        	.byte0
 502 01ec 00        	.byte0
 503 01ed 00        	.byte0
 504 01ee 00        	.byte0
 505 01ef 00        	.byte0
 506 01f0 00        	.byte0
 507 01f1 00        	.byte0
 508 01f2 00        	.byte0
 509 01f3 00        	.byte0
 510 01f4 FF        	.byte-1
 511 01f5 00        	.byte0
 512 01f6 00        	.byte0
 513 01f7 00        	.byte0
 514 01f8 00        	.byte0
 515 01f9 00        	.byte0
 516 01fa 00        	.byte0
 517 01fb 00        	.byte0
68K GAS   			page 10


 518 01fc 00        	.byte0
 519 01fd 00        	.byte0
 520 01fe 00        	.byte0
 521 01ff 00        	.byte0
 524               	punctchars:
 525 0200 00        	.byte0
 526 0201 00        	.byte0
 527 0202 00        	.byte0
 528 0203 00        	.byte0
 529 0204 65        	.byte101
 530 0205 CA        	.byte-54
 531 0206 00        	.byte0
 532 0207 31        	.byte49
 533 0208 00        	.byte0
 534 0209 00        	.byte0
 535 020a 00        	.byte0
 536 020b 1D        	.byte29
 537 020c 80        	.byte-128
 538 020d 00        	.byte0
 539 020e 00        	.byte0
 540 020f 14        	.byte20
 541 0210 00        	.byte0
 542 0211 00        	.byte0
 543 0212 00        	.byte0
 544 0213 00        	.byte0
 545 0214 00        	.byte0
 546 0215 00        	.byte0
 547 0216 00        	.byte0
 548 0217 00        	.byte0
 549 0218 00        	.byte0
 550 0219 76        	.byte118
 551 021a EE        	.byte-18
 552 021b C0        	.byte-64
 553 021c 00        	.byte0
 554 021d 00        	.byte0
 555 021e 00        	.byte0
 556 021f 00        	.byte0
 557 0220 00        	.byte0
 558 0221 00        	.byte0
 559 0222 00        	.byte0
 560 0223 00        	.byte0
 561 0224 FF        	.byte-1
 562 0225 E0        	.byte-32
 563 0226 00        	.byte0
 564 0227 00        	.byte0
 565 0228 00        	.byte0
 566 0229 00        	.byte0
 567 022a 00        	.byte0
 568 022b 00        	.byte0
 569 022c 00        	.byte0
 570 022d 00        	.byte0
 571 022e 00        	.byte0
 572 022f 00        	.byte0
 573 0230 00        	.byte0
 574 0231 00        	.byte0
 575 0232 00        	.byte0
 576 0233 00        	.byte0
68K GAS   			page 11


 577 0234 00        	.byte0
 578 0235 00        	.byte0
 579 0236 00        	.byte0
 580 0237 00        	.byte0
 581 0238 00        	.byte0
 582 0239 00        	.byte0
 583 023a 00        	.byte0
 584 023b 00        	.byte0
 585 023c 00        	.byte0
 586 023d 00        	.byte0
 587 023e 00        	.byte0
 588 023f 00        	.byte0
 589 0240 00        	.byte0
 590 0241 00        	.byte0
 591 0242 00        	.byte0
 592 0243 00        	.byte0
 593 0244 00        	.byte0
 594 0245 00        	.byte0
 595 0246 0F        	.byte15
 596 0247 FC        	.byte-4
 597 0248 00        	.byte0
 598 0249 00        	.byte0
 599 024a 00        	.byte0
 600 024b FC        	.byte-4
 601 024c 00        	.byte0
 602 024d 00        	.byte0
 603 024e 00        	.byte0
 604 024f F0        	.byte-16
 605 0250 00        	.byte0
 606 0251 00        	.byte0
 607 0252 00        	.byte0
 608 0253 00        	.byte0
 609 0254 00        	.byte0
 610 0255 40        	.byte64
 611 0256 00        	.byte0
 612 0257 00        	.byte0
 613 0258 00        	.byte0
 614 0259 00        	.byte0
 615 025a 00        	.byte0
 616 025b 00        	.byte0
 617 025c 00        	.byte0
 618 025d 00        	.byte0
 619 025e 00        	.byte0
 620 025f 00        	.byte0
 621 0260 00        	.byte0
 622 0261 00        	.byte0
 623 0262 00        	.byte0
 624 0263 00        	.byte0
 625 0264 00        	.byte0
 626 0265 00        	.byte0
 627 0266 00        	.byte0
 628 0267 00        	.byte0
 629 0268 00        	.byte0
 630 0269 00        	.byte0
 631 026a 00        	.byte0
 632 026b 00        	.byte0
 633 026c 00        	.byte0
68K GAS   			page 12


 634 026d 00        	.byte0
 635 026e 00        	.byte0
 636 026f 00        	.byte0
 637 0270 00        	.byte0
 638 0271 00        	.byte0
 639 0272 00        	.byte0
 640 0273 00        	.byte0
 641 0274 00        	.byte0
 642 0275 00        	.byte0
 643 0276 00        	.byte0
 644 0277 00        	.byte0
 645 0278 00        	.byte0
 646 0279 00        	.byte0
 647 027a 00        	.byte0
 648 027b 00        	.byte0
 649 027c 00        	.byte0
 650 027d 00        	.byte0
 651 027e 00        	.byte0
 652 027f 00        	.byte0
 653 0280 00        	.byte0
 654 0281 00        	.byte0
 655 0282 00        	.byte0
 656 0283 00        	.byte0
 657 0284 00        	.byte0
 658 0285 00        	.byte0
 659 0286 00        	.byte0
 660 0287 00        	.byte0
 661 0288 00        	.byte0
 662 0289 00        	.byte0
 663 028a 00        	.byte0
 664 028b 00        	.byte0
 665 028c 00        	.byte0
 666 028d 00        	.byte0
 667 028e 00        	.byte0
 668 028f 00        	.byte0
 669 0290 00        	.byte0
 670 0291 00        	.byte0
 671 0292 00        	.byte0
 672 0293 00        	.byte0
 673 0294 00        	.byte0
 674 0295 00        	.byte0
 675 0296 00        	.byte0
 676 0297 00        	.byte0
 677 0298 00        	.byte0
 678 0299 00        	.byte0
 679 029a 00        	.byte0
 680 029b 00        	.byte0
 681 029c 00        	.byte0
 682 029d 00        	.byte0
 683 029e 00        	.byte0
 684 029f 00        	.byte0
 685 02a0 00        	.byte0
 686 02a1 00        	.byte0
 687 02a2 00        	.byte0
 688 02a3 00        	.byte0
 689 02a4 00        	.byte0
 690 02a5 00        	.byte0
68K GAS   			page 13


 691 02a6 00        	.byte0
 692 02a7 00        	.byte0
 693 02a8 00        	.byte0
 694 02a9 00        	.byte0
 695 02aa 00        	.byte0
 696 02ab 00        	.byte0
 697 02ac 00        	.byte0
 698 02ad 00        	.byte0
 699 02ae 00        	.byte0
 700 02af 00        	.byte0
 701 02b0 00        	.byte0
 702 02b1 00        	.byte0
 703 02b2 00        	.byte0
 704 02b3 00        	.byte0
 705 02b4 00        	.byte0
 706 02b5 00        	.byte0
 707 02b6 00        	.byte0
 708 02b7 00        	.byte0
 709 02b8 00        	.byte0
 710 02b9 00        	.byte0
 711 02ba 00        	.byte0
 712 02bb 00        	.byte0
 713 02bc 00        	.byte0
 714 02bd 00        	.byte0
 715 02be 00        	.byte0
 716 02bf 00        	.byte0
 717 02c0 00        	.byte0
 718 02c1 00        	.byte0
 719 02c2 00        	.byte0
 720 02c3 00        	.byte0
 721 02c4 00        	.byte0
 722 02c5 00        	.byte0
 723 02c6 00        	.byte0
 724 02c7 00        	.byte0
 725 02c8 00        	.byte0
 726 02c9 00        	.byte0
 727 02ca 00        	.byte0
 728 02cb 00        	.byte0
 729 02cc 00        	.byte0
 730 02cd 00        	.byte0
 731 02ce 00        	.byte0
 732 02cf 00        	.byte0
 733 02d0 00        	.byte0
 734 02d1 00        	.byte0
 735 02d2 00        	.byte0
 736 02d3 00        	.byte0
 737 02d4 00        	.byte0
 738 02d5 00        	.byte0
 739 02d6 00        	.byte0
 740 02d7 00        	.byte0
 741 02d8 00        	.byte0
 742 02d9 00        	.byte0
 743 02da 00        	.byte0
 744 02db 00        	.byte0
 745 02dc 00        	.byte0
 746 02dd 00        	.byte0
 747 02de 00        	.byte0
68K GAS   			page 14


 748 02df 00        	.byte0
 749 02e0 00        	.byte0
 750 02e1 00        	.byte0
 751 02e2 00        	.byte0
 752 02e3 00        	.byte0
 753 02e4 00        	.byte0
 754 02e5 00        	.byte0
 755 02e6 00        	.byte0
 756 02e7 00        	.byte0
 757 02e8 00        	.byte0
 758 02e9 00        	.byte0
 759 02ea 00        	.byte0
 760 02eb 00        	.byte0
 761 02ec 00        	.byte0
 762 02ed 00        	.byte0
 763 02ee 00        	.byte0
 764 02ef 00        	.byte0
 765 02f0 00        	.byte0
 766 02f1 00        	.byte0
 767 02f2 00        	.byte0
 768 02f3 00        	.byte0
 769 02f4 00        	.byte0
 770 02f5 00        	.byte0
 771 02f6 00        	.byte0
 772 02f7 00        	.byte0
 773 02f8 00        	.byte0
 774 02f9 00        	.byte0
 775 02fa 00        	.byte0
 776 02fb 00        	.byte0
 777 02fc 00        	.byte0
 778 02fd 00        	.byte0
 779 02fe 00        	.byte0
 780 02ff 00        	.byte0
 783               	lowerchars:
 784 0300 00        	.byte0
 785 0301 00        	.byte0
 786 0302 00        	.byte0
 787 0303 00        	.byte0
 788 0304 00        	.byte0
 789 0305 00        	.byte0
 790 0306 00        	.byte0
 791 0307 00        	.byte0
 792 0308 00        	.byte0
 793 0309 00        	.byte0
 794 030a 00        	.byte0
 795 030b 00        	.byte0
 796 030c 7F        	.byte127
 797 030d FF        	.byte-1
 798 030e FF        	.byte-1
 799 030f E0        	.byte-32
 800 0310 00        	.byte0
 801 0311 00        	.byte0
 802 0312 00        	.byte0
 803 0313 00        	.byte0
 804 0314 00        	.byte0
 805 0315 00        	.byte0
 806 0316 00        	.byte0
68K GAS   			page 15


 807 0317 00        	.byte0
 808 0318 00        	.byte0
 809 0319 00        	.byte0
 810 031a 00        	.byte0
 811 031b 00        	.byte0
 812 031c 00        	.byte0
 813 031d 00        	.byte0
 814 031e 00        	.byte0
 815 031f 00        	.byte0
 816 0320 00        	.byte0
 817 0321 00        	.byte0
 818 0322 00        	.byte0
 819 0323 00        	.byte0
 820 0324 00        	.byte0
 821 0325 00        	.byte0
 822 0326 55        	.byte85
 823 0327 55        	.byte85
 824 0328 55        	.byte85
 825 0329 55        	.byte85
 826 032a 55        	.byte85
 827 032b 55        	.byte85
 828 032c 55        	.byte85
 829 032d 55        	.byte85
 830 032e 55        	.byte85
 831 032f 55        	.byte85
 832 0330 00        	.byte0
 833 0331 00        	.byte0
 834 0332 00        	.byte0
 835 0333 00        	.byte0
 836 0334 00        	.byte0
 837 0335 00        	.byte0
 838 0336 00        	.byte0
 839 0337 00        	.byte0
 840 0338 FF        	.byte-1
 841 0339 FF        	.byte-1
 842 033a FF        	.byte-1
 843 033b FF        	.byte-1
 844 033c FE        	.byte-2
 845 033d 00        	.byte0
 846 033e 00        	.byte0
 847 033f 00        	.byte0
 848 0340 00        	.byte0
 849 0341 00        	.byte0
 850 0342 00        	.byte0
 851 0343 00        	.byte0
 852 0344 00        	.byte0
 853 0345 00        	.byte0
 854 0346 00        	.byte0
 855 0347 00        	.byte0
 856 0348 00        	.byte0
 857 0349 00        	.byte0
 858 034a 00        	.byte0
 859 034b 00        	.byte0
 860 034c FF        	.byte-1
 861 034d FF        	.byte-1
 862 034e FF        	.byte-1
 863 034f 00        	.byte0
68K GAS   			page 16


 864 0350 00        	.byte0
 865 0351 00        	.byte0
 866 0352 00        	.byte0
 867 0353 00        	.byte0
 868 0354 00        	.byte0
 869 0355 00        	.byte0
 870 0356 00        	.byte0
 871 0357 00        	.byte0
 872 0358 00        	.byte0
 873 0359 00        	.byte0
 874 035a 00        	.byte0
 875 035b 00        	.byte0
 876 035c FF        	.byte-1
 877 035d FF        	.byte-1
 878 035e FF        	.byte-1
 879 035f F0        	.byte-16
 880 0360 00        	.byte0
 881 0361 00        	.byte0
 882 0362 00        	.byte0
 883 0363 00        	.byte0
 884 0364 00        	.byte0
 885 0365 00        	.byte0
 886 0366 00        	.byte0
 887 0367 00        	.byte0
 888 0368 00        	.byte0
 889 0369 00        	.byte0
 890 036a 00        	.byte0
 891 036b 00        	.byte0
 892 036c 00        	.byte0
 893 036d 00        	.byte0
 894 036e 00        	.byte0
 895 036f 00        	.byte0
 896 0370 00        	.byte0
 897 0371 00        	.byte0
 898 0372 00        	.byte0
 899 0373 00        	.byte0
 900 0374 00        	.byte0
 901 0375 00        	.byte0
 902 0376 00        	.byte0
 903 0377 00        	.byte0
 904 0378 00        	.byte0
 905 0379 00        	.byte0
 906 037a 00        	.byte0
 907 037b 00        	.byte0
 908 037c 00        	.byte0
 909 037d 00        	.byte0
 910 037e 00        	.byte0
 911 037f 00        	.byte0
 912 0380 00        	.byte0
 913 0381 00        	.byte0
 914 0382 00        	.byte0
 915 0383 00        	.byte0
 916 0384 00        	.byte0
 917 0385 00        	.byte0
 918 0386 00        	.byte0
 919 0387 00        	.byte0
 920 0388 00        	.byte0
68K GAS   			page 17


 921 0389 00        	.byte0
 922 038a 00        	.byte0
 923 038b 00        	.byte0
 924 038c 00        	.byte0
 925 038d 00        	.byte0
 926 038e 00        	.byte0
 927 038f 00        	.byte0
 928 0390 00        	.byte0
 929 0391 00        	.byte0
 930 0392 00        	.byte0
 931 0393 00        	.byte0
 932 0394 00        	.byte0
 933 0395 00        	.byte0
 934 0396 00        	.byte0
 935 0397 00        	.byte0
 936 0398 00        	.byte0
 937 0399 00        	.byte0
 938 039a 00        	.byte0
 939 039b 00        	.byte0
 940 039c 00        	.byte0
 941 039d 00        	.byte0
 942 039e 00        	.byte0
 943 039f 00        	.byte0
 944 03a0 00        	.byte0
 945 03a1 00        	.byte0
 946 03a2 00        	.byte0
 947 03a3 00        	.byte0
 948 03a4 00        	.byte0
 949 03a5 00        	.byte0
 950 03a6 00        	.byte0
 951 03a7 00        	.byte0
 952 03a8 00        	.byte0
 953 03a9 00        	.byte0
 954 03aa 00        	.byte0
 955 03ab 00        	.byte0
 956 03ac 00        	.byte0
 957 03ad 00        	.byte0
 958 03ae 00        	.byte0
 959 03af 00        	.byte0
 960 03b0 00        	.byte0
 961 03b1 00        	.byte0
 962 03b2 00        	.byte0
 963 03b3 00        	.byte0
 964 03b4 00        	.byte0
 965 03b5 00        	.byte0
 966 03b6 00        	.byte0
 967 03b7 00        	.byte0
 968 03b8 00        	.byte0
 969 03b9 00        	.byte0
 970 03ba 00        	.byte0
 971 03bb 00        	.byte0
 972 03bc 00        	.byte0
 973 03bd 00        	.byte0
 974 03be 00        	.byte0
 975 03bf 00        	.byte0
 976 03c0 00        	.byte0
 977 03c1 00        	.byte0
68K GAS   			page 18


 978 03c2 00        	.byte0
 979 03c3 00        	.byte0
 980 03c4 00        	.byte0
 981 03c5 00        	.byte0
 982 03c6 00        	.byte0
 983 03c7 00        	.byte0
 984 03c8 00        	.byte0
 985 03c9 00        	.byte0
 986 03ca 00        	.byte0
 987 03cb 00        	.byte0
 988 03cc 00        	.byte0
 989 03cd 00        	.byte0
 990 03ce 00        	.byte0
 991 03cf 00        	.byte0
 992 03d0 00        	.byte0
 993 03d1 00        	.byte0
 994 03d2 00        	.byte0
 995 03d3 00        	.byte0
 996 03d4 00        	.byte0
 997 03d5 00        	.byte0
 998 03d6 00        	.byte0
 999 03d7 00        	.byte0
 1000 03d8 00        	.byte0
 1001 03d9 00        	.byte0
 1002 03da 00        	.byte0
 1003 03db 00        	.byte0
 1004 03dc 00        	.byte0
 1005 03dd 00        	.byte0
 1006 03de 00        	.byte0
 1007 03df 00        	.byte0
 1008 03e0 00        	.byte0
 1009 03e1 00        	.byte0
 1010 03e2 00        	.byte0
 1011 03e3 00        	.byte0
 1012 03e4 00        	.byte0
 1013 03e5 00        	.byte0
 1014 03e6 00        	.byte0
 1015 03e7 00        	.byte0
 1016 03e8 00        	.byte0
 1017 03e9 00        	.byte0
 1018 03ea 00        	.byte0
 1019 03eb 00        	.byte0
 1020 03ec 00        	.byte0
 1021 03ed 00        	.byte0
 1022 03ee 00        	.byte0
 1023 03ef 00        	.byte0
 1024 03f0 00        	.byte0
 1025 03f1 00        	.byte0
 1026 03f2 00        	.byte0
 1027 03f3 00        	.byte0
 1028 03f4 00        	.byte0
 1029 03f5 00        	.byte0
 1030 03f6 00        	.byte0
 1031 03f7 00        	.byte0
 1032 03f8 00        	.byte0
 1033 03f9 00        	.byte0
 1034 03fa 00        	.byte0
68K GAS   			page 19


 1035 03fb 00        	.byte0
 1036 03fc 00        	.byte0
 1037 03fd 00        	.byte0
 1038 03fe 00        	.byte0
 1039 03ff 00        	.byte0
 1040               	.text
 1041               	.align2
 1042               	.globlisspace
 1044               	isspace:
 1045 0000 4E56 FFF8 	link.w %fp,#-8
 1046 0004 2F02      	move.l %d2,-(%sp)
 1047 0006 02AE 0000 	and.l #2047,8(%fp)
 1047      07FF 0008 
 1048 000e 202E 0008 	move.l 8(%fp),%d0
 1049 0012 E680      	asr.l #3,%d0
 1050 0014 2D40 FFFC 	move.l %d0,-4(%fp)
 1051 0018 7007      	moveq #7,%d0
 1052 001a C0AE 0008 	and.l 8(%fp),%d0
 1053 001e 727F      	moveq #127,%d1
 1054 0020 4601      	not.b %d1
 1055 0022 2401      	move.l %d1,%d2
 1056 0024 E0A2      	asr.l %d0,%d2
 1057 0026 2002      	move.l %d2,%d0
 1058 0028 2D40 FFF8 	move.l %d0,-8(%fp)
 1059 002c 202E FFFC 	move.l -4(%fp),%d0
 1060 0030 0680 0000 	add.l #spacechars,%d0
 1060      0000 
 1061 0036 2040      	move.l %d0,%a0
 1062 0038 1010      	move.b (%a0),%d0
 1063 003a 1000      	move.b %d0,%d0
 1064 003c 0280 0000 	and.l #255,%d0
 1064      00FF 
 1065 0042 C0AE FFF8 	and.l -8(%fp),%d0
 1066 0046 4A80      	tst.l %d0
 1067 0048 56C0      	sne %d0
 1068 004a 49C0      	extb.l %d0
 1069 004c 4480      	neg.l %d0
 1070 004e 241F      	move.l (%sp)+,%d2
 1071 0050 4E5E      	unlk %fp
 1072 0052 4E75      	rts
 1074               	.align2
 1075               	.globlisalpha
 1077               	isalpha:
 1078 0054 4E56 FFF8 	link.w %fp,#-8
 1079 0058 2F02      	move.l %d2,-(%sp)
 1080 005a 02AE 0000 	and.l #2047,8(%fp)
 1080      07FF 0008 
 1081 0062 202E 0008 	move.l 8(%fp),%d0
 1082 0066 E680      	asr.l #3,%d0
 1083 0068 2D40 FFFC 	move.l %d0,-4(%fp)
 1084 006c 7007      	moveq #7,%d0
 1085 006e C0AE 0008 	and.l 8(%fp),%d0
 1086 0072 727F      	moveq #127,%d1
 1087 0074 4601      	not.b %d1
 1088 0076 2401      	move.l %d1,%d2
 1089 0078 E0A2      	asr.l %d0,%d2
 1090 007a 2002      	move.l %d2,%d0
68K GAS   			page 20


 1091 007c 2D40 FFF8 	move.l %d0,-8(%fp)
 1092 0080 202E FFFC 	move.l -4(%fp),%d0
 1093 0084 0680 0000 	add.l #alchars,%d0
 1093      0000 
 1094 008a 2040      	move.l %d0,%a0
 1095 008c 1010      	move.b (%a0),%d0
 1096 008e 1000      	move.b %d0,%d0
 1097 0090 0280 0000 	and.l #255,%d0
 1097      00FF 
 1098 0096 C0AE FFF8 	and.l -8(%fp),%d0
 1099 009a 4A80      	tst.l %d0
 1100 009c 56C0      	sne %d0
 1101 009e 49C0      	extb.l %d0
 1102 00a0 4480      	neg.l %d0
 1103 00a2 241F      	move.l (%sp)+,%d2
 1104 00a4 4E5E      	unlk %fp
 1105 00a6 4E75      	rts
 1107               	.align2
 1108               	.globlispunct
 1110               	ispunct:
 1111 00a8 4E56 FFF8 	link.w %fp,#-8
 1112 00ac 2F02      	move.l %d2,-(%sp)
 1113 00ae 02AE 0000 	and.l #2047,8(%fp)
 1113      07FF 0008 
 1114 00b6 202E 0008 	move.l 8(%fp),%d0
 1115 00ba E680      	asr.l #3,%d0
 1116 00bc 2D40 FFFC 	move.l %d0,-4(%fp)
 1117 00c0 7007      	moveq #7,%d0
 1118 00c2 C0AE 0008 	and.l 8(%fp),%d0
 1119 00c6 727F      	moveq #127,%d1
 1120 00c8 4601      	not.b %d1
 1121 00ca 2401      	move.l %d1,%d2
 1122 00cc E0A2      	asr.l %d0,%d2
 1123 00ce 2002      	move.l %d2,%d0
 1124 00d0 2D40 FFF8 	move.l %d0,-8(%fp)
 1125 00d4 202E FFFC 	move.l -4(%fp),%d0
 1126 00d8 0680 0000 	add.l #punctchars,%d0
 1126      0000 
 1127 00de 2040      	move.l %d0,%a0
 1128 00e0 1010      	move.b (%a0),%d0
 1129 00e2 1000      	move.b %d0,%d0
 1130 00e4 0280 0000 	and.l #255,%d0
 1130      00FF 
 1131 00ea C0AE FFF8 	and.l -8(%fp),%d0
 1132 00ee 4A80      	tst.l %d0
 1133 00f0 56C0      	sne %d0
 1134 00f2 49C0      	extb.l %d0
 1135 00f4 4480      	neg.l %d0
 1136 00f6 241F      	move.l (%sp)+,%d2
 1137 00f8 4E5E      	unlk %fp
 1138 00fa 4E75      	rts
 1140               	.align2
 1141               	.globlislower
 1143               	islower:
 1144 00fc 4E56 FFF8 	link.w %fp,#-8
 1145 0100 2F02      	move.l %d2,-(%sp)
 1146 0102 02AE 0000 	and.l #2047,8(%fp)
68K GAS   			page 21


 1146      07FF 0008 
 1147 010a 202E 0008 	move.l 8(%fp),%d0
 1148 010e E680      	asr.l #3,%d0
 1149 0110 2D40 FFFC 	move.l %d0,-4(%fp)
 1150 0114 7007      	moveq #7,%d0
 1151 0116 C0AE 0008 	and.l 8(%fp),%d0
 1152 011a 727F      	moveq #127,%d1
 1153 011c 4601      	not.b %d1
 1154 011e 2401      	move.l %d1,%d2
 1155 0120 E0A2      	asr.l %d0,%d2
 1156 0122 2002      	move.l %d2,%d0
 1157 0124 2D40 FFF8 	move.l %d0,-8(%fp)
 1158 0128 202E FFFC 	move.l -4(%fp),%d0
 1159 012c 0680 0000 	add.l #lowerchars,%d0
 1159      0000 
 1160 0132 2040      	move.l %d0,%a0
 1161 0134 1010      	move.b (%a0),%d0
 1162 0136 1000      	move.b %d0,%d0
 1163 0138 0280 0000 	and.l #255,%d0
 1163      00FF 
 1164 013e C0AE FFF8 	and.l -8(%fp),%d0
 1165 0142 4A80      	tst.l %d0
 1166 0144 56C0      	sne %d0
 1167 0146 49C0      	extb.l %d0
 1168 0148 4480      	neg.l %d0
 1169 014a 241F      	move.l (%sp)+,%d2
 1170 014c 4E5E      	unlk %fp
 1171 014e 4E75      	rts
 1173               	.align2
 1174               	.globlisupper
 1176               	isupper:
 1177 0150 4E56 0000 	link.w %fp,#0
 1178 0154 2F2E 0008 	move.l 8(%fp),-(%sp)
 1179 0158 4EBA FEFA 	jsr isalpha
 1180 015c 588F      	addq.l #4,%sp
 1181 015e 4A80      	tst.l %d0
 1182 0160 6712      	jeq .L6
 1183 0162 2F2E 0008 	move.l 8(%fp),-(%sp)
 1184 0166 4EBA FF94 	jsr islower
 1185 016a 588F      	addq.l #4,%sp
 1186 016c 4A80      	tst.l %d0
 1187 016e 6604      	jne .L6
 1188 0170 7001      	moveq #1,%d0
 1189 0172 6002      	jra .L7
 1190               	.L6:
 1191 0174 4280      	clr.l %d0
 1192               	.L7:
 1193 0176 4E5E      	unlk %fp
 1194 0178 4E75      	rts
 1196               	.align2
 1197               	.globlisprint
 1199               	isprint:
 1200 017a 4E56 0000 	link.w %fp,#0
 1201 017e 7001      	moveq #1,%d0
 1202 0180 4E5E      	unlk %fp
 1203 0182 4E75      	rts
 1205               	.align2
68K GAS   			page 22


 1206               	.globlisalnum
 1208               	isalnum:
 1209 0184 4E56 FFF8 	link.w %fp,#-8
 1210 0188 2F02      	move.l %d2,-(%sp)
 1211 018a 02AE 0000 	and.l #2047,8(%fp)
 1211      07FF 0008 
 1212 0192 202E 0008 	move.l 8(%fp),%d0
 1213 0196 E680      	asr.l #3,%d0
 1214 0198 2D40 FFFC 	move.l %d0,-4(%fp)
 1215 019c 7007      	moveq #7,%d0
 1216 019e C0AE 0008 	and.l 8(%fp),%d0
 1217 01a2 727F      	moveq #127,%d1
 1218 01a4 4601      	not.b %d1
 1219 01a6 2401      	move.l %d1,%d2
 1220 01a8 E0A2      	asr.l %d0,%d2
 1221 01aa 2002      	move.l %d2,%d0
 1222 01ac 2D40 FFF8 	move.l %d0,-8(%fp)
 1223 01b0 202E FFFC 	move.l -4(%fp),%d0
 1224 01b4 0680 0000 	add.l #alchars,%d0
 1224      0000 
 1225 01ba 2040      	move.l %d0,%a0
 1226 01bc 1010      	move.b (%a0),%d0
 1227 01be 1000      	move.b %d0,%d0
 1228 01c0 0280 0000 	and.l #255,%d0
 1228      00FF 
 1229 01c6 C0AE FFF8 	and.l -8(%fp),%d0
 1230 01ca 4A80      	tst.l %d0
 1231 01cc 6704      	jeq .L10
 1232 01ce 7001      	moveq #1,%d0
 1233 01d0 6016      	jra .L11
 1234               	.L10:
 1235 01d2 702F      	moveq #47,%d0
 1236 01d4 B0AE 0008 	cmp.l 8(%fp),%d0
 1237 01d8 6C0C      	jge .L12
 1238 01da 7439      	moveq #57,%d2
 1239 01dc B4AE 0008 	cmp.l 8(%fp),%d2
 1240 01e0 6D04      	jlt .L12
 1241 01e2 7001      	moveq #1,%d0
 1242 01e4 6002      	jra .L13
 1243               	.L12:
 1244 01e6 4280      	clr.l %d0
 1245               	.L13:
 1246               	.L11:
 1247 01e8 241F      	move.l (%sp)+,%d2
 1248 01ea 4E5E      	unlk %fp
 1249 01ec 4E75      	rts
 1251               	.align2
 1252               	.globlisgraph
 1254               	isgraph:
 1255 01ee 4E56 0000 	link.w %fp,#0
 1256 01f2 2F2E 0008 	move.l 8(%fp),-(%sp)
 1257 01f6 4EBA FF8C 	jsr isalnum
 1258 01fa 588F      	addq.l #4,%sp
 1259 01fc 4A80      	tst.l %d0
 1260 01fe 661C      	jne .L15
 1261 0200 2F2E 0008 	move.l 8(%fp),-(%sp)
 1262 0204 4EBA 0046 	jsr isxdigit
68K GAS   			page 23


 1263 0208 588F      	addq.l #4,%sp
 1264 020a 4A80      	tst.l %d0
 1265 020c 660E      	jne .L15
 1266 020e 2F2E 0008 	move.l 8(%fp),-(%sp)
 1267 0212 4EBA FE94 	jsr ispunct
 1268 0216 588F      	addq.l #4,%sp
 1269 0218 4A80      	tst.l %d0
 1270 021a 6704      	jeq .L16
 1271               	.L15:
 1272 021c 7001      	moveq #1,%d0
 1273 021e 6002      	jra .L17
 1274               	.L16:
 1275 0220 4280      	clr.l %d0
 1276               	.L17:
 1277 0222 4E5E      	unlk %fp
 1278 0224 4E75      	rts
 1280               	.align2
 1281               	.globlisdigit
 1283               	isdigit:
 1284 0226 4E56 0000 	link.w %fp,#0
 1285 022a 02AE 0000 	and.l #2047,8(%fp)
 1285      07FF 0008 
 1286 0232 702F      	moveq #47,%d0
 1287 0234 B0AE 0008 	cmp.l 8(%fp),%d0
 1288 0238 6C0C      	jge .L19
 1289 023a 7039      	moveq #57,%d0
 1290 023c B0AE 0008 	cmp.l 8(%fp),%d0
 1291 0240 6D04      	jlt .L19
 1292 0242 7001      	moveq #1,%d0
 1293 0244 6002      	jra .L20
 1294               	.L19:
 1295 0246 4280      	clr.l %d0
 1296               	.L20:
 1297 0248 4E5E      	unlk %fp
 1298 024a 4E75      	rts
 1300               	.align2
 1301               	.globlisxdigit
 1303               	isxdigit:
 1304 024c 4E56 0000 	link.w %fp,#0
 1305 0250 02AE 0000 	and.l #2047,8(%fp)
 1305      07FF 0008 
 1306 0258 2F2E 0008 	move.l 8(%fp),-(%sp)
 1307 025c 4EBA FFC8 	jsr isdigit
 1308 0260 588F      	addq.l #4,%sp
 1309 0262 4A80      	tst.l %d0
 1310 0264 6620      	jne .L22
 1311 0266 7060      	moveq #96,%d0
 1312 0268 B0AE 0008 	cmp.l 8(%fp),%d0
 1313 026c 6C08      	jge .L23
 1314 026e 7066      	moveq #102,%d0
 1315 0270 B0AE 0008 	cmp.l 8(%fp),%d0
 1316 0274 6C10      	jge .L22
 1317               	.L23:
 1318 0276 7040      	moveq #64,%d0
 1319 0278 B0AE 0008 	cmp.l 8(%fp),%d0
 1320 027c 6C0C      	jge .L24
 1321 027e 7046      	moveq #70,%d0
68K GAS   			page 24


 1322 0280 B0AE 0008 	cmp.l 8(%fp),%d0
 1323 0284 6D04      	jlt .L24
 1324               	.L22:
 1325 0286 7001      	moveq #1,%d0
 1326 0288 6002      	jra .L25
 1327               	.L24:
 1328 028a 4280      	clr.l %d0
 1329               	.L25:
 1330 028c 4E5E      	unlk %fp
 1331 028e 4E75      	rts
 1333               	.align2
 1334               	.globlisascii
 1336               	isascii:
 1337 0290 4E56 0000 	link.w %fp,#0
 1338 0294 02AE 0000 	and.l #2047,8(%fp)
 1338      07FF 0008 
 1339 029c 707F      	moveq #127,%d0
 1340 029e B0AE 0008 	cmp.l 8(%fp),%d0
 1341 02a2 5CC0      	sge %d0
 1342 02a4 49C0      	extb.l %d0
 1343 02a6 4480      	neg.l %d0
 1344 02a8 4E5E      	unlk %fp
 1345 02aa 4E75      	rts
 1347               	.align2
 1348               	.globliscntrl
 1350               	iscntrl:
 1351 02ac 4E56 0000 	link.w %fp,#0
 1352 02b0 02AE 0000 	and.l #2047,8(%fp)
 1352      07FF 0008 
 1353 02b8 707F      	moveq #127,%d0
 1354 02ba C0AE 0008 	and.l 8(%fp),%d0
 1355 02be 721F      	moveq #31,%d1
 1356 02c0 B280      	cmp.l %d0,%d1
 1357 02c2 5CC0      	sge %d0
 1358 02c4 49C0      	extb.l %d0
 1359 02c6 4480      	neg.l %d0
 1360 02c8 4E5E      	unlk %fp
 1361 02ca 4E75      	rts
 1363               	.align2
 1364               	.globl_ltolower
 1366               	_ltolower:
 1367 02cc 4E56 0000 	link.w %fp,#0
 1368 02d0 2F2E 0008 	move.l 8(%fp),-(%sp)
 1369 02d4 4EBA FE7A 	jsr isupper
 1370 02d8 588F      	addq.l #4,%sp
 1371 02da 4A80      	tst.l %d0
 1372 02dc 6708      	jeq .L29
 1373 02de 7020      	moveq #32,%d0
 1374 02e0 D0AE 0008 	add.l 8(%fp),%d0
 1375 02e4 6004      	jra .L30
 1376               	.L29:
 1377 02e6 202E 0008 	move.l 8(%fp),%d0
 1378               	.L30:
 1379 02ea 4E5E      	unlk %fp
 1380 02ec 4E75      	rts
 1382               	.align2
 1383               	.globl_ltoupper
68K GAS   			page 25


 1385               	_ltoupper:
 1386 02ee 4E56 0000 	link.w %fp,#0
 1387 02f2 2F2E 0008 	move.l 8(%fp),-(%sp)
 1388 02f6 4EBA FE04 	jsr islower
 1389 02fa 588F      	addq.l #4,%sp
 1390 02fc 4A80      	tst.l %d0
 1391 02fe 6708      	jeq .L32
 1392 0300 70E0      	moveq #-32,%d0
 1393 0302 D0AE 0008 	add.l 8(%fp),%d0
 1394 0306 6004      	jra .L33
 1395               	.L32:
 1396 0308 202E 0008 	move.l 8(%fp),%d0
 1397               	.L33:
 1398 030c 4E5E      	unlk %fp
 1399 030e 4E75      	rts
 1401               	.ident"GCC: (GNU) 4.5.1"
 1402               	.section.note.GNU-stack,"",@progbits
68K GAS   			page 26


DEFINED SYMBOLS
                            *ABS*:00000000 phictype.c
    {standard input}:6      .data:00000000 alchars
    {standard input}:265    .data:00000100 spacechars
    {standard input}:524    .data:00000200 punctchars
    {standard input}:783    .data:00000300 lowerchars
    {standard input}:1044   .text:00000000 isspace
    {standard input}:1077   .text:00000054 isalpha
    {standard input}:1110   .text:000000a8 ispunct
    {standard input}:1143   .text:000000fc islower
    {standard input}:1176   .text:00000150 isupper
    {standard input}:1199   .text:0000017a isprint
    {standard input}:1208   .text:00000184 isalnum
    {standard input}:1254   .text:000001ee isgraph
    {standard input}:1303   .text:0000024c isxdigit
    {standard input}:1283   .text:00000226 isdigit
    {standard input}:1336   .text:00000290 isascii
    {standard input}:1350   .text:000002ac iscntrl
    {standard input}:1366   .text:000002cc _ltolower
    {standard input}:1385   .text:000002ee _ltoupper

NO UNDEFINED SYMBOLS
