68K GAS   			page 1


   1               	
   2               	.file"calloc.c"
   3               	.text
   4               	.align2
   5               	.globlcalloc
   7               	calloc:
   8 0000 4E56 FFF8 	link.w %fp,#-8
   9 0004 202E 0008 	move.l 8(%fp),%d0
  10 0008 4C2E 0800 	muls.l 12(%fp),%d0
  10      000C 
  11 000e 2D40 FFFC 	move.l %d0,-4(%fp)
  12 0012 2F2E FFFC 	move.l -4(%fp),-(%sp)
  13 0016 4EB9 0000 	jsr malloc
  13      0000 
  14 001c 588F      	addq.l #4,%sp
  15 001e 2D48 FFF8 	move.l %a0,-8(%fp)
  16 0022 4AAE FFF8 	tst.l -8(%fp)
  17 0026 6714      	jeq .L2
  18 0028 2F2E FFFC 	move.l -4(%fp),-(%sp)
  19 002c 42A7      	clr.l -(%sp)
  20 002e 2F2E FFF8 	move.l -8(%fp),-(%sp)
  21 0032 4EB9 0000 	jsr memset
  21      0000 
  22 0038 4FEF 000C 	lea (12,%sp),%sp
  23               	.L2:
  24 003c 202E FFF8 	move.l -8(%fp),%d0
  25 0040 2200      	move.l %d0,%d1
  26 0042 2041      	move.l %d1,%a0
  27 0044 4E5E      	unlk %fp
  28 0046 4E75      	rts
  30               	.ident"GCC: (GNU) 4.5.1"
  31               	.section.note.GNU-stack,"",@progbits
68K GAS   			page 2


DEFINED SYMBOLS
                            *ABS*:00000000 calloc.c
    {standard input}:7      .text:00000000 calloc

UNDEFINED SYMBOLS
malloc
memset
