68K GAS   			page 1


   1               	
   2               	.file"malloc.c"
   3               	.globl_allocbloc
   4               	.section.bss
   5               	.align2
   8               	_allocbloc:
   9 0000 0000 0000 	.zero4
  10               	.globl_allocflag
  11               	.align2
  14               	_allocflag:
  15 0004 0000 0000 	.zero4
  16               	.text
  17               	.align2
  18               	.globlmalloc
  20               	malloc:
  21 0000 4E56 0000 	link.w %fp,#0
  22 0004 2F2E 0008 	move.l 8(%fp),-(%sp)
  23 0008 4EB9 0000 	jsr _ll_malloc
  23      0000 
  24 000e 588F      	addq.l #4,%sp
  25 0010 2008      	move.l %a0,%d0
  26 0012 2200      	move.l %d0,%d1
  27 0014 2041      	move.l %d1,%a0
  28 0016 4E5E      	unlk %fp
  29 0018 4E75      	rts
  31               	.ident"GCC: (GNU) 4.5.1"
  32               	.section.note.GNU-stack,"",@progbits
68K GAS   			page 2


DEFINED SYMBOLS
                            *ABS*:00000000 malloc.c
    {standard input}:8      .bss:00000000 _allocbloc
    {standard input}:14     .bss:00000004 _allocflag
    {standard input}:20     .text:00000000 malloc

UNDEFINED SYMBOLS
_ll_malloc
