68K GAS   			page 1


   1               		.text
   0               	
   0               	
   2               		.global atan
   3               		
   4               	/*	double atan(double t)
   5               	*
   6               	*	Rückgabe: arcus-tangens in %fp0, falls FPU
   7               	*
   8               	*/
   9               	
  10               	atan:
  11               	
  12 0000 F22F 540A 	      	fatan.d	4(%sp),%FP0
  12      0004 
  13               	
  14 0006 4E75      		rts		
68K GAS   			page 2


DEFINED SYMBOLS
              atan.S:10     .text:00000000 atan

NO UNDEFINED SYMBOLS
