68K GAS   			page 1


   1               		.text
   0               	
   0               	
   2               		.global cos
   3               	
   4               	/*	double cos(double t)
   5               	*
   6               	*	Rückgabe: cosinus in %fp0, falls FPU
   7               	*
   8               	*/
   9               	cos:
  10               	
  11               	
  12               	      	//fcos.d	-8(%fp),%FP0   // uses local variable,i.e. link
  13 0000 F22F 541D 		fcos.d 4(%sp),%fp0 // ohne link !
  13      0004 
  14 0006 4E75      		rts		
68K GAS   			page 2


DEFINED SYMBOLS
               cos.S:9      .text:00000000 cos

NO UNDEFINED SYMBOLS
