68K GAS   			page 1


   1               		.text
   0               	
   0               	
   2               		.global cosh
   3               	
   4               	/*	double cosh(double t)
   5               	*
   6               	*	Rückgabe: cosh in %fp0, falls FPU
   7               	*
   8               	*/
   9               	
  10               	cosh:
  11 0000 F22F 5419 	      	fcosh.d	4(%sp),%FP0
  11      0004 
  12 0006 4E75      		rts	
68K GAS   			page 2


DEFINED SYMBOLS
              cosh.S:10     .text:00000000 cosh

NO UNDEFINED SYMBOLS
