68K GAS   			page 1


   1               		.text
   0               	
   0               	
   2               		.global fabs
   3               	
   4               	/*	double fabs(double t)
   5               	*
   6               	*	Rückgabe: |t| in %fp0, falls FPU
   7               	*
   8               	*/
   9               	
  10               	
  11               	fabs:
  12               	
  13 0000 F22F 5418 	      	fabs.d	4(%sp),%FP0
  13      0004 
  14               	
  15 0006 4E75      		rts		
68K GAS   			page 2


DEFINED SYMBOLS
              fabs.S:11     .text:00000000 fabs

NO UNDEFINED SYMBOLS
