68K GAS   			page 1


   1               		.text
   0               	
   0               	
   2               	
   3               		.global fmod
   4               	
   5               	/*	double fmod(double __x, double __y)
   6               	*
   7               	*	Returns the floating-point remainder of __x/__y (rounded towards zero):
   8               	*	fmod = numer - tquot * denom
   9               	*
  10               	*	Where tquot is the truncated (i.e., rounded towards zero) result of: numer/denom
  11               	*
  12               	*/
  13               	
  14               	fmod:
  15 0000 41EF 0004 		lea.l	(4,%A7),%A0	/* get pointer to parameters */	
  16               		
  17               	
  18 0004 F210 5400 	      	fmove.d	(%a0),%FP0		// __x-> fp0
  19 0008 F228 5421 		fmod.d	(8,%a0),%fp0		// remainder of (fp0 / __y) -> fp0
  19      0008 
  20               	
  21               		
  22 000e 4E75      		rts	
68K GAS   			page 2


DEFINED SYMBOLS
              fmod.S:14     .text:00000000 fmod

NO UNDEFINED SYMBOLS
