68K GAS   			page 1


   1               		.text
   0               	
   0               	
   2               	
   3               		.global log10
   4               	
   5               	/*	double log10(double t)
   6               	*
   7               	*	Compute common logarithm
   8               	*	Returns the common (base-10) logarithm of x.
   9               	*
  10               	*
  11               	*/
  12               	
  13               	log10:
  14               		
  15 0000 F22F 5415 	      	flog10.d	4(%sp),%FP0
  15      0004 
  16               	
  17 0006 4E75      		rts	
68K GAS   			page 2


DEFINED SYMBOLS
             log10.S:13     .text:00000000 log10

NO UNDEFINED SYMBOLS
