68K GAS   			page 1


   1               		.text
   0               	
   0               	
   2               	
   3               		.global modf 
   4               	/*
   5               	
   6               		double modf (double x, double* intpart);
   7               	
   8               		Break into fractional and integral parts
   9               		Breaks x into an integral and a fractional part.
  10               	
  11               		The integer part is stored in the object pointed by intpart, and the fractional part is returned b
  12               	
  13               		Both parts have the same sign as x.
  14               	
  15               	*/
  16               	
  17               	modf:
  18 0000 41EF 0004 		lea.l	(4,%A7),%A0	/* get pointer to parameters */
  19               	
  20               	
  21 0004 F210 5483 		FINTRZ.d	(%a0),%FP1
  22 0008 F210 5400 		fmove.d		(%a0),%FP0
  23 000c F200 0428 		fsub.x		%FP1,%FP0
  24 0010 2068 0008 		move.l		(8,%a0),%a0
  25 0014 F210 7480 		fmove.d		%fp1,(%a0)
  26               	
  27 0018 4E75      		rts
68K GAS   			page 2


DEFINED SYMBOLS
              modf.S:17     .text:00000000 modf

NO UNDEFINED SYMBOLS
