68K GAS   			page 1


   1               		.text
   0               	
   0               	
   2               	
   3               		.global sin
   4               	
   5               	/*	double sin(double t)
   6               	*
   7               	*	Compute sine
   8               		Returns the sine of an angle of x radians.
   9               	*
  10               	*
  11               	*/
  12               	
  13               	sin:
  14               	
  15               	
  16 0000 F22F 540E 	      	fsin.d	4(%sp),%FP0
  16      0004 
  17 0006 4E75      		rts	
68K GAS   			page 2


DEFINED SYMBOLS
               sin.S:13     .text:00000000 sin

NO UNDEFINED SYMBOLS
