68K GAS   			page 1


   1               		.text
   0               	
   0               	
   2               	
   3               		.global sinh
   4               	
   5               	/*	double sinh(double t)
   6               	*
   7               	*	Compute hyperbolic sine
   8               		Returns the hyperbolic sine of x radians.
   9               	*
  10               	*
  11               	*/
  12               	
  13               	sinh:
  14               	
  15 0000 F22F 5402 	      	fsinh.d	4(%sp),%FP0
  15      0004 
  16               	
  17 0006 4E75      		rts	
68K GAS   			page 2


DEFINED SYMBOLS
              sinh.S:13     .text:00000000 sinh

NO UNDEFINED SYMBOLS
