68K GAS   			page 1


   1               		.text
   0               	
   0               	
   2               	
   3               		.global sqrt
   4               	
   5               	/*	double sqrt(double t)
   6               	*
   7               	*	Rückgabe: sqrt in %fp0, falls FPU
   8               	*
   9               	*/
  10               	
  11               	sqrt:
  12               	
  13 0000 F22F 5404 	      	fsqrt.d	4(%sp),%FP0
  13      0004 
  14               	
  15 0006 4E75      		rts	
68K GAS   			page 2


DEFINED SYMBOLS
              sqrt.S:11     .text:00000000 sqrt

NO UNDEFINED SYMBOLS
