68K GAS   			page 1


   1               		.text
   0               	
   0               	
   2               	
   3               		.global tanh
   4               	
   5               	/*	double tanh(double t)
   6               	*
   7               	*	Rückgabe: tanh in %fp0, falls FPU
   8               	*
   9               	*/
  10               	
  11               	tanh:
  12               		
  13 0000 F22F 5409 	      	ftanh.d	4(%sp),%FP0
  13      0004 
  14               	
  15 0006 4E75      		rts		
68K GAS   			page 2


DEFINED SYMBOLS
              tanh.S:11     .text:00000000 tanh

NO UNDEFINED SYMBOLS
