68K GAS   			page 1


   1               		.text
   0               	
   0               	
   2               		.global memcpy
   3               		
   4               	/*
   5               		void *memcpy(void *dest, const void *src, size_t n)
   6               	*/		
   7               	
   8               	memcpy:
   9 0000 222F 000C 		move.l	(12,%a7),%d1	/* count	*/
  10 0004 226F 0008 		move.l	(8,%a7),%a1		/* src		*/
  11 0008 206F 0004 		move.l	(4,%a7),%a0		/* dest		*/
  12 000c 2008      		move.l	%a0,%d0			/* dest		*/
  13               	lp:
  14 000e 10D9      		move.b	(%a1)+,(%a0)+
  15 0010 5341      		subq	#1,%d1
  16 0012 6600 FFFA 		bne	lp
  17 0016 2040      		move.l %d0,%a0          /* pointer must be returen in %a0 in gcc */
  18 0018 4E75      		rts
68K GAS   			page 2


DEFINED SYMBOLS
            memcpy.S:8      .text:00000000 memcpy
            memcpy.S:13     .text:0000000e lp

NO UNDEFINED SYMBOLS
