68K GAS   			page 1


   1               		.text
   0               	
   0               	
   2               	
   3               		.global memset
   4               		
   5               	/*
   6               		void *memset(void *str, int c, size_t n)
   7               	*/		
   8               	
   9               	memset:
  10 0000 222F 000C 		move.l	(12,%a7),%d1	/* count	*/
  11 0004 242F 0008 		move.l	(8,%a7),%d2	/* int		*/
  12 0008 206F 0004 		move.l	(4,%a7),%a0	/* dest		*/
  13 000c 2008      		move.l	%a0,%d0		/* dest		*/
  14               	lp:
  15 000e 10C2      		move.b	%d2,(%a0)+
  16 0010 5341      		subq	#1,%d1
  17 0012 6600 FFFA 		bne	lp
  18 0016 2040      		move.l	%d0,%a0
  19 0018 4E75      		rts
68K GAS   			page 2


DEFINED SYMBOLS
            memset.S:9      .text:00000000 memset
            memset.S:14     .text:0000000e lp

NO UNDEFINED SYMBOLS
