68K GAS   			page 1


   1               		.text
   0               	
   0               	
   2               		.global strcpy
   3               		
   4               	/*
   5               		char strcpy(char *s1, const char *s2)	
   6               	*/	
   7               	
   8               	strcpy:
   9 0000 226F 0008 		move.l	(8,%a7),%a1	/* src	*/
  10 0004 206F 0004 		move.l	(4,%A7),%a0	/* dest	*/
  11 0008 2008      		move.l	%a0,%d0		/* dest	*/
  12               	lp:
  13 000a 10D9      		move.b	(%a1)+,(%a0)+
  14 000c 66FC      		bne.b	lp
  15 000e 2040      		move.l	%d0,%a0
  16 0010 4E75      		rts
68K GAS   			page 2


DEFINED SYMBOLS
            strcpy.S:8      .text:00000000 strcpy
            strcpy.S:12     .text:0000000a lp

NO UNDEFINED SYMBOLS
