68K GAS   			page 1


   1               		.text
   0               	
   0               	
   2               		.global strcat
   3               		
   4               	/*
   5               		char *strcat(char *dest, const char *src)
   6               	*/		
   7               	
   8               	strcat:
   9 0000 226F 0008 		move.l 	(8,%a7),%a1	/* source	*/
  10 0004 206F 0004 		move.l	(4,%a7),%a0	/* dest		*/
  11 0008 2008      		move.l	%a0,%d0		/* ret vall	*/
  12               	lp1:
  13 000a 4A18      		tst.b	(%a0)+
  14 000c 6600 FFFC 		bne	lp1
  15 0010 5348      		subq	#1,%a0
  16               	lp2:
  17 0012 10D9      		move.b	(%a1)+,(%a0)+
  18 0014 6600 FFFC 		bne	lp2
  19 0018 3040      		move %d0,%a0
  20 001a 4E75      		rts
68K GAS   			page 2


DEFINED SYMBOLS
            strcat.S:8      .text:00000000 strcat
            strcat.S:12     .text:0000000a lp1
            strcat.S:16     .text:00000012 lp2

NO UNDEFINED SYMBOLS
