68K GAS   			page 1


   1               	
   2               	.file"strerr.c"
   3               	.section.rodata
   4               	.LC0:
   5 0000 7374 7265 	.string"strerror function not implemented"
   5      7272 6F72 
   5      2066 756E 
   5      6374 696F 
   5      6E20 6E6F 
   6               	.text
   7               	.align2
   8               	.globlstrerror
  10               	strerror:
  11 0000 4E56 0000 	link.w %fp,#0
  12 0004 203C 0000 	move.l #.LC0,%d0
  12      0000 
  13 000a 2200      	move.l %d0,%d1
  14 000c 2041      	move.l %d1,%a0
  15 000e 4E5E      	unlk %fp
  16 0010 4E75      	rts
  18               	.ident"GCC: (GNU) 4.5.1"
  19               	.section.note.GNU-stack,"",@progbits
68K GAS   			page 2


DEFINED SYMBOLS
                            *ABS*:00000000 strerr.c
    {standard input}:10     .text:00000000 strerror

NO UNDEFINED SYMBOLS
