68K GAS   			page 1


   1               		.text
   0               	
   0               	
   2               		.global strlen
   3               	/*
   4               		size_t strlen ( const char * str )
   5               	*/		
   6               	
   7               	strlen:
   8 0000 206F 0004 		move.l (4,%A7),%a0	/* string	*/
   9 0004 4280      		clr.l	%d0
  10               	lp:
  11 0006 5280      		addq.l	#1,%d0
  12 0008 4A18      		tst.b	(%a0)+
  13 000a 66FA      		bne.b	lp
  14 000c 5380      		subq.l	#1,%d0
  15 000e 4E75      		rts
68K GAS   			page 2


DEFINED SYMBOLS
            strlen.S:7      .text:00000000 strlen
            strlen.S:10     .text:00000006 lp

NO UNDEFINED SYMBOLS
