68K GAS   			page 1


   1               		.text
   0               	
   0               	
   2               		.global strpbrk
   3               	
   4               	/*
   5               		char * strpbrk (       char * str1, const char * str2 )
   6               	*/
   7               	strpbrk:
   8 0000 41EF 0004 		lea	(4,%A7),%A0
   9 0004 2F0A      		move.l	%a2,-(%sp)
  10 0006 2268 0004 		move.l	(4,%a0),%a1	/* string2	*/
  11 000a 2450      		move.l	(%a0),%a2	/* string1	*/
  12 000c 4280      		clr.l	%d0
  13               	lp:
  14 000e 4A12      		tst.b	(%a2)
  15 0010 6710      		beq.b	out
  16 0012 121A      		move.b	(%a2)+,%d1
  17 0014 2049      		move.l	%a1,%a0
  18               	lp1:
  19 0016 4A10      		tst.b	(%a0)
  20 0018 67F4      		beq.b	lp
  21 001a B218      		cmp.b	(%a0)+,%d1
  22 001c 66F8      		bne.b	lp1
  23 001e 200A      		move.l	%a2,%d0
  24 0020 5340      		subq	#1,%d0
  25               	out:
  26 0022 245F      		move.l	(%sp)+,%a2
  27 0024 2040      		move.l	%d0,%a0
  28 0026 4E75      		rts
68K GAS   			page 2


DEFINED SYMBOLS
           strpbrk.S:7      .text:00000000 strpbrk
           strpbrk.S:13     .text:0000000e lp
           strpbrk.S:25     .text:00000022 out
           strpbrk.S:18     .text:00000016 lp1

NO UNDEFINED SYMBOLS
