68K GAS   			page 1


   1               	
   2               	.file"e_exp.c"
   3               	.section.rodata
   4               	.align2
   7               	one:
   8 0000 3FF0 0000 	.long1072693248
   9 0004 0000 0000 	.long0
  10               	.align2
  13               	halF:
  14 0008 3FE0 0000 	.long1071644672
  15 000c 0000 0000 	.long0
  16 0010 BFE0 0000 	.long-1075838976
  17 0014 0000 0000 	.long0
  18               	.align2
  21               	huge:
  22 0018 7E37 E43C 	.long2117592124
  23 001c 8800 759C 	.long-2013235812
  24               	.align2
  27               	twom1000:
  28 0020 0170 0000 	.long24117248
  29 0024 0000 0000 	.long0
  30               	.align2
  33               	o_threshold:
  34 0028 4086 2E42 	.long1082535490
  35 002c FEFA 39EF 	.long-17155601
  36               	.align2
  39               	u_threshold:
  40 0030 C087 4910 	.long-1064875760
  41 0034 D52D 3051 	.long-718458799
  42               	.align2
  45               	ln2HI:
  46 0038 3FE6 2E42 	.long1072049730
  47 003c FEE0 0000 	.long-18874368
  48 0040 BFE6 2E42 	.long-1075433918
  49 0044 FEE0 0000 	.long-18874368
  50               	.align2
  53               	ln2LO:
  54 0048 3DEA 39EF 	.long1038760431
  55 004c 3579 3C76 	.long897137782
  56 0050 BDEA 39EF 	.long-1108723217
  57 0054 3579 3C76 	.long897137782
  58               	.align2
  61               	invln2:
  62 0058 3FF7 1547 	.long1073157447
  63 005c 652B 82FE 	.long1697350398
  64               	.align2
  67               	P1:
  68 0060 3FC5 5555 	.long1069897045
  69 0064 5555 553E 	.long1431655742
  70               	.align2
  73               	P2:
  74 0068 BF66 C16C 	.long-1083784852
  75 006c 16BE BD93 	.long381599123
  76               	.align2
  79               	P3:
  80 0070 3F11 566A 	.long1058100842
  81 0074 AF25 DE2C 	.long-1356472788
68K GAS   			page 2


  82               	.align2
  85               	P4:
  86 0078 BEBB BD41 	.long-1094992575
  87 007c C5D2 6BF1 	.long-976065551
  88               	.align2
  91               	P5:
  92 0080 3E66 3769 	.long1046886249
  93 0084 72BE A4D0 	.long1925096656
  94               	.text
  95               	.align2
  96               	.globl__ieee754_exp
  98               	__ieee754_exp:
  99 0000 4E56 FFCC 	link.w %fp,#-52
 100 0004 2F03      	move.l %d3,-(%sp)
 101 0006 2F02      	move.l %d2,-(%sp)
 102 0008 200E      	move.l %fp,%d0
 103 000a 5080      	addq.l #8,%d0
 104 000c 2040      	move.l %d0,%a0
 105 000e 2010      	move.l (%a0),%d0
 106 0010 2D40 FFE8 	move.l %d0,-24(%fp)
 107 0014 202E FFE8 	move.l -24(%fp),%d0
 108 0018 D080      	add.l %d0,%d0
 109 001a 9180      	subx.l %d0,%d0
 110 001c 4480      	neg.l %d0
 111 001e 2D40 FFE4 	move.l %d0,-28(%fp)
 112 0022 08AE 0007 	bclr #7,-24(%fp)
 112      FFE8 
 113 0028 0CAE 4086 	cmp.l #1082535489,-24(%fp)
 113      2E41 FFE8 
 114 0030 6300 013A 	jls .L2
 115 0034 0CAE 7FEF 	cmp.l #2146435071,-24(%fp)
 115      FFFF FFE8 
 116 003c 635A      	jls .L3
 117 003e 222E FFE8 	move.l -24(%fp),%d1
 118 0042 0281 000F 	and.l #1048575,%d1
 118      FFFF 
 119 0048 200E      	move.l %fp,%d0
 120 004a 5080      	addq.l #8,%d0
 121 004c 5880      	addq.l #4,%d0
 122 004e 2240      	move.l %d0,%a1
 123 0050 2011      	move.l (%a1),%d0
 124 0052 8081      	or.l %d1,%d0
 125 0054 4A80      	tst.l %d0
 126 0056 6728      	jeq .L4
 127 0058 202E 0008 	move.l 8(%fp),%d0
 128 005c 222E 000C 	move.l 12(%fp),%d1
 129 0060 2F01      	move.l %d1,-(%sp)
 130 0062 2F00      	move.l %d0,-(%sp)
 131 0064 F21F 5400 	fmove.d (%sp)+,%fp0
 132 0068 2F01      	move.l %d1,-(%sp)
 133 006a 2F00      	move.l %d0,-(%sp)
 134 006c F21F 5480 	fmove.d (%sp)+,%fp1
 135 0070 F200 0422 	fadd.x %fp1,%fp0
 136 0074 F227 7400 	fmove.d %fp0,-(%sp)
 137 0078 201F      	move.l (%sp)+,%d0
 138 007a 221F      	move.l (%sp)+,%d1
 139 007c 6000 0660 	jra .L5
68K GAS   			page 3


 140               	.L4:
 141 0080 4AAE FFE4 	tst.l -28(%fp)
 142 0084 660A      	jne .L6
 143 0086 202E 0008 	move.l 8(%fp),%d0
 144 008a 222E 000C 	move.l 12(%fp),%d1
 145 008e 6004      	jra .L7
 146               	.L6:
 147 0090 4280      	clr.l %d0
 148 0092 4281      	clr.l %d1
 149               	.L7:
 150 0094 6000 0648 	jra .L5
 151               	.L3:
 152 0098 206E 0008 	move.l 8(%fp),%a0
 153 009c 226E 000C 	move.l 12(%fp),%a1
 154 00a0 2039 0000 	move.l o_threshold,%d0
 154      0000 
 155 00a6 2239 0000 	move.l o_threshold+4,%d1
 155      0000 
 156 00ac 2F09      	move.l %a1,-(%sp)
 157 00ae 2F08      	move.l %a0,-(%sp)
 158 00b0 F21F 5400 	fmove.d (%sp)+,%fp0
 159 00b4 2F01      	move.l %d1,-(%sp)
 160 00b6 2F00      	move.l %d0,-(%sp)
 161 00b8 F21F 5480 	fmove.d (%sp)+,%fp1
 162 00bc F200 0438 	fcmp.x %fp1,%fp0
 163 00c0 F240 0012 	fsgt %d0
 164 00c4 4400      	neg.b %d0
 165 00c6 4A00      	tst.b %d0
 166 00c8 6738      	jeq .L8
 167 00ca 2079 0000 	move.l huge,%a0
 167      0000 
 168 00d0 2279 0000 	move.l huge+4,%a1
 168      0000 
 169 00d6 2039 0000 	move.l huge,%d0
 169      0000 
 170 00dc 2239 0000 	move.l huge+4,%d1
 170      0000 
 171 00e2 2F09      	move.l %a1,-(%sp)
 172 00e4 2F08      	move.l %a0,-(%sp)
 173 00e6 F21F 5400 	fmove.d (%sp)+,%fp0
 174 00ea 2F01      	move.l %d1,-(%sp)
 175 00ec 2F00      	move.l %d0,-(%sp)
 176 00ee F21F 5480 	fmove.d (%sp)+,%fp1
 177 00f2 F200 0423 	fmul.x %fp1,%fp0
 178 00f6 F227 7400 	fmove.d %fp0,-(%sp)
 179 00fa 201F      	move.l (%sp)+,%d0
 180 00fc 221F      	move.l (%sp)+,%d1
 181 00fe 6000 05DE 	jra .L5
 182               	.L8:
 183 0102 206E 0008 	move.l 8(%fp),%a0
 184 0106 226E 000C 	move.l 12(%fp),%a1
 185 010a 2039 0000 	move.l u_threshold,%d0
 185      0000 
 186 0110 2239 0000 	move.l u_threshold+4,%d1
 186      0000 
 187 0116 2F09      	move.l %a1,-(%sp)
 188 0118 2F08      	move.l %a0,-(%sp)
68K GAS   			page 4


 189 011a F21F 5400 	fmove.d (%sp)+,%fp0
 190 011e 2F01      	move.l %d1,-(%sp)
 191 0120 2F00      	move.l %d0,-(%sp)
 192 0122 F21F 5480 	fmove.d (%sp)+,%fp1
 193 0126 F200 0438 	fcmp.x %fp1,%fp0
 194 012a F240 0014 	fslt %d0
 195 012e 4400      	neg.b %d0
 196 0130 4A00      	tst.b %d0
 197 0132 6738      	jeq .L2
 198 0134 2079 0000 	move.l twom1000,%a0
 198      0000 
 199 013a 2279 0000 	move.l twom1000+4,%a1
 199      0000 
 200 0140 2039 0000 	move.l twom1000,%d0
 200      0000 
 201 0146 2239 0000 	move.l twom1000+4,%d1
 201      0000 
 202 014c 2F09      	move.l %a1,-(%sp)
 203 014e 2F08      	move.l %a0,-(%sp)
 204 0150 F21F 5400 	fmove.d (%sp)+,%fp0
 205 0154 2F01      	move.l %d1,-(%sp)
 206 0156 2F00      	move.l %d0,-(%sp)
 207 0158 F21F 5480 	fmove.d (%sp)+,%fp1
 208 015c F200 0423 	fmul.x %fp1,%fp0
 209 0160 F227 7400 	fmove.d %fp0,-(%sp)
 210 0164 201F      	move.l (%sp)+,%d0
 211 0166 221F      	move.l (%sp)+,%d1
 212 0168 6000 0574 	jra .L5
 213               	.L2:
 214 016c 0CAE 3FD6 	cmp.l #1071001154,-24(%fp)
 214      2E42 FFE8 
 215 0174 6300 0186 	jls .L9
 216 0178 0CAE 3FF0 	cmp.l #1072734897,-24(%fp)
 216      A2B1 FFE8 
 217 0180 6268      	jhi .L10
 218 0182 202E 0008 	move.l 8(%fp),%d0
 219 0186 222E 000C 	move.l 12(%fp),%d1
 220 018a 206E FFE4 	move.l -28(%fp),%a0
 221 018e 2270 8FB0 	move.l ln2HI+4(%a0.l*8),%a1
 221      0000 0000 
 222 0196 2070 8FB0 	move.l ln2HI(%a0.l*8),%a0
 222      0000 0000 
 223 019e 2F01      	move.l %d1,-(%sp)
 224 01a0 2F00      	move.l %d0,-(%sp)
 225 01a2 F21F 5400 	fmove.d (%sp)+,%fp0
 226 01a6 2F09      	move.l %a1,-(%sp)
 227 01a8 2F08      	move.l %a0,-(%sp)
 228 01aa F21F 5480 	fmove.d (%sp)+,%fp1
 229 01ae F200 0428 	fsub.x %fp1,%fp0
 230 01b2 F22E 7400 	fmove.d %fp0,-8(%fp)
 230      FFF8 
 231 01b8 202E FFE4 	move.l -28(%fp),%d0
 232 01bc 2230 0FB0 	move.l ln2LO(%d0.l*8),%d1
 232      0000 0000 
 233 01c4 2430 0FB0 	move.l ln2LO+4(%d0.l*8),%d2
 233      0000 0000 
 234 01cc 2D41 FFF0 	move.l %d1,-16(%fp)
68K GAS   			page 5


 235 01d0 2D42 FFF4 	move.l %d2,-12(%fp)
 236 01d4 202E FFE4 	move.l -28(%fp),%d0
 237 01d8 4480      	neg.l %d0
 238 01da 90AE FFE4 	sub.l -28(%fp),%d0
 239 01de 2400      	move.l %d0,%d2
 240 01e0 5282      	addq.l #1,%d2
 241 01e2 2D42 FFEC 	move.l %d2,-20(%fp)
 242 01e6 6000 00F4 	jra .L11
 243               	.L10:
 244 01ea 2079 0000 	move.l invln2,%a0
 244      0000 
 245 01f0 2279 0000 	move.l invln2+4,%a1
 245      0000 
 246 01f6 202E 0008 	move.l 8(%fp),%d0
 247 01fa 222E 000C 	move.l 12(%fp),%d1
 248 01fe 2F09      	move.l %a1,-(%sp)
 249 0200 2F08      	move.l %a0,-(%sp)
 250 0202 F21F 5400 	fmove.d (%sp)+,%fp0
 251 0206 2F01      	move.l %d1,-(%sp)
 252 0208 2F00      	move.l %d0,-(%sp)
 253 020a F21F 5480 	fmove.d (%sp)+,%fp1
 254 020e F200 0423 	fmul.x %fp1,%fp0
 255 0212 F227 7400 	fmove.d %fp0,-(%sp)
 256 0216 201F      	move.l (%sp)+,%d0
 257 0218 221F      	move.l (%sp)+,%d1
 258 021a 206E FFE4 	move.l -28(%fp),%a0
 259 021e 2270 8FB0 	move.l halF+4(%a0.l*8),%a1
 259      0000 0000 
 260 0226 2070 8FB0 	move.l halF(%a0.l*8),%a0
 260      0000 0000 
 261 022e 2F01      	move.l %d1,-(%sp)
 262 0230 2F00      	move.l %d0,-(%sp)
 263 0232 F21F 5400 	fmove.d (%sp)+,%fp0
 264 0236 2F09      	move.l %a1,-(%sp)
 265 0238 2F08      	move.l %a0,-(%sp)
 266 023a F21F 5480 	fmove.d (%sp)+,%fp1
 267 023e F200 0422 	fadd.x %fp1,%fp0
 268 0242 F227 7400 	fmove.d %fp0,-(%sp)
 269 0246 201F      	move.l (%sp)+,%d0
 270 0248 221F      	move.l (%sp)+,%d1
 271 024a 2F01      	move.l %d1,-(%sp)
 272 024c 2F00      	move.l %d0,-(%sp)
 273 024e F21F 5400 	fmove.d (%sp)+,%fp0
 274 0252 F200 0003 	fintrz.x %fp0,%fp0
 275 0256 F227 7400 	fmove.d %fp0,-(%sp)
 276 025a 201F      	move.l (%sp)+,%d0
 277 025c 221F      	move.l (%sp)+,%d1
 278 025e 2F01      	move.l %d1,-(%sp)
 279 0260 2F00      	move.l %d0,-(%sp)
 280 0262 F21F 5480 	fmove.d (%sp)+,%fp1
 281 0266 F22E 6080 	fmove.l %fp1,-20(%fp)
 281      FFEC 
 282 026c F22E 4000 	fmove.l -20(%fp),%fp0
 282      FFEC 
 283 0272 F22E 7400 	fmove.d %fp0,-36(%fp)
 283      FFDC 
 284 0278 206E 0008 	move.l 8(%fp),%a0
68K GAS   			page 6


 285 027c 226E 000C 	move.l 12(%fp),%a1
 286 0280 2039 0000 	move.l ln2HI,%d0
 286      0000 
 287 0286 2239 0000 	move.l ln2HI+4,%d1
 287      0000 
 288 028c 2F01      	move.l %d1,-(%sp)
 289 028e 2F00      	move.l %d0,-(%sp)
 290 0290 F21F 5480 	fmove.d (%sp)+,%fp1
 291 0294 F22E 54A3 	fmul.d -36(%fp),%fp1
 291      FFDC 
 292 029a F227 7480 	fmove.d %fp1,-(%sp)
 293 029e 201F      	move.l (%sp)+,%d0
 294 02a0 221F      	move.l (%sp)+,%d1
 295 02a2 2F09      	move.l %a1,-(%sp)
 296 02a4 2F08      	move.l %a0,-(%sp)
 297 02a6 F21F 5400 	fmove.d (%sp)+,%fp0
 298 02aa 2F01      	move.l %d1,-(%sp)
 299 02ac 2F00      	move.l %d0,-(%sp)
 300 02ae F21F 5480 	fmove.d (%sp)+,%fp1
 301 02b2 F200 0428 	fsub.x %fp1,%fp0
 302 02b6 F22E 7400 	fmove.d %fp0,-8(%fp)
 302      FFF8 
 303 02bc 2039 0000 	move.l ln2LO,%d0
 303      0000 
 304 02c2 2239 0000 	move.l ln2LO+4,%d1
 304      0000 
 305 02c8 2F01      	move.l %d1,-(%sp)
 306 02ca 2F00      	move.l %d0,-(%sp)
 307 02cc F21F 5400 	fmove.d (%sp)+,%fp0
 308 02d0 F22E 5423 	fmul.d -36(%fp),%fp0
 308      FFDC 
 309 02d6 F22E 7400 	fmove.d %fp0,-16(%fp)
 309      FFF0 
 310               	.L11:
 311 02dc F22E 5480 	fmove.d -8(%fp),%fp1
 311      FFF8 
 312 02e2 F22E 54A8 	fsub.d -16(%fp),%fp1
 312      FFF0 
 313 02e8 F227 7480 	fmove.d %fp1,-(%sp)
 314 02ec 201F      	move.l (%sp)+,%d0
 315 02ee 221F      	move.l (%sp)+,%d1
 316 02f0 2D40 0008 	move.l %d0,8(%fp)
 317 02f4 2D41 000C 	move.l %d1,12(%fp)
 318 02f8 6000 00A0 	jra .L12
 319               	.L9:
 320 02fc 0CAE 3E2F 	cmp.l #1043333119,-24(%fp)
 320      FFFF FFE8 
 321 0304 6200 0090 	jhi .L13
 322 0308 2079 0000 	move.l huge,%a0
 322      0000 
 323 030e 2279 0000 	move.l huge+4,%a1
 323      0000 
 324 0314 202E 0008 	move.l 8(%fp),%d0
 325 0318 222E 000C 	move.l 12(%fp),%d1
 326 031c 2F09      	move.l %a1,-(%sp)
 327 031e 2F08      	move.l %a0,-(%sp)
 328 0320 F21F 5400 	fmove.d (%sp)+,%fp0
68K GAS   			page 7


 329 0324 2F01      	move.l %d1,-(%sp)
 330 0326 2F00      	move.l %d0,-(%sp)
 331 0328 F21F 5480 	fmove.d (%sp)+,%fp1
 332 032c F200 0422 	fadd.x %fp1,%fp0
 333 0330 F227 7400 	fmove.d %fp0,-(%sp)
 334 0334 201F      	move.l (%sp)+,%d0
 335 0336 221F      	move.l (%sp)+,%d1
 336 0338 2079 0000 	move.l one,%a0
 336      0000 
 337 033e 2279 0000 	move.l one+4,%a1
 337      0000 
 338 0344 2F01      	move.l %d1,-(%sp)
 339 0346 2F00      	move.l %d0,-(%sp)
 340 0348 F21F 5400 	fmove.d (%sp)+,%fp0
 341 034c 2F09      	move.l %a1,-(%sp)
 342 034e 2F08      	move.l %a0,-(%sp)
 343 0350 F21F 5480 	fmove.d (%sp)+,%fp1
 344 0354 F200 0438 	fcmp.x %fp1,%fp0
 345 0358 F240 0012 	fsgt %d0
 346 035c 4400      	neg.b %d0
 347 035e 4A00      	tst.b %d0
 348 0360 6738      	jeq .L12
 349 0362 2079 0000 	move.l one,%a0
 349      0000 
 350 0368 2279 0000 	move.l one+4,%a1
 350      0000 
 351 036e 202E 0008 	move.l 8(%fp),%d0
 352 0372 222E 000C 	move.l 12(%fp),%d1
 353 0376 2F09      	move.l %a1,-(%sp)
 354 0378 2F08      	move.l %a0,-(%sp)
 355 037a F21F 5400 	fmove.d (%sp)+,%fp0
 356 037e 2F01      	move.l %d1,-(%sp)
 357 0380 2F00      	move.l %d0,-(%sp)
 358 0382 F21F 5480 	fmove.d (%sp)+,%fp1
 359 0386 F200 0422 	fadd.x %fp1,%fp0
 360 038a F227 7400 	fmove.d %fp0,-(%sp)
 361 038e 201F      	move.l (%sp)+,%d0
 362 0390 221F      	move.l (%sp)+,%d1
 363 0392 6000 034A 	jra .L5
 364               	.L13:
 365 0396 42AE FFEC 	clr.l -20(%fp)
 366               	.L12:
 367 039a 206E 0008 	move.l 8(%fp),%a0
 368 039e 226E 000C 	move.l 12(%fp),%a1
 369 03a2 202E 0008 	move.l 8(%fp),%d0
 370 03a6 222E 000C 	move.l 12(%fp),%d1
 371 03aa 2F09      	move.l %a1,-(%sp)
 372 03ac 2F08      	move.l %a0,-(%sp)
 373 03ae F21F 5400 	fmove.d (%sp)+,%fp0
 374 03b2 2F01      	move.l %d1,-(%sp)
 375 03b4 2F00      	move.l %d0,-(%sp)
 376 03b6 F21F 5480 	fmove.d (%sp)+,%fp1
 377 03ba F200 0423 	fmul.x %fp1,%fp0
 378 03be F22E 7400 	fmove.d %fp0,-36(%fp)
 378      FFDC 
 379 03c4 206E 0008 	move.l 8(%fp),%a0
 380 03c8 226E 000C 	move.l 12(%fp),%a1
68K GAS   			page 8


 381 03cc 2039 0000 	move.l P5,%d0
 381      0000 
 382 03d2 2239 0000 	move.l P5+4,%d1
 382      0000 
 383 03d8 2F01      	move.l %d1,-(%sp)
 384 03da 2F00      	move.l %d0,-(%sp)
 385 03dc F21F 5400 	fmove.d (%sp)+,%fp0
 386 03e0 F22E 5423 	fmul.d -36(%fp),%fp0
 386      FFDC 
 387 03e6 F227 7400 	fmove.d %fp0,-(%sp)
 388 03ea 201F      	move.l (%sp)+,%d0
 389 03ec 221F      	move.l (%sp)+,%d1
 390 03ee 2439 0000 	move.l P4,%d2
 390      0000 
 391 03f4 2639 0000 	move.l P4+4,%d3
 391      0000 
 392 03fa 2F01      	move.l %d1,-(%sp)
 393 03fc 2F00      	move.l %d0,-(%sp)
 394 03fe F21F 5480 	fmove.d (%sp)+,%fp1
 395 0402 2F03      	move.l %d3,-(%sp)
 396 0404 2F02      	move.l %d2,-(%sp)
 397 0406 F21F 5400 	fmove.d (%sp)+,%fp0
 398 040a F200 00A2 	fadd.x %fp0,%fp1
 399 040e F227 7480 	fmove.d %fp1,-(%sp)
 400 0412 201F      	move.l (%sp)+,%d0
 401 0414 221F      	move.l (%sp)+,%d1
 402 0416 2F01      	move.l %d1,-(%sp)
 403 0418 2F00      	move.l %d0,-(%sp)
 404 041a F21F 5480 	fmove.d (%sp)+,%fp1
 405 041e F22E 54A3 	fmul.d -36(%fp),%fp1
 405      FFDC 
 406 0424 F227 7480 	fmove.d %fp1,-(%sp)
 407 0428 201F      	move.l (%sp)+,%d0
 408 042a 221F      	move.l (%sp)+,%d1
 409 042c 2439 0000 	move.l P3,%d2
 409      0000 
 410 0432 2639 0000 	move.l P3+4,%d3
 410      0000 
 411 0438 2F01      	move.l %d1,-(%sp)
 412 043a 2F00      	move.l %d0,-(%sp)
 413 043c F21F 5400 	fmove.d (%sp)+,%fp0
 414 0440 2F03      	move.l %d3,-(%sp)
 415 0442 2F02      	move.l %d2,-(%sp)
 416 0444 F21F 5480 	fmove.d (%sp)+,%fp1
 417 0448 F200 0422 	fadd.x %fp1,%fp0
 418 044c F227 7400 	fmove.d %fp0,-(%sp)
 419 0450 201F      	move.l (%sp)+,%d0
 420 0452 221F      	move.l (%sp)+,%d1
 421 0454 2F01      	move.l %d1,-(%sp)
 422 0456 2F00      	move.l %d0,-(%sp)
 423 0458 F21F 5400 	fmove.d (%sp)+,%fp0
 424 045c F22E 5423 	fmul.d -36(%fp),%fp0
 424      FFDC 
 425 0462 F227 7400 	fmove.d %fp0,-(%sp)
 426 0466 201F      	move.l (%sp)+,%d0
 427 0468 221F      	move.l (%sp)+,%d1
 428 046a 2439 0000 	move.l P2,%d2
68K GAS   			page 9


 428      0000 
 429 0470 2639 0000 	move.l P2+4,%d3
 429      0000 
 430 0476 2F01      	move.l %d1,-(%sp)
 431 0478 2F00      	move.l %d0,-(%sp)
 432 047a F21F 5480 	fmove.d (%sp)+,%fp1
 433 047e 2F03      	move.l %d3,-(%sp)
 434 0480 2F02      	move.l %d2,-(%sp)
 435 0482 F21F 5400 	fmove.d (%sp)+,%fp0
 436 0486 F200 00A2 	fadd.x %fp0,%fp1
 437 048a F227 7480 	fmove.d %fp1,-(%sp)
 438 048e 201F      	move.l (%sp)+,%d0
 439 0490 221F      	move.l (%sp)+,%d1
 440 0492 2F01      	move.l %d1,-(%sp)
 441 0494 2F00      	move.l %d0,-(%sp)
 442 0496 F21F 5480 	fmove.d (%sp)+,%fp1
 443 049a F22E 54A3 	fmul.d -36(%fp),%fp1
 443      FFDC 
 444 04a0 F227 7480 	fmove.d %fp1,-(%sp)
 445 04a4 201F      	move.l (%sp)+,%d0
 446 04a6 221F      	move.l (%sp)+,%d1
 447 04a8 2439 0000 	move.l P1,%d2
 447      0000 
 448 04ae 2639 0000 	move.l P1+4,%d3
 448      0000 
 449 04b4 2F01      	move.l %d1,-(%sp)
 450 04b6 2F00      	move.l %d0,-(%sp)
 451 04b8 F21F 5400 	fmove.d (%sp)+,%fp0
 452 04bc 2F03      	move.l %d3,-(%sp)
 453 04be 2F02      	move.l %d2,-(%sp)
 454 04c0 F21F 5480 	fmove.d (%sp)+,%fp1
 455 04c4 F200 0422 	fadd.x %fp1,%fp0
 456 04c8 F227 7400 	fmove.d %fp0,-(%sp)
 457 04cc 201F      	move.l (%sp)+,%d0
 458 04ce 221F      	move.l (%sp)+,%d1
 459 04d0 2F01      	move.l %d1,-(%sp)
 460 04d2 2F00      	move.l %d0,-(%sp)
 461 04d4 F21F 5400 	fmove.d (%sp)+,%fp0
 462 04d8 F22E 5423 	fmul.d -36(%fp),%fp0
 462      FFDC 
 463 04de F227 7400 	fmove.d %fp0,-(%sp)
 464 04e2 201F      	move.l (%sp)+,%d0
 465 04e4 221F      	move.l (%sp)+,%d1
 466 04e6 2F09      	move.l %a1,-(%sp)
 467 04e8 2F08      	move.l %a0,-(%sp)
 468 04ea F21F 5480 	fmove.d (%sp)+,%fp1
 469 04ee 2F01      	move.l %d1,-(%sp)
 470 04f0 2F00      	move.l %d0,-(%sp)
 471 04f2 F21F 5400 	fmove.d (%sp)+,%fp0
 472 04f6 F200 00A8 	fsub.x %fp0,%fp1
 473 04fa F22E 7480 	fmove.d %fp1,-44(%fp)
 473      FFD4 
 474 0500 4AAE FFEC 	tst.l -20(%fp)
 475 0504 6600 00A6 	jne .L14
 476 0508 2079 0000 	move.l one,%a0
 476      0000 
 477 050e 2279 0000 	move.l one+4,%a1
68K GAS   			page 10


 477      0000 
 478 0514 202E 0008 	move.l 8(%fp),%d0
 479 0518 222E 000C 	move.l 12(%fp),%d1
 480 051c 2F01      	move.l %d1,-(%sp)
 481 051e 2F00      	move.l %d0,-(%sp)
 482 0520 F21F 5480 	fmove.d (%sp)+,%fp1
 483 0524 F22E 54A3 	fmul.d -44(%fp),%fp1
 483      FFD4 
 484 052a F227 7480 	fmove.d %fp1,-(%sp)
 485 052e 201F      	move.l (%sp)+,%d0
 486 0530 221F      	move.l (%sp)+,%d1
 487 0532 F22E 5400 	fmove.d -44(%fp),%fp0
 487      FFD4 
 488 0538 F23C 5428 	fsub.d #0x4000000000000000,%fp0
 488      4000 0000 
 488      0000 0000 
 489 0544 F227 7400 	fmove.d %fp0,-(%sp)
 490 0548 241F      	move.l (%sp)+,%d2
 491 054a 261F      	move.l (%sp)+,%d3
 492 054c 2F01      	move.l %d1,-(%sp)
 493 054e 2F00      	move.l %d0,-(%sp)
 494 0550 F21F 5480 	fmove.d (%sp)+,%fp1
 495 0554 2F03      	move.l %d3,-(%sp)
 496 0556 2F02      	move.l %d2,-(%sp)
 497 0558 F21F 5400 	fmove.d (%sp)+,%fp0
 498 055c F200 00A0 	fdiv.x %fp0,%fp1
 499 0560 F227 7480 	fmove.d %fp1,-(%sp)
 500 0564 201F      	move.l (%sp)+,%d0
 501 0566 221F      	move.l (%sp)+,%d1
 502 0568 242E 0008 	move.l 8(%fp),%d2
 503 056c 262E 000C 	move.l 12(%fp),%d3
 504 0570 2F01      	move.l %d1,-(%sp)
 505 0572 2F00      	move.l %d0,-(%sp)
 506 0574 F21F 5480 	fmove.d (%sp)+,%fp1
 507 0578 2F03      	move.l %d3,-(%sp)
 508 057a 2F02      	move.l %d2,-(%sp)
 509 057c F21F 5400 	fmove.d (%sp)+,%fp0
 510 0580 F200 00A8 	fsub.x %fp0,%fp1
 511 0584 F227 7480 	fmove.d %fp1,-(%sp)
 512 0588 201F      	move.l (%sp)+,%d0
 513 058a 221F      	move.l (%sp)+,%d1
 514 058c 2F09      	move.l %a1,-(%sp)
 515 058e 2F08      	move.l %a0,-(%sp)
 516 0590 F21F 5480 	fmove.d (%sp)+,%fp1
 517 0594 2F01      	move.l %d1,-(%sp)
 518 0596 2F00      	move.l %d0,-(%sp)
 519 0598 F21F 5400 	fmove.d (%sp)+,%fp0
 520 059c F200 00A8 	fsub.x %fp0,%fp1
 521 05a0 F227 7480 	fmove.d %fp1,-(%sp)
 522 05a4 201F      	move.l (%sp)+,%d0
 523 05a6 221F      	move.l (%sp)+,%d1
 524 05a8 6000 0134 	jra .L5
 525               	.L14:
 526 05ac 2079 0000 	move.l one,%a0
 526      0000 
 527 05b2 2279 0000 	move.l one+4,%a1
 527      0000 
68K GAS   			page 11


 528 05b8 202E 0008 	move.l 8(%fp),%d0
 529 05bc 222E 000C 	move.l 12(%fp),%d1
 530 05c0 2F01      	move.l %d1,-(%sp)
 531 05c2 2F00      	move.l %d0,-(%sp)
 532 05c4 F21F 5480 	fmove.d (%sp)+,%fp1
 533 05c8 F22E 54A3 	fmul.d -44(%fp),%fp1
 533      FFD4 
 534 05ce F227 7480 	fmove.d %fp1,-(%sp)
 535 05d2 201F      	move.l (%sp)+,%d0
 536 05d4 221F      	move.l (%sp)+,%d1
 537 05d6 F23C 5400 	fmove.d #0x4000000000000000,%fp0
 537      4000 0000 
 537      0000 0000 
 538 05e2 F22E 5428 	fsub.d -44(%fp),%fp0
 538      FFD4 
 539 05e8 F227 7400 	fmove.d %fp0,-(%sp)
 540 05ec 241F      	move.l (%sp)+,%d2
 541 05ee 261F      	move.l (%sp)+,%d3
 542 05f0 2F01      	move.l %d1,-(%sp)
 543 05f2 2F00      	move.l %d0,-(%sp)
 544 05f4 F21F 5480 	fmove.d (%sp)+,%fp1
 545 05f8 2F03      	move.l %d3,-(%sp)
 546 05fa 2F02      	move.l %d2,-(%sp)
 547 05fc F21F 5400 	fmove.d (%sp)+,%fp0
 548 0600 F200 00A0 	fdiv.x %fp0,%fp1
 549 0604 F227 7480 	fmove.d %fp1,-(%sp)
 550 0608 201F      	move.l (%sp)+,%d0
 551 060a 221F      	move.l (%sp)+,%d1
 552 060c F22E 5480 	fmove.d -16(%fp),%fp1
 552      FFF0 
 553 0612 2F01      	move.l %d1,-(%sp)
 554 0614 2F00      	move.l %d0,-(%sp)
 555 0616 F21F 5400 	fmove.d (%sp)+,%fp0
 556 061a F200 00A8 	fsub.x %fp0,%fp1
 557 061e F227 7480 	fmove.d %fp1,-(%sp)
 558 0622 201F      	move.l (%sp)+,%d0
 559 0624 221F      	move.l (%sp)+,%d1
 560 0626 2F01      	move.l %d1,-(%sp)
 561 0628 2F00      	move.l %d0,-(%sp)
 562 062a F21F 5480 	fmove.d (%sp)+,%fp1
 563 062e F22E 54A8 	fsub.d -8(%fp),%fp1
 563      FFF8 
 564 0634 F227 7480 	fmove.d %fp1,-(%sp)
 565 0638 201F      	move.l (%sp)+,%d0
 566 063a 221F      	move.l (%sp)+,%d1
 567 063c 2F09      	move.l %a1,-(%sp)
 568 063e 2F08      	move.l %a0,-(%sp)
 569 0640 F21F 5400 	fmove.d (%sp)+,%fp0
 570 0644 2F01      	move.l %d1,-(%sp)
 571 0646 2F00      	move.l %d0,-(%sp)
 572 0648 F21F 5480 	fmove.d (%sp)+,%fp1
 573 064c F200 0428 	fsub.x %fp1,%fp0
 574 0650 F227 7400 	fmove.d %fp0,-(%sp)
 575 0654 201F      	move.l (%sp)+,%d0
 576 0656 221F      	move.l (%sp)+,%d1
 577 0658 2D40 FFCC 	move.l %d0,-52(%fp)
 578 065c 2D41 FFD0 	move.l %d1,-48(%fp)
68K GAS   			page 12


 579 0660 0CAE FFFF 	cmp.l #-1021,-20(%fp)
 579      FC03 FFEC 
 580 0668 6D24      	jlt .L15
 581 066a 70CC      	moveq #-52,%d0
 582 066c D08E      	add.l %fp,%d0
 583 066e 72CC      	moveq #-52,%d1
 584 0670 D28E      	add.l %fp,%d1
 585 0672 2241      	move.l %d1,%a1
 586 0674 2051      	move.l (%a1),%a0
 587 0676 222E FFEC 	move.l -20(%fp),%d1
 588 067a 7414      	moveq #20,%d2
 589 067c E5A9      	lsl.l %d2,%d1
 590 067e D288      	add.l %a0,%d1
 591 0680 2040      	move.l %d0,%a0
 592 0682 2081      	move.l %d1,(%a0)
 593 0684 202E FFCC 	move.l -52(%fp),%d0
 594 0688 222E FFD0 	move.l -48(%fp),%d1
 595 068c 6050      	jra .L5
 596               	.L15:
 597 068e 70CC      	moveq #-52,%d0
 598 0690 D08E      	add.l %fp,%d0
 599 0692 72CC      	moveq #-52,%d1
 600 0694 D28E      	add.l %fp,%d1
 601 0696 2241      	move.l %d1,%a1
 602 0698 2051      	move.l (%a1),%a0
 603 069a 222E FFEC 	move.l -20(%fp),%d1
 604 069e 0681 0000 	add.l #1000,%d1
 604      03E8 
 605 06a4 7414      	moveq #20,%d2
 606 06a6 E5A9      	lsl.l %d2,%d1
 607 06a8 D288      	add.l %a0,%d1
 608 06aa 2040      	move.l %d0,%a0
 609 06ac 2081      	move.l %d1,(%a0)
 610 06ae 206E FFCC 	move.l -52(%fp),%a0
 611 06b2 226E FFD0 	move.l -48(%fp),%a1
 612 06b6 2039 0000 	move.l twom1000,%d0
 612      0000 
 613 06bc 2239 0000 	move.l twom1000+4,%d1
 613      0000 
 614 06c2 2F09      	move.l %a1,-(%sp)
 615 06c4 2F08      	move.l %a0,-(%sp)
 616 06c6 F21F 5400 	fmove.d (%sp)+,%fp0
 617 06ca 2F01      	move.l %d1,-(%sp)
 618 06cc 2F00      	move.l %d0,-(%sp)
 619 06ce F21F 5480 	fmove.d (%sp)+,%fp1
 620 06d2 F200 0423 	fmul.x %fp1,%fp0
 621 06d6 F227 7400 	fmove.d %fp0,-(%sp)
 622 06da 201F      	move.l (%sp)+,%d0
 623 06dc 221F      	move.l (%sp)+,%d1
 624               	.L5:
 625 06de 2F01      	move.l %d1,-(%sp)
 626 06e0 2F00      	move.l %d0,-(%sp)
 627 06e2 F21F 5400 	fmove.d (%sp)+,%fp0
 628 06e6 241F      	move.l (%sp)+,%d2
 629 06e8 261F      	move.l (%sp)+,%d3
 630 06ea 4E5E      	unlk %fp
 631 06ec 4E75      	rts
68K GAS   			page 13


 633               	.ident"GCC: (GNU) 4.5.1"
 634               	.section.note.GNU-stack,"",@progbits
68K GAS   			page 14


DEFINED SYMBOLS
                            *ABS*:00000000 e_exp.c
    {standard input}:7      .rodata:00000000 one
    {standard input}:13     .rodata:00000008 halF
    {standard input}:21     .rodata:00000018 huge
    {standard input}:27     .rodata:00000020 twom1000
    {standard input}:33     .rodata:00000028 o_threshold
    {standard input}:39     .rodata:00000030 u_threshold
    {standard input}:45     .rodata:00000038 ln2HI
    {standard input}:53     .rodata:00000048 ln2LO
    {standard input}:61     .rodata:00000058 invln2
    {standard input}:67     .rodata:00000060 P1
    {standard input}:73     .rodata:00000068 P2
    {standard input}:79     .rodata:00000070 P3
    {standard input}:85     .rodata:00000078 P4
    {standard input}:91     .rodata:00000080 P5
    {standard input}:98     .text:00000000 __ieee754_exp

NO UNDEFINED SYMBOLS
