68K GAS   			page 1


   1               	
   2               	.file"e_hypot.c"
   3               	.text
   4               	.align2
   5               	.globl__ieee754_hypot
   7               	__ieee754_hypot:
   8 0000 4E56 FFB8 	link.w %fp,#-72
   9 0004 48E7 3C00 	movem.l #15360,-(%sp)
  10 0008 202E 0008 	move.l 8(%fp),%d0
  11 000c 222E 000C 	move.l 12(%fp),%d1
  12 0010 2D40 FFD0 	move.l %d0,-48(%fp)
  13 0014 2D41 FFD4 	move.l %d1,-44(%fp)
  14 0018 202E 0010 	move.l 16(%fp),%d0
  15 001c 222E 0014 	move.l 20(%fp),%d1
  16 0020 2D40 FFC8 	move.l %d0,-56(%fp)
  17 0024 2D41 FFCC 	move.l %d1,-52(%fp)
  18 0028 200E      	move.l %fp,%d0
  19 002a 5080      	addq.l #8,%d0
  20 002c 2040      	move.l %d0,%a0
  21 002e 2010      	move.l (%a0),%d0
  22 0030 2200      	move.l %d0,%d1
  23 0032 0881 001F 	bclr #31,%d1
  24 0036 2D41 FFF0 	move.l %d1,-16(%fp)
  25 003a 7010      	moveq #16,%d0
  26 003c D08E      	add.l %fp,%d0
  27 003e 2040      	move.l %d0,%a0
  28 0040 2010      	move.l (%a0),%d0
  29 0042 2200      	move.l %d0,%d1
  30 0044 0881 001F 	bclr #31,%d1
  31 0048 2D41 FFEC 	move.l %d1,-20(%fp)
  32 004c 242E FFEC 	move.l -20(%fp),%d2
  33 0050 B4AE FFF0 	cmp.l -16(%fp),%d2
  34 0054 6F34      	jle .L2
  35 0056 202E 0010 	move.l 16(%fp),%d0
  36 005a 222E 0014 	move.l 20(%fp),%d1
  37 005e 2D40 FFD0 	move.l %d0,-48(%fp)
  38 0062 2D41 FFD4 	move.l %d1,-44(%fp)
  39 0066 202E 0008 	move.l 8(%fp),%d0
  40 006a 222E 000C 	move.l 12(%fp),%d1
  41 006e 2D40 FFC8 	move.l %d0,-56(%fp)
  42 0072 2D41 FFCC 	move.l %d1,-52(%fp)
  43 0076 2D6E FFF0 	move.l -16(%fp),-24(%fp)
  43      FFE8 
  44 007c 2D6E FFEC 	move.l -20(%fp),-16(%fp)
  44      FFF0 
  45 0082 2D6E FFE8 	move.l -24(%fp),-20(%fp)
  45      FFEC 
  46 0088 6020      	jra .L3
  47               	.L2:
  48 008a 202E 0008 	move.l 8(%fp),%d0
  49 008e 222E 000C 	move.l 12(%fp),%d1
  50 0092 2D40 FFD0 	move.l %d0,-48(%fp)
  51 0096 2D41 FFD4 	move.l %d1,-44(%fp)
  52 009a 202E 0010 	move.l 16(%fp),%d0
  53 009e 222E 0014 	move.l 20(%fp),%d1
  54 00a2 2D40 FFC8 	move.l %d0,-56(%fp)
  55 00a6 2D41 FFCC 	move.l %d1,-52(%fp)
68K GAS   			page 2


  56               	.L3:
  57 00aa 70D0      	moveq #-48,%d0
  58 00ac D08E      	add.l %fp,%d0
  59 00ae 2040      	move.l %d0,%a0
  60 00b0 20AE FFF0 	move.l -16(%fp),(%a0)
  61 00b4 70C8      	moveq #-56,%d0
  62 00b6 D08E      	add.l %fp,%d0
  63 00b8 2240      	move.l %d0,%a1
  64 00ba 22AE FFEC 	move.l -20(%fp),(%a1)
  65 00be 202E FFF0 	move.l -16(%fp),%d0
  66 00c2 90AE FFEC 	sub.l -20(%fp),%d0
  67 00c6 0C80 03C0 	cmp.l #62914560,%d0
  67      0000 
  68 00cc 6F30      	jle .L4
  69 00ce 206E FFD0 	move.l -48(%fp),%a0
  70 00d2 226E FFD4 	move.l -44(%fp),%a1
  71 00d6 202E FFC8 	move.l -56(%fp),%d0
  72 00da 222E FFCC 	move.l -52(%fp),%d1
  73 00de 2F09      	move.l %a1,-(%sp)
  74 00e0 2F08      	move.l %a0,-(%sp)
  75 00e2 F21F 5400 	fmove.d (%sp)+,%fp0
  76 00e6 2F01      	move.l %d1,-(%sp)
  77 00e8 2F00      	move.l %d0,-(%sp)
  78 00ea F21F 5480 	fmove.d (%sp)+,%fp1
  79 00ee F200 0422 	fadd.x %fp1,%fp0
  80 00f2 F227 7400 	fmove.d %fp0,-(%sp)
  81 00f6 201F      	move.l (%sp)+,%d0
  82 00f8 221F      	move.l (%sp)+,%d1
  83 00fa 6000 0538 	jra .L5
  84               	.L4:
  85 00fe 42AE FFF4 	clr.l -12(%fp)
  86 0102 0CAE 5F30 	cmp.l #1596981248,-16(%fp)
  86      0000 FFF0 
  87 010a 6F00 00BC 	jle .L6
  88 010e 0CAE 7FEF 	cmp.l #2146435071,-16(%fp)
  88      FFFF FFF0 
  89 0116 6F00 0084 	jle .L7
  90 011a 206E FFD0 	move.l -48(%fp),%a0
  91 011e 226E FFD4 	move.l -44(%fp),%a1
  92 0122 202E FFC8 	move.l -56(%fp),%d0
  93 0126 222E FFCC 	move.l -52(%fp),%d1
  94 012a 2F09      	move.l %a1,-(%sp)
  95 012c 2F08      	move.l %a0,-(%sp)
  96 012e F21F 5400 	fmove.d (%sp)+,%fp0
  97 0132 2F01      	move.l %d1,-(%sp)
  98 0134 2F00      	move.l %d0,-(%sp)
  99 0136 F21F 5480 	fmove.d (%sp)+,%fp1
 100 013a F200 0422 	fadd.x %fp1,%fp0
 101 013e F22E 7400 	fmove.d %fp0,-8(%fp)
 101      FFF8 
 102 0144 222E FFF0 	move.l -16(%fp),%d1
 103 0148 0281 000F 	and.l #1048575,%d1
 103      FFFF 
 104 014e 70D0      	moveq #-48,%d0
 105 0150 D08E      	add.l %fp,%d0
 106 0152 5880      	addq.l #4,%d0
 107 0154 2040      	move.l %d0,%a0
68K GAS   			page 3


 108 0156 2010      	move.l (%a0),%d0
 109 0158 8081      	or.l %d1,%d0
 110 015a 4A80      	tst.l %d0
 111 015c 660C      	jne .L8
 112 015e 2D6E FFD0 	move.l -48(%fp),-8(%fp)
 112      FFF8 
 113 0164 2D6E FFD4 	move.l -44(%fp),-4(%fp)
 113      FFFC 
 114               	.L8:
 115 016a 222E FFEC 	move.l -20(%fp),%d1
 116 016e 0A81 7FF0 	eor.l #2146435072,%d1
 116      0000 
 117 0174 70C8      	moveq #-56,%d0
 118 0176 D08E      	add.l %fp,%d0
 119 0178 5880      	addq.l #4,%d0
 120 017a 2240      	move.l %d0,%a1
 121 017c 2011      	move.l (%a1),%d0
 122 017e 8081      	or.l %d1,%d0
 123 0180 4A80      	tst.l %d0
 124 0182 660C      	jne .L9
 125 0184 2D6E FFC8 	move.l -56(%fp),-8(%fp)
 125      FFF8 
 126 018a 2D6E FFCC 	move.l -52(%fp),-4(%fp)
 126      FFFC 
 127               	.L9:
 128 0190 202E FFF8 	move.l -8(%fp),%d0
 129 0194 222E FFFC 	move.l -4(%fp),%d1
 130 0198 6000 049A 	jra .L5
 131               	.L7:
 132 019c 06AE DA80 	add.l #-629145600,-16(%fp)
 132      0000 FFF0 
 133 01a4 06AE DA80 	add.l #-629145600,-20(%fp)
 133      0000 FFEC 
 134 01ac 06AE 0000 	add.l #600,-12(%fp)
 134      0258 FFF4 
 135 01b4 70D0      	moveq #-48,%d0
 136 01b6 D08E      	add.l %fp,%d0
 137 01b8 2040      	move.l %d0,%a0
 138 01ba 20AE FFF0 	move.l -16(%fp),(%a0)
 139 01be 70C8      	moveq #-56,%d0
 140 01c0 D08E      	add.l %fp,%d0
 141 01c2 2240      	move.l %d0,%a1
 142 01c4 22AE FFEC 	move.l -20(%fp),(%a1)
 143               	.L6:
 144 01c8 0CAE 20AF 	cmp.l #548405247,-20(%fp)
 144      FFFF FFEC 
 145 01d0 6E00 00DE 	jgt .L10
 146 01d4 0CAE 000F 	cmp.l #1048575,-20(%fp)
 146      FFFF FFEC 
 147 01dc 6E00 00A6 	jgt .L11
 148 01e0 70C8      	moveq #-56,%d0
 149 01e2 D08E      	add.l %fp,%d0
 150 01e4 5880      	addq.l #4,%d0
 151 01e6 2040      	move.l %d0,%a0
 152 01e8 2010      	move.l (%a0),%d0
 153 01ea 80AE FFEC 	or.l -20(%fp),%d0
 154 01ee 4A80      	tst.l %d0
68K GAS   			page 4


 155 01f0 660C      	jne .L12
 156 01f2 202E FFD0 	move.l -48(%fp),%d0
 157 01f6 222E FFD4 	move.l -44(%fp),%d1
 158 01fa 6000 0438 	jra .L5
 159               	.L12:
 160 01fe 42AE FFC0 	clr.l -64(%fp)
 161 0202 42AE FFC4 	clr.l -60(%fp)
 162 0206 70C0      	moveq #-64,%d0
 163 0208 D08E      	add.l %fp,%d0
 164 020a 2240      	move.l %d0,%a1
 165 020c 22BC 7FD0 	move.l #2144337920,(%a1)
 165      0000 
 166 0212 206E FFC8 	move.l -56(%fp),%a0
 167 0216 226E FFCC 	move.l -52(%fp),%a1
 168 021a 202E FFC0 	move.l -64(%fp),%d0
 169 021e 222E FFC4 	move.l -60(%fp),%d1
 170 0222 2F09      	move.l %a1,-(%sp)
 171 0224 2F08      	move.l %a0,-(%sp)
 172 0226 F21F 5400 	fmove.d (%sp)+,%fp0
 173 022a 2F01      	move.l %d1,-(%sp)
 174 022c 2F00      	move.l %d0,-(%sp)
 175 022e F21F 5480 	fmove.d (%sp)+,%fp1
 176 0232 F200 0423 	fmul.x %fp1,%fp0
 177 0236 F227 7400 	fmove.d %fp0,-(%sp)
 178 023a 201F      	move.l (%sp)+,%d0
 179 023c 221F      	move.l (%sp)+,%d1
 180 023e 2D40 FFC8 	move.l %d0,-56(%fp)
 181 0242 2D41 FFCC 	move.l %d1,-52(%fp)
 182 0246 206E FFD0 	move.l -48(%fp),%a0
 183 024a 226E FFD4 	move.l -44(%fp),%a1
 184 024e 202E FFC0 	move.l -64(%fp),%d0
 185 0252 222E FFC4 	move.l -60(%fp),%d1
 186 0256 2F09      	move.l %a1,-(%sp)
 187 0258 2F08      	move.l %a0,-(%sp)
 188 025a F21F 5400 	fmove.d (%sp)+,%fp0
 189 025e 2F01      	move.l %d1,-(%sp)
 190 0260 2F00      	move.l %d0,-(%sp)
 191 0262 F21F 5480 	fmove.d (%sp)+,%fp1
 192 0266 F200 0423 	fmul.x %fp1,%fp0
 193 026a F227 7400 	fmove.d %fp0,-(%sp)
 194 026e 201F      	move.l (%sp)+,%d0
 195 0270 221F      	move.l (%sp)+,%d1
 196 0272 2D40 FFD0 	move.l %d0,-48(%fp)
 197 0276 2D41 FFD4 	move.l %d1,-44(%fp)
 198 027a 06AE FFFF 	add.l #-1022,-12(%fp)
 198      FC02 FFF4 
 199 0282 602C      	jra .L10
 200               	.L11:
 201 0284 06AE 2580 	add.l #629145600,-16(%fp)
 201      0000 FFF0 
 202 028c 06AE 2580 	add.l #629145600,-20(%fp)
 202      0000 FFEC 
 203 0294 06AE FFFF 	add.l #-600,-12(%fp)
 203      FDA8 FFF4 
 204 029c 70D0      	moveq #-48,%d0
 205 029e D08E      	add.l %fp,%d0
 206 02a0 2040      	move.l %d0,%a0
68K GAS   			page 5


 207 02a2 20AE FFF0 	move.l -16(%fp),(%a0)
 208 02a6 70C8      	moveq #-56,%d0
 209 02a8 D08E      	add.l %fp,%d0
 210 02aa 2240      	move.l %d0,%a1
 211 02ac 22AE FFEC 	move.l -20(%fp),(%a1)
 212               	.L10:
 213 02b0 202E FFD0 	move.l -48(%fp),%d0
 214 02b4 222E FFD4 	move.l -44(%fp),%d1
 215 02b8 206E FFC8 	move.l -56(%fp),%a0
 216 02bc 226E FFCC 	move.l -52(%fp),%a1
 217 02c0 2F01      	move.l %d1,-(%sp)
 218 02c2 2F00      	move.l %d0,-(%sp)
 219 02c4 F21F 5400 	fmove.d (%sp)+,%fp0
 220 02c8 2F09      	move.l %a1,-(%sp)
 221 02ca 2F08      	move.l %a0,-(%sp)
 222 02cc F21F 5480 	fmove.d (%sp)+,%fp1
 223 02d0 F200 0428 	fsub.x %fp1,%fp0
 224 02d4 F22E 7400 	fmove.d %fp0,-8(%fp)
 224      FFF8 
 225 02da 202E FFC8 	move.l -56(%fp),%d0
 226 02de 222E FFCC 	move.l -52(%fp),%d1
 227 02e2 206E FFF8 	move.l -8(%fp),%a0
 228 02e6 226E FFFC 	move.l -4(%fp),%a1
 229 02ea 2F09      	move.l %a1,-(%sp)
 230 02ec 2F08      	move.l %a0,-(%sp)
 231 02ee F21F 5400 	fmove.d (%sp)+,%fp0
 232 02f2 2F01      	move.l %d1,-(%sp)
 233 02f4 2F00      	move.l %d0,-(%sp)
 234 02f6 F21F 5480 	fmove.d (%sp)+,%fp1
 235 02fa F200 0438 	fcmp.x %fp1,%fp0
 236 02fe F240 0012 	fsgt %d0
 237 0302 4400      	neg.b %d0
 238 0304 4A00      	tst.b %d0
 239 0306 6700 013A 	jeq .L13
 240 030a 42AE FFC0 	clr.l -64(%fp)
 241 030e 42AE FFC4 	clr.l -60(%fp)
 242 0312 70C0      	moveq #-64,%d0
 243 0314 D08E      	add.l %fp,%d0
 244 0316 2040      	move.l %d0,%a0
 245 0318 20AE FFF0 	move.l -16(%fp),(%a0)
 246 031c 202E FFD0 	move.l -48(%fp),%d0
 247 0320 222E FFD4 	move.l -44(%fp),%d1
 248 0324 206E FFC0 	move.l -64(%fp),%a0
 249 0328 226E FFC4 	move.l -60(%fp),%a1
 250 032c 2F01      	move.l %d1,-(%sp)
 251 032e 2F00      	move.l %d0,-(%sp)
 252 0330 F21F 5400 	fmove.d (%sp)+,%fp0
 253 0334 2F09      	move.l %a1,-(%sp)
 254 0336 2F08      	move.l %a0,-(%sp)
 255 0338 F21F 5480 	fmove.d (%sp)+,%fp1
 256 033c F200 0428 	fsub.x %fp1,%fp0
 257 0340 F22E 7400 	fmove.d %fp0,-32(%fp)
 257      FFE0 
 258 0346 206E FFC0 	move.l -64(%fp),%a0
 259 034a 226E FFC4 	move.l -60(%fp),%a1
 260 034e 202E FFC0 	move.l -64(%fp),%d0
 261 0352 222E FFC4 	move.l -60(%fp),%d1
68K GAS   			page 6


 262 0356 2F09      	move.l %a1,-(%sp)
 263 0358 2F08      	move.l %a0,-(%sp)
 264 035a F21F 5400 	fmove.d (%sp)+,%fp0
 265 035e 2F01      	move.l %d1,-(%sp)
 266 0360 2F00      	move.l %d0,-(%sp)
 267 0362 F21F 5480 	fmove.d (%sp)+,%fp1
 268 0366 F200 0423 	fmul.x %fp1,%fp0
 269 036a F227 7400 	fmove.d %fp0,-(%sp)
 270 036e 201F      	move.l (%sp)+,%d0
 271 0370 221F      	move.l (%sp)+,%d1
 272 0372 206E FFC8 	move.l -56(%fp),%a0
 273 0376 226E FFCC 	move.l -52(%fp),%a1
 274 037a 2F09      	move.l %a1,-(%sp)
 275 037c 2F08      	move.l %a0,-(%sp)
 276 037e F21F 5400 	fmove.d (%sp)+,%fp0
 277 0382 F200 001A 	fneg.x %fp0,%fp0
 278 0386 F227 7400 	fmove.d %fp0,-(%sp)
 279 038a 205F      	move.l (%sp)+,%a0
 280 038c 225F      	move.l (%sp)+,%a1
 281 038e 242E FFC8 	move.l -56(%fp),%d2
 282 0392 262E FFCC 	move.l -52(%fp),%d3
 283 0396 2F09      	move.l %a1,-(%sp)
 284 0398 2F08      	move.l %a0,-(%sp)
 285 039a F21F 5480 	fmove.d (%sp)+,%fp1
 286 039e 2F03      	move.l %d3,-(%sp)
 287 03a0 2F02      	move.l %d2,-(%sp)
 288 03a2 F21F 5400 	fmove.d (%sp)+,%fp0
 289 03a6 F200 00A3 	fmul.x %fp0,%fp1
 290 03aa F227 7480 	fmove.d %fp1,-(%sp)
 291 03ae 205F      	move.l (%sp)+,%a0
 292 03b0 225F      	move.l (%sp)+,%a1
 293 03b2 282E FFD0 	move.l -48(%fp),%d4
 294 03b6 2A2E FFD4 	move.l -44(%fp),%d5
 295 03ba 242E FFC0 	move.l -64(%fp),%d2
 296 03be 262E FFC4 	move.l -60(%fp),%d3
 297 03c2 2F05      	move.l %d5,-(%sp)
 298 03c4 2F04      	move.l %d4,-(%sp)
 299 03c6 F21F 5480 	fmove.d (%sp)+,%fp1
 300 03ca 2F03      	move.l %d3,-(%sp)
 301 03cc 2F02      	move.l %d2,-(%sp)
 302 03ce F21F 5400 	fmove.d (%sp)+,%fp0
 303 03d2 F200 00A2 	fadd.x %fp0,%fp1
 304 03d6 F227 7480 	fmove.d %fp1,-(%sp)
 305 03da 241F      	move.l (%sp)+,%d2
 306 03dc 261F      	move.l (%sp)+,%d3
 307 03de 2F03      	move.l %d3,-(%sp)
 308 03e0 2F02      	move.l %d2,-(%sp)
 309 03e2 F21F 5480 	fmove.d (%sp)+,%fp1
 310 03e6 F22E 54A3 	fmul.d -32(%fp),%fp1
 310      FFE0 
 311 03ec F227 7480 	fmove.d %fp1,-(%sp)
 312 03f0 241F      	move.l (%sp)+,%d2
 313 03f2 261F      	move.l (%sp)+,%d3
 314 03f4 2F09      	move.l %a1,-(%sp)
 315 03f6 2F08      	move.l %a0,-(%sp)
 316 03f8 F21F 5400 	fmove.d (%sp)+,%fp0
 317 03fc 2F03      	move.l %d3,-(%sp)
68K GAS   			page 7


 318 03fe 2F02      	move.l %d2,-(%sp)
 319 0400 F21F 5480 	fmove.d (%sp)+,%fp1
 320 0404 F200 0428 	fsub.x %fp1,%fp0
 321 0408 F227 7400 	fmove.d %fp0,-(%sp)
 322 040c 205F      	move.l (%sp)+,%a0
 323 040e 225F      	move.l (%sp)+,%a1
 324 0410 2F01      	move.l %d1,-(%sp)
 325 0412 2F00      	move.l %d0,-(%sp)
 326 0414 F21F 5400 	fmove.d (%sp)+,%fp0
 327 0418 2F09      	move.l %a1,-(%sp)
 328 041a 2F08      	move.l %a0,-(%sp)
 329 041c F21F 5480 	fmove.d (%sp)+,%fp1
 330 0420 F200 0428 	fsub.x %fp1,%fp0
 331 0424 F227 7400 	fmove.d %fp0,-(%sp)
 332 0428 201F      	move.l (%sp)+,%d0
 333 042a 221F      	move.l (%sp)+,%d1
 334 042c 2F01      	move.l %d1,-(%sp)
 335 042e 2F00      	move.l %d0,-(%sp)
 336 0430 4EB9 0000 	jsr sqrt
 336      0000 
 337 0436 508F      	addq.l #8,%sp
 338 0438 F22E 7400 	fmove.d %fp0,-8(%fp)
 338      FFF8 
 339 043e 6000 01A0 	jra .L14
 340               	.L13:
 341 0442 202E FFD0 	move.l -48(%fp),%d0
 342 0446 222E FFD4 	move.l -44(%fp),%d1
 343 044a 2F01      	move.l %d1,-(%sp)
 344 044c 2F00      	move.l %d0,-(%sp)
 345 044e F21F 5400 	fmove.d (%sp)+,%fp0
 346 0452 2F01      	move.l %d1,-(%sp)
 347 0454 2F00      	move.l %d0,-(%sp)
 348 0456 F21F 5480 	fmove.d (%sp)+,%fp1
 349 045a F200 0422 	fadd.x %fp1,%fp0
 350 045e F227 7400 	fmove.d %fp0,-(%sp)
 351 0462 201F      	move.l (%sp)+,%d0
 352 0464 221F      	move.l (%sp)+,%d1
 353 0466 2D40 FFD0 	move.l %d0,-48(%fp)
 354 046a 2D41 FFD4 	move.l %d1,-44(%fp)
 355 046e 42AE FFB8 	clr.l -72(%fp)
 356 0472 42AE FFBC 	clr.l -68(%fp)
 357 0476 70B8      	moveq #-72,%d0
 358 0478 D08E      	add.l %fp,%d0
 359 047a 2040      	move.l %d0,%a0
 360 047c 20AE FFEC 	move.l -20(%fp),(%a0)
 361 0480 202E FFC8 	move.l -56(%fp),%d0
 362 0484 222E FFCC 	move.l -52(%fp),%d1
 363 0488 206E FFB8 	move.l -72(%fp),%a0
 364 048c 226E FFBC 	move.l -68(%fp),%a1
 365 0490 2F01      	move.l %d1,-(%sp)
 366 0492 2F00      	move.l %d0,-(%sp)
 367 0494 F21F 5400 	fmove.d (%sp)+,%fp0
 368 0498 2F09      	move.l %a1,-(%sp)
 369 049a 2F08      	move.l %a0,-(%sp)
 370 049c F21F 5480 	fmove.d (%sp)+,%fp1
 371 04a0 F200 0428 	fsub.x %fp1,%fp0
 372 04a4 F22E 7400 	fmove.d %fp0,-40(%fp)
68K GAS   			page 8


 372      FFD8 
 373 04aa 42AE FFC0 	clr.l -64(%fp)
 374 04ae 42AE FFC4 	clr.l -60(%fp)
 375 04b2 70C0      	moveq #-64,%d0
 376 04b4 D08E      	add.l %fp,%d0
 377 04b6 222E FFF0 	move.l -16(%fp),%d1
 378 04ba 0681 0010 	add.l #1048576,%d1
 378      0000 
 379 04c0 2040      	move.l %d0,%a0
 380 04c2 2081      	move.l %d1,(%a0)
 381 04c4 202E FFD0 	move.l -48(%fp),%d0
 382 04c8 222E FFD4 	move.l -44(%fp),%d1
 383 04cc 206E FFC0 	move.l -64(%fp),%a0
 384 04d0 226E FFC4 	move.l -60(%fp),%a1
 385 04d4 2F01      	move.l %d1,-(%sp)
 386 04d6 2F00      	move.l %d0,-(%sp)
 387 04d8 F21F 5400 	fmove.d (%sp)+,%fp0
 388 04dc 2F09      	move.l %a1,-(%sp)
 389 04de 2F08      	move.l %a0,-(%sp)
 390 04e0 F21F 5480 	fmove.d (%sp)+,%fp1
 391 04e4 F200 0428 	fsub.x %fp1,%fp0
 392 04e8 F22E 7400 	fmove.d %fp0,-32(%fp)
 392      FFE0 
 393 04ee 206E FFC0 	move.l -64(%fp),%a0
 394 04f2 226E FFC4 	move.l -60(%fp),%a1
 395 04f6 202E FFB8 	move.l -72(%fp),%d0
 396 04fa 222E FFBC 	move.l -68(%fp),%d1
 397 04fe 2F09      	move.l %a1,-(%sp)
 398 0500 2F08      	move.l %a0,-(%sp)
 399 0502 F21F 5400 	fmove.d (%sp)+,%fp0
 400 0506 2F01      	move.l %d1,-(%sp)
 401 0508 2F00      	move.l %d0,-(%sp)
 402 050a F21F 5480 	fmove.d (%sp)+,%fp1
 403 050e F200 0423 	fmul.x %fp1,%fp0
 404 0512 F227 7400 	fmove.d %fp0,-(%sp)
 405 0516 201F      	move.l (%sp)+,%d0
 406 0518 221F      	move.l (%sp)+,%d1
 407 051a F22E 541A 	fneg.d -8(%fp),%fp0
 407      FFF8 
 408 0520 F227 7400 	fmove.d %fp0,-(%sp)
 409 0524 205F      	move.l (%sp)+,%a0
 410 0526 225F      	move.l (%sp)+,%a1
 411 0528 2F09      	move.l %a1,-(%sp)
 412 052a 2F08      	move.l %a0,-(%sp)
 413 052c F21F 5480 	fmove.d (%sp)+,%fp1
 414 0530 F22E 54A3 	fmul.d -8(%fp),%fp1
 414      FFF8 
 415 0536 F227 7480 	fmove.d %fp1,-(%sp)
 416 053a 205F      	move.l (%sp)+,%a0
 417 053c 225F      	move.l (%sp)+,%a1
 418 053e 242E FFC0 	move.l -64(%fp),%d2
 419 0542 262E FFC4 	move.l -60(%fp),%d3
 420 0546 2F03      	move.l %d3,-(%sp)
 421 0548 2F02      	move.l %d2,-(%sp)
 422 054a F21F 5400 	fmove.d (%sp)+,%fp0
 423 054e F22E 5423 	fmul.d -40(%fp),%fp0
 423      FFD8 
68K GAS   			page 9


 424 0554 F227 7400 	fmove.d %fp0,-(%sp)
 425 0558 281F      	move.l (%sp)+,%d4
 426 055a 2A1F      	move.l (%sp)+,%d5
 427 055c 242E FFC8 	move.l -56(%fp),%d2
 428 0560 262E FFCC 	move.l -52(%fp),%d3
 429 0564 2F03      	move.l %d3,-(%sp)
 430 0566 2F02      	move.l %d2,-(%sp)
 431 0568 F21F 5480 	fmove.d (%sp)+,%fp1
 432 056c F22E 54A3 	fmul.d -32(%fp),%fp1
 432      FFE0 
 433 0572 F227 7480 	fmove.d %fp1,-(%sp)
 434 0576 241F      	move.l (%sp)+,%d2
 435 0578 261F      	move.l (%sp)+,%d3
 436 057a 2F05      	move.l %d5,-(%sp)
 437 057c 2F04      	move.l %d4,-(%sp)
 438 057e F21F 5400 	fmove.d (%sp)+,%fp0
 439 0582 2F03      	move.l %d3,-(%sp)
 440 0584 2F02      	move.l %d2,-(%sp)
 441 0586 F21F 5480 	fmove.d (%sp)+,%fp1
 442 058a F200 0422 	fadd.x %fp1,%fp0
 443 058e F227 7400 	fmove.d %fp0,-(%sp)
 444 0592 241F      	move.l (%sp)+,%d2
 445 0594 261F      	move.l (%sp)+,%d3
 446 0596 2F09      	move.l %a1,-(%sp)
 447 0598 2F08      	move.l %a0,-(%sp)
 448 059a F21F 5400 	fmove.d (%sp)+,%fp0
 449 059e 2F03      	move.l %d3,-(%sp)
 450 05a0 2F02      	move.l %d2,-(%sp)
 451 05a2 F21F 5480 	fmove.d (%sp)+,%fp1
 452 05a6 F200 0428 	fsub.x %fp1,%fp0
 453 05aa F227 7400 	fmove.d %fp0,-(%sp)
 454 05ae 205F      	move.l (%sp)+,%a0
 455 05b0 225F      	move.l (%sp)+,%a1
 456 05b2 2F01      	move.l %d1,-(%sp)
 457 05b4 2F00      	move.l %d0,-(%sp)
 458 05b6 F21F 5400 	fmove.d (%sp)+,%fp0
 459 05ba 2F09      	move.l %a1,-(%sp)
 460 05bc 2F08      	move.l %a0,-(%sp)
 461 05be F21F 5480 	fmove.d (%sp)+,%fp1
 462 05c2 F200 0428 	fsub.x %fp1,%fp0
 463 05c6 F227 7400 	fmove.d %fp0,-(%sp)
 464 05ca 201F      	move.l (%sp)+,%d0
 465 05cc 221F      	move.l (%sp)+,%d1
 466 05ce 2F01      	move.l %d1,-(%sp)
 467 05d0 2F00      	move.l %d0,-(%sp)
 468 05d2 4EB9 0000 	jsr sqrt
 468      0000 
 469 05d8 508F      	addq.l #8,%sp
 470 05da F22E 7400 	fmove.d %fp0,-8(%fp)
 470      FFF8 
 471               	.L14:
 472 05e0 4AAE FFF4 	tst.l -12(%fp)
 473 05e4 6746      	jeq .L15
 474 05e6 2D7C 3FF0 	move.l #1072693248,-64(%fp)
 474      0000 FFC0 
 475 05ee 42AE FFC4 	clr.l -60(%fp)
 476 05f2 70C0      	moveq #-64,%d0
68K GAS   			page 10


 477 05f4 D08E      	add.l %fp,%d0
 478 05f6 72C0      	moveq #-64,%d1
 479 05f8 D28E      	add.l %fp,%d1
 480 05fa 2241      	move.l %d1,%a1
 481 05fc 2051      	move.l (%a1),%a0
 482 05fe 222E FFF4 	move.l -12(%fp),%d1
 483 0602 7414      	moveq #20,%d2
 484 0604 E5A9      	lsl.l %d2,%d1
 485 0606 D288      	add.l %a0,%d1
 486 0608 2040      	move.l %d0,%a0
 487 060a 2081      	move.l %d1,(%a0)
 488 060c 202E FFC0 	move.l -64(%fp),%d0
 489 0610 222E FFC4 	move.l -60(%fp),%d1
 490 0614 2F01      	move.l %d1,-(%sp)
 491 0616 2F00      	move.l %d0,-(%sp)
 492 0618 F21F 5400 	fmove.d (%sp)+,%fp0
 493 061c F22E 5423 	fmul.d -8(%fp),%fp0
 493      FFF8 
 494 0622 F227 7400 	fmove.d %fp0,-(%sp)
 495 0626 201F      	move.l (%sp)+,%d0
 496 0628 221F      	move.l (%sp)+,%d1
 497 062a 6008      	jra .L5
 498               	.L15:
 499 062c 202E FFF8 	move.l -8(%fp),%d0
 500 0630 222E FFFC 	move.l -4(%fp),%d1
 501               	.L5:
 502 0634 2F01      	move.l %d1,-(%sp)
 503 0636 2F00      	move.l %d0,-(%sp)
 504 0638 F21F 5400 	fmove.d (%sp)+,%fp0
 505 063c 4CEE 003C 	movem.l -88(%fp),#60
 505      FFA8 
 506 0642 4E5E      	unlk %fp
 507 0644 4E75      	rts
 509               	.ident"GCC: (GNU) 4.5.1"
 510               	.section.note.GNU-stack,"",@progbits
68K GAS   			page 11


DEFINED SYMBOLS
                            *ABS*:00000000 e_hypot.c
    {standard input}:7      .text:00000000 __ieee754_hypot

UNDEFINED SYMBOLS
sqrt
