68K GAS   			page 1


   1               	
   2               	.file"e_sqrt.c"
   3               	.section.rodata
   4               	.align2
   7               	one:
   8 0000 3FF0 0000 	.long1072693248
   9 0004 0000 0000 	.long0
  10               	.align2
  13               	tiny:
  14 0008 01A5 6E1F 	.long27618847
  15 000c C2F8 F359 	.long-1023872167
  16               	.text
  17               	.align2
  18               	.globl__ieee754_sqrt
  20               	__ieee754_sqrt:
  21 0000 4E56 FFC8 	link.w %fp,#-56
  22 0004 2F03      	move.l %d3,-(%sp)
  23 0006 2F02      	move.l %d2,-(%sp)
  24 0008 2D7C 8000 	move.l #-2147483648,-40(%fp)
  24      0000 FFD8 
  25 0010 200E      	move.l %fp,%d0
  26 0012 5080      	addq.l #8,%d0
  27 0014 2040      	move.l %d0,%a0
  28 0016 2D50 FFEC 	move.l (%a0),-20(%fp)
  29 001a 200E      	move.l %fp,%d0
  30 001c 5080      	addq.l #8,%d0
  31 001e 5880      	addq.l #4,%d0
  32 0020 2040      	move.l %d0,%a0
  33 0022 2010      	move.l (%a0),%d0
  34 0024 2D40 FFF4 	move.l %d0,-12(%fp)
  35 0028 202E FFEC 	move.l -20(%fp),%d0
  36 002c 0280 7FF0 	and.l #2146435072,%d0
  36      0000 
  37 0032 0C80 7FF0 	cmp.l #2146435072,%d0
  37      0000 
  38 0038 6654      	jne .L2
  39 003a 206E 0008 	move.l 8(%fp),%a0
  40 003e 226E 000C 	move.l 12(%fp),%a1
  41 0042 202E 0008 	move.l 8(%fp),%d0
  42 0046 222E 000C 	move.l 12(%fp),%d1
  43 004a 2F09      	move.l %a1,-(%sp)
  44 004c 2F08      	move.l %a0,-(%sp)
  45 004e F21F 5400 	fmove.d (%sp)+,%fp0
  46 0052 2F01      	move.l %d1,-(%sp)
  47 0054 2F00      	move.l %d0,-(%sp)
  48 0056 F21F 5480 	fmove.d (%sp)+,%fp1
  49 005a F200 0423 	fmul.x %fp1,%fp0
  50 005e F227 7400 	fmove.d %fp0,-(%sp)
  51 0062 201F      	move.l (%sp)+,%d0
  52 0064 221F      	move.l (%sp)+,%d1
  53 0066 206E 0008 	move.l 8(%fp),%a0
  54 006a 226E 000C 	move.l 12(%fp),%a1
  55 006e 2F01      	move.l %d1,-(%sp)
  56 0070 2F00      	move.l %d0,-(%sp)
  57 0072 F21F 5400 	fmove.d (%sp)+,%fp0
  58 0076 2F09      	move.l %a1,-(%sp)
  59 0078 2F08      	move.l %a0,-(%sp)
68K GAS   			page 2


  60 007a F21F 5480 	fmove.d (%sp)+,%fp1
  61 007e F200 0422 	fadd.x %fp1,%fp0
  62 0082 F227 7400 	fmove.d %fp0,-(%sp)
  63 0086 201F      	move.l (%sp)+,%d0
  64 0088 221F      	move.l (%sp)+,%d1
  65 008a 6000 047C 	jra .L3
  66               	.L2:
  67 008e 4AAE FFEC 	tst.l -20(%fp)
  68 0092 6E00 009E 	jgt .L4
  69 0096 202E FFD8 	move.l -40(%fp),%d0
  70 009a 4680      	not.l %d0
  71 009c C0AE FFEC 	and.l -20(%fp),%d0
  72 00a0 80AE FFF4 	or.l -12(%fp),%d0
  73 00a4 4A80      	tst.l %d0
  74 00a6 660C      	jne .L5
  75 00a8 202E 0008 	move.l 8(%fp),%d0
  76 00ac 222E 000C 	move.l 12(%fp),%d1
  77 00b0 6000 0456 	jra .L3
  78               	.L5:
  79 00b4 4AAE FFEC 	tst.l -20(%fp)
  80 00b8 6C78      	jge .L4
  81 00ba 202E 0008 	move.l 8(%fp),%d0
  82 00be 222E 000C 	move.l 12(%fp),%d1
  83 00c2 206E 0008 	move.l 8(%fp),%a0
  84 00c6 226E 000C 	move.l 12(%fp),%a1
  85 00ca 2F01      	move.l %d1,-(%sp)
  86 00cc 2F00      	move.l %d0,-(%sp)
  87 00ce F21F 5400 	fmove.d (%sp)+,%fp0
  88 00d2 2F09      	move.l %a1,-(%sp)
  89 00d4 2F08      	move.l %a0,-(%sp)
  90 00d6 F21F 5480 	fmove.d (%sp)+,%fp1
  91 00da F200 0428 	fsub.x %fp1,%fp0
  92 00de F227 7400 	fmove.d %fp0,-(%sp)
  93 00e2 201F      	move.l (%sp)+,%d0
  94 00e4 221F      	move.l (%sp)+,%d1
  95 00e6 206E 0008 	move.l 8(%fp),%a0
  96 00ea 226E 000C 	move.l 12(%fp),%a1
  97 00ee 242E 0008 	move.l 8(%fp),%d2
  98 00f2 262E 000C 	move.l 12(%fp),%d3
  99 00f6 2F09      	move.l %a1,-(%sp)
 100 00f8 2F08      	move.l %a0,-(%sp)
 101 00fa F21F 5400 	fmove.d (%sp)+,%fp0
 102 00fe 2F03      	move.l %d3,-(%sp)
 103 0100 2F02      	move.l %d2,-(%sp)
 104 0102 F21F 5480 	fmove.d (%sp)+,%fp1
 105 0106 F200 0428 	fsub.x %fp1,%fp0
 106 010a F227 7400 	fmove.d %fp0,-(%sp)
 107 010e 205F      	move.l (%sp)+,%a0
 108 0110 225F      	move.l (%sp)+,%a1
 109 0112 2F01      	move.l %d1,-(%sp)
 110 0114 2F00      	move.l %d0,-(%sp)
 111 0116 F21F 5400 	fmove.d (%sp)+,%fp0
 112 011a 2F09      	move.l %a1,-(%sp)
 113 011c 2F08      	move.l %a0,-(%sp)
 114 011e F21F 5480 	fmove.d (%sp)+,%fp1
 115 0122 F200 0420 	fdiv.x %fp1,%fp0
 116 0126 F227 7400 	fmove.d %fp0,-(%sp)
68K GAS   			page 3


 117 012a 201F      	move.l (%sp)+,%d0
 118 012c 221F      	move.l (%sp)+,%d1
 119 012e 6000 03D8 	jra .L3
 120               	.L4:
 121 0132 202E FFEC 	move.l -20(%fp),%d0
 122 0136 7214      	moveq #20,%d1
 123 0138 E2A0      	asr.l %d1,%d0
 124 013a 2D40 FFE0 	move.l %d0,-32(%fp)
 125 013e 4AAE FFE0 	tst.l -32(%fp)
 126 0142 6600 0082 	jne .L6
 127 0146 6024      	jra .L7
 128               	.L8:
 129 0148 74EB      	moveq #-21,%d2
 130 014a D5AE FFE0 	add.l %d2,-32(%fp)
 131 014e 202E FFF4 	move.l -12(%fp),%d0
 132 0152 720B      	moveq #11,%d1
 133 0154 E2A8      	lsr.l %d1,%d0
 134 0156 222E FFEC 	move.l -20(%fp),%d1
 135 015a 8081      	or.l %d1,%d0
 136 015c 2D40 FFEC 	move.l %d0,-20(%fp)
 137 0160 202E FFF4 	move.l -12(%fp),%d0
 138 0164 7415      	moveq #21,%d2
 139 0166 E5A8      	lsl.l %d2,%d0
 140 0168 2D40 FFF4 	move.l %d0,-12(%fp)
 141               	.L7:
 142 016c 4AAE FFEC 	tst.l -20(%fp)
 143 0170 67D6      	jeq .L8
 144 0172 42AE FFDC 	clr.l -36(%fp)
 145 0176 600E      	jra .L9
 146               	.L10:
 147 0178 202E FFEC 	move.l -20(%fp),%d0
 148 017c D080      	add.l %d0,%d0
 149 017e 2D40 FFEC 	move.l %d0,-20(%fp)
 150 0182 52AE FFDC 	addq.l #1,-36(%fp)
 151               	.L9:
 152 0186 202E FFEC 	move.l -20(%fp),%d0
 153 018a 0280 0010 	and.l #1048576,%d0
 153      0000 
 154 0190 4A80      	tst.l %d0
 155 0192 67E4      	jeq .L10
 156 0194 7001      	moveq #1,%d0
 157 0196 90AE FFDC 	sub.l -36(%fp),%d0
 158 019a D1AE FFE0 	add.l %d0,-32(%fp)
 159 019e 7020      	moveq #32,%d0
 160 01a0 90AE FFDC 	sub.l -36(%fp),%d0
 161 01a4 222E FFF4 	move.l -12(%fp),%d1
 162 01a8 2401      	move.l %d1,%d2
 163 01aa E0AA      	lsr.l %d0,%d2
 164 01ac 2002      	move.l %d2,%d0
 165 01ae 222E FFEC 	move.l -20(%fp),%d1
 166 01b2 8081      	or.l %d1,%d0
 167 01b4 2D40 FFEC 	move.l %d0,-20(%fp)
 168 01b8 202E FFF4 	move.l -12(%fp),%d0
 169 01bc 222E FFDC 	move.l -36(%fp),%d1
 170 01c0 E3A8      	lsl.l %d1,%d0
 171 01c2 2D40 FFF4 	move.l %d0,-12(%fp)
 172               	.L6:
68K GAS   			page 4


 173 01c6 06AE FFFF 	add.l #-1023,-32(%fp)
 173      FC01 FFE0 
 174 01ce 202E FFEC 	move.l -20(%fp),%d0
 175 01d2 0280 000F 	and.l #1048575,%d0
 175      FFFF 
 176 01d8 2400      	move.l %d0,%d2
 177 01da 08C2 0014 	bset #20,%d2
 178 01de 2D42 FFEC 	move.l %d2,-20(%fp)
 179 01e2 7001      	moveq #1,%d0
 180 01e4 C0AE FFE0 	and.l -32(%fp),%d0
 181 01e8 1000      	move.b %d0,%d0
 182 01ea 4A00      	tst.b %d0
 183 01ec 6726      	jeq .L11
 184 01ee 202E FFD8 	move.l -40(%fp),%d0
 185 01f2 C0AE FFF4 	and.l -12(%fp),%d0
 186 01f6 D080      	add.l %d0,%d0
 187 01f8 9180      	subx.l %d0,%d0
 188 01fa 4480      	neg.l %d0
 189 01fc 222E FFEC 	move.l -20(%fp),%d1
 190 0200 D081      	add.l %d1,%d0
 191 0202 222E FFEC 	move.l -20(%fp),%d1
 192 0206 D081      	add.l %d1,%d0
 193 0208 2D40 FFEC 	move.l %d0,-20(%fp)
 194 020c 202E FFF4 	move.l -12(%fp),%d0
 195 0210 D1AE FFF4 	add.l %d0,-12(%fp)
 196               	.L11:
 197 0214 202E FFE0 	move.l -32(%fp),%d0
 198 0218 E280      	asr.l #1,%d0
 199 021a 2D40 FFE0 	move.l %d0,-32(%fp)
 200 021e 202E FFD8 	move.l -40(%fp),%d0
 201 0222 C0AE FFF4 	and.l -12(%fp),%d0
 202 0226 D080      	add.l %d0,%d0
 203 0228 9180      	subx.l %d0,%d0
 204 022a 4480      	neg.l %d0
 205 022c 222E FFEC 	move.l -20(%fp),%d1
 206 0230 D081      	add.l %d1,%d0
 207 0232 222E FFEC 	move.l -20(%fp),%d1
 208 0236 D081      	add.l %d1,%d0
 209 0238 2D40 FFEC 	move.l %d0,-20(%fp)
 210 023c 222E FFF4 	move.l -12(%fp),%d1
 211 0240 D3AE FFF4 	add.l %d1,-12(%fp)
 212 0244 42AE FFF8 	clr.l -8(%fp)
 213 0248 42AE FFE8 	clr.l -24(%fp)
 214 024c 2D6E FFE8 	move.l -24(%fp),-16(%fp)
 214      FFF0 
 215 0252 2D6E FFF0 	move.l -16(%fp),-28(%fp)
 215      FFE4 
 216 0258 2D7C 0020 	move.l #2097152,-4(%fp)
 216      0000 FFFC 
 217 0260 6066      	jra .L12
 218               	.L14:
 219 0262 202E FFE8 	move.l -24(%fp),%d0
 220 0266 D0AE FFFC 	add.l -4(%fp),%d0
 221 026a 2D40 FFD4 	move.l %d0,-44(%fp)
 222 026e 242E FFD4 	move.l -44(%fp),%d2
 223 0272 B4AE FFEC 	cmp.l -20(%fp),%d2
 224 0276 6E20      	jgt .L13
68K GAS   			page 5


 225 0278 202E FFD4 	move.l -44(%fp),%d0
 226 027c D0AE FFFC 	add.l -4(%fp),%d0
 227 0280 2D40 FFE8 	move.l %d0,-24(%fp)
 228 0284 202E FFD4 	move.l -44(%fp),%d0
 229 0288 91AE FFEC 	sub.l %d0,-20(%fp)
 230 028c 202E FFE4 	move.l -28(%fp),%d0
 231 0290 D0AE FFFC 	add.l -4(%fp),%d0
 232 0294 2D40 FFE4 	move.l %d0,-28(%fp)
 233               	.L13:
 234 0298 202E FFD8 	move.l -40(%fp),%d0
 235 029c C0AE FFF4 	and.l -12(%fp),%d0
 236 02a0 D080      	add.l %d0,%d0
 237 02a2 9180      	subx.l %d0,%d0
 238 02a4 4480      	neg.l %d0
 239 02a6 222E FFEC 	move.l -20(%fp),%d1
 240 02aa D081      	add.l %d1,%d0
 241 02ac 222E FFEC 	move.l -20(%fp),%d1
 242 02b0 D081      	add.l %d1,%d0
 243 02b2 2D40 FFEC 	move.l %d0,-20(%fp)
 244 02b6 222E FFF4 	move.l -12(%fp),%d1
 245 02ba D3AE FFF4 	add.l %d1,-12(%fp)
 246 02be 202E FFFC 	move.l -4(%fp),%d0
 247 02c2 E288      	lsr.l #1,%d0
 248 02c4 2D40 FFFC 	move.l %d0,-4(%fp)
 249               	.L12:
 250 02c8 4AAE FFFC 	tst.l -4(%fp)
 251 02cc 6694      	jne .L14
 252 02ce 2D6E FFD8 	move.l -40(%fp),-4(%fp)
 252      FFFC 
 253 02d4 6000 00B4 	jra .L15
 254               	.L20:
 255 02d8 242E FFF8 	move.l -8(%fp),%d2
 256 02dc D4AE FFFC 	add.l -4(%fp),%d2
 257 02e0 2D42 FFD0 	move.l %d2,-48(%fp)
 258 02e4 2D6E FFE8 	move.l -24(%fp),-44(%fp)
 258      FFD4 
 259 02ea 206E FFD4 	move.l -44(%fp),%a0
 260 02ee B1EE FFEC 	cmp.l -20(%fp),%a0
 261 02f2 6D14      	jlt .L16
 262 02f4 202E FFD4 	move.l -44(%fp),%d0
 263 02f8 B0AE FFEC 	cmp.l -20(%fp),%d0
 264 02fc 665C      	jne .L17
 265 02fe 222E FFD0 	move.l -48(%fp),%d1
 266 0302 B2AE FFF4 	cmp.l -12(%fp),%d1
 267 0306 6252      	jhi .L17
 268               	.L16:
 269 0308 242E FFD0 	move.l -48(%fp),%d2
 270 030c D4AE FFFC 	add.l -4(%fp),%d2
 271 0310 2D42 FFF8 	move.l %d2,-8(%fp)
 272 0314 202E FFD8 	move.l -40(%fp),%d0
 273 0318 C0AE FFD0 	and.l -48(%fp),%d0
 274 031c 222E FFD8 	move.l -40(%fp),%d1
 275 0320 B280      	cmp.l %d0,%d1
 276 0322 6610      	jne .L18
 277 0324 202E FFD8 	move.l -40(%fp),%d0
 278 0328 C0AE FFF8 	and.l -8(%fp),%d0
 279 032c 4A80      	tst.l %d0
68K GAS   			page 6


 280 032e 6604      	jne .L18
 281 0330 52AE FFE8 	addq.l #1,-24(%fp)
 282               	.L18:
 283 0334 202E FFD4 	move.l -44(%fp),%d0
 284 0338 91AE FFEC 	sub.l %d0,-20(%fp)
 285 033c 222E FFF4 	move.l -12(%fp),%d1
 286 0340 B2AE FFD0 	cmp.l -48(%fp),%d1
 287 0344 6404      	jcc .L19
 288 0346 53AE FFEC 	subq.l #1,-20(%fp)
 289               	.L19:
 290 034a 242E FFD0 	move.l -48(%fp),%d2
 291 034e 95AE FFF4 	sub.l %d2,-12(%fp)
 292 0352 202E FFFC 	move.l -4(%fp),%d0
 293 0356 D1AE FFF0 	add.l %d0,-16(%fp)
 294               	.L17:
 295 035a 202E FFD8 	move.l -40(%fp),%d0
 296 035e C0AE FFF4 	and.l -12(%fp),%d0
 297 0362 D080      	add.l %d0,%d0
 298 0364 9180      	subx.l %d0,%d0
 299 0366 4480      	neg.l %d0
 300 0368 222E FFEC 	move.l -20(%fp),%d1
 301 036c D081      	add.l %d1,%d0
 302 036e 222E FFEC 	move.l -20(%fp),%d1
 303 0372 D081      	add.l %d1,%d0
 304 0374 2D40 FFEC 	move.l %d0,-20(%fp)
 305 0378 222E FFF4 	move.l -12(%fp),%d1
 306 037c D3AE FFF4 	add.l %d1,-12(%fp)
 307 0380 202E FFFC 	move.l -4(%fp),%d0
 308 0384 E288      	lsr.l #1,%d0
 309 0386 2D40 FFFC 	move.l %d0,-4(%fp)
 310               	.L15:
 311 038a 4AAE FFFC 	tst.l -4(%fp)
 312 038e 6600 FF48 	jne .L20
 313 0392 202E FFEC 	move.l -20(%fp),%d0
 314 0396 80AE FFF4 	or.l -12(%fp),%d0
 315 039a 4A80      	tst.l %d0
 316 039c 6700 010E 	jeq .L21
 317 03a0 2039 0000 	move.l one,%d0
 317      0000 
 318 03a6 2239 0000 	move.l one+4,%d1
 318      0000 
 319 03ac 2079 0000 	move.l tiny,%a0
 319      0000 
 320 03b2 2279 0000 	move.l tiny+4,%a1
 320      0000 
 321 03b8 2F01      	move.l %d1,-(%sp)
 322 03ba 2F00      	move.l %d0,-(%sp)
 323 03bc F21F 5400 	fmove.d (%sp)+,%fp0
 324 03c0 2F09      	move.l %a1,-(%sp)
 325 03c2 2F08      	move.l %a0,-(%sp)
 326 03c4 F21F 5480 	fmove.d (%sp)+,%fp1
 327 03c8 F200 0428 	fsub.x %fp1,%fp0
 328 03cc F227 7400 	fmove.d %fp0,-(%sp)
 329 03d0 201F      	move.l (%sp)+,%d0
 330 03d2 221F      	move.l (%sp)+,%d1
 331 03d4 2D40 FFC8 	move.l %d0,-56(%fp)
 332 03d8 2D41 FFCC 	move.l %d1,-52(%fp)
68K GAS   			page 7


 333 03dc 206E FFC8 	move.l -56(%fp),%a0
 334 03e0 226E FFCC 	move.l -52(%fp),%a1
 335 03e4 2039 0000 	move.l one,%d0
 335      0000 
 336 03ea 2239 0000 	move.l one+4,%d1
 336      0000 
 337 03f0 2F09      	move.l %a1,-(%sp)
 338 03f2 2F08      	move.l %a0,-(%sp)
 339 03f4 F21F 5400 	fmove.d (%sp)+,%fp0
 340 03f8 2F01      	move.l %d1,-(%sp)
 341 03fa 2F00      	move.l %d0,-(%sp)
 342 03fc F21F 5480 	fmove.d (%sp)+,%fp1
 343 0400 F200 0438 	fcmp.x %fp1,%fp0
 344 0404 F240 0013 	fsge %d0
 345 0408 4400      	neg.b %d0
 346 040a 4A00      	tst.b %d0
 347 040c 6700 009E 	jeq .L21
 348 0410 2079 0000 	move.l one,%a0
 348      0000 
 349 0416 2279 0000 	move.l one+4,%a1
 349      0000 
 350 041c 2039 0000 	move.l tiny,%d0
 350      0000 
 351 0422 2239 0000 	move.l tiny+4,%d1
 351      0000 
 352 0428 2F09      	move.l %a1,-(%sp)
 353 042a 2F08      	move.l %a0,-(%sp)
 354 042c F21F 5400 	fmove.d (%sp)+,%fp0
 355 0430 2F01      	move.l %d1,-(%sp)
 356 0432 2F00      	move.l %d0,-(%sp)
 357 0434 F21F 5480 	fmove.d (%sp)+,%fp1
 358 0438 F200 0422 	fadd.x %fp1,%fp0
 359 043c F227 7400 	fmove.d %fp0,-(%sp)
 360 0440 201F      	move.l (%sp)+,%d0
 361 0442 221F      	move.l (%sp)+,%d1
 362 0444 2D40 FFC8 	move.l %d0,-56(%fp)
 363 0448 2D41 FFCC 	move.l %d1,-52(%fp)
 364 044c 70FF      	moveq #-1,%d0
 365 044e B0AE FFF0 	cmp.l -16(%fp),%d0
 366 0452 660A      	jne .L22
 367 0454 42AE FFF0 	clr.l -16(%fp)
 368 0458 52AE FFE4 	addq.l #1,-28(%fp)
 369 045c 604E      	jra .L21
 370               	.L22:
 371 045e 206E FFC8 	move.l -56(%fp),%a0
 372 0462 226E FFCC 	move.l -52(%fp),%a1
 373 0466 2039 0000 	move.l one,%d0
 373      0000 
 374 046c 2239 0000 	move.l one+4,%d1
 374      0000 
 375 0472 2F09      	move.l %a1,-(%sp)
 376 0474 2F08      	move.l %a0,-(%sp)
 377 0476 F21F 5400 	fmove.d (%sp)+,%fp0
 378 047a 2F01      	move.l %d1,-(%sp)
 379 047c 2F00      	move.l %d0,-(%sp)
 380 047e F21F 5480 	fmove.d (%sp)+,%fp1
 381 0482 F200 0438 	fcmp.x %fp1,%fp0
68K GAS   			page 8


 382 0486 F240 0012 	fsgt %d0
 383 048a 4400      	neg.b %d0
 384 048c 4A00      	tst.b %d0
 385 048e 6712      	jeq .L23
 386 0490 70FE      	moveq #-2,%d0
 387 0492 B0AE FFF0 	cmp.l -16(%fp),%d0
 388 0496 6604      	jne .L24
 389 0498 52AE FFE4 	addq.l #1,-28(%fp)
 390               	.L24:
 391 049c 54AE FFF0 	addq.l #2,-16(%fp)
 392 04a0 600A      	jra .L21
 393               	.L23:
 394 04a2 7001      	moveq #1,%d0
 395 04a4 C0AE FFF0 	and.l -16(%fp),%d0
 396 04a8 D1AE FFF0 	add.l %d0,-16(%fp)
 397               	.L21:
 398 04ac 202E FFE4 	move.l -28(%fp),%d0
 399 04b0 E280      	asr.l #1,%d0
 400 04b2 2200      	move.l %d0,%d1
 401 04b4 0681 3FE0 	add.l #1071644672,%d1
 401      0000 
 402 04ba 2D41 FFEC 	move.l %d1,-20(%fp)
 403 04be 202E FFF0 	move.l -16(%fp),%d0
 404 04c2 E288      	lsr.l #1,%d0
 405 04c4 2D40 FFF4 	move.l %d0,-12(%fp)
 406 04c8 7001      	moveq #1,%d0
 407 04ca C0AE FFE4 	and.l -28(%fp),%d0
 408 04ce 1000      	move.b %d0,%d0
 409 04d0 4A00      	tst.b %d0
 410 04d2 6708      	jeq .L25
 411 04d4 202E FFD8 	move.l -40(%fp),%d0
 412 04d8 81AE FFF4 	or.l %d0,-12(%fp)
 413               	.L25:
 414 04dc 202E FFE0 	move.l -32(%fp),%d0
 415 04e0 7414      	moveq #20,%d2
 416 04e2 E5A8      	lsl.l %d2,%d0
 417 04e4 D1AE FFEC 	add.l %d0,-20(%fp)
 418 04e8 70C8      	moveq #-56,%d0
 419 04ea D08E      	add.l %fp,%d0
 420 04ec 2040      	move.l %d0,%a0
 421 04ee 20AE FFEC 	move.l -20(%fp),(%a0)
 422 04f2 70C8      	moveq #-56,%d0
 423 04f4 D08E      	add.l %fp,%d0
 424 04f6 5880      	addq.l #4,%d0
 425 04f8 222E FFF4 	move.l -12(%fp),%d1
 426 04fc 2040      	move.l %d0,%a0
 427 04fe 2081      	move.l %d1,(%a0)
 428 0500 202E FFC8 	move.l -56(%fp),%d0
 429 0504 222E FFCC 	move.l -52(%fp),%d1
 430               	.L3:
 431 0508 2F01      	move.l %d1,-(%sp)
 432 050a 2F00      	move.l %d0,-(%sp)
 433 050c F21F 5400 	fmove.d (%sp)+,%fp0
 434 0510 241F      	move.l (%sp)+,%d2
 435 0512 261F      	move.l (%sp)+,%d3
 436 0514 4E5E      	unlk %fp
 437 0516 4E75      	rts
68K GAS   			page 9


 439               	.ident"GCC: (GNU) 4.5.1"
 440               	.section.note.GNU-stack,"",@progbits
68K GAS   			page 10


DEFINED SYMBOLS
                            *ABS*:00000000 e_sqrt.c
    {standard input}:7      .rodata:00000000 one
    {standard input}:13     .rodata:00000008 tiny
    {standard input}:20     .text:00000000 __ieee754_sqrt

NO UNDEFINED SYMBOLS
