68K GAS   			page 1


   1               	
   2               	.file"k_sin.c"
   3               	.section.rodata
   4               	.align2
   7               	half:
   8 0000 3FE0 0000 	.long1071644672
   9 0004 0000 0000 	.long0
  10               	.align2
  13               	S1:
  14 0008 BFC5 5555 	.long-1077586603
  15 000c 5555 5549 	.long1431655753
  16               	.align2
  19               	S2:
  20 0010 3F81 1111 	.long1065423121
  21 0014 1110 F8A6 	.long286324902
  22               	.align2
  25               	S3:
  26 0018 BF2A 01A0 	.long-1087766112
  27 001c 19C1 61D5 	.long432103893
  28               	.align2
  31               	S4:
  32 0020 3EC7 1DE3 	.long1053236707
  33 0024 57B1 FE7D 	.long1471282813
  34               	.align2
  37               	S5:
  38 0028 BE5A E5E6 	.long-1101339162
  39 002c 8A2B 9CEB 	.long-1976853269
  40               	.align2
  43               	S6:
  44 0030 3DE5 D93A 	.long1038473530
  45 0034 5ACF D57C 	.long1523570044
  46               	.text
  47               	.align2
  48               	.globl__kernel_sin
  50               	__kernel_sin:
  51 0000 4E56 FFE4 	link.w %fp,#-28
  52 0004 2F03      	move.l %d3,-(%sp)
  53 0006 2F02      	move.l %d2,-(%sp)
  54 0008 200E      	move.l %fp,%d0
  55 000a 5080      	addq.l #8,%d0
  56 000c 2040      	move.l %d0,%a0
  57 000e 2010      	move.l (%a0),%d0
  58 0010 2200      	move.l %d0,%d1
  59 0012 0881 001F 	bclr #31,%d1
  60 0016 2D41 FFFC 	move.l %d1,-4(%fp)
  61 001a 0CAE 3E3F 	cmp.l #1044381695,-4(%fp)
  61      FFFF FFFC 
  62 0022 6E38      	jgt .L2
  63 0024 202E 0008 	move.l 8(%fp),%d0
  64 0028 222E 000C 	move.l 12(%fp),%d1
  65 002c 2F01      	move.l %d1,-(%sp)
  66 002e 2F00      	move.l %d0,-(%sp)
  67 0030 F21F 5400 	fmove.d (%sp)+,%fp0
  68 0034 F200 0003 	fintrz.x %fp0,%fp0
  69 0038 F227 7400 	fmove.d %fp0,-(%sp)
  70 003c 201F      	move.l (%sp)+,%d0
  71 003e 221F      	move.l (%sp)+,%d1
68K GAS   			page 2


  72 0040 2F01      	move.l %d1,-(%sp)
  73 0042 2F00      	move.l %d0,-(%sp)
  74 0044 F21F 5480 	fmove.d (%sp)+,%fp1
  75 0048 F200 6080 	fmove.l %fp1,%d0
  76 004c 4A80      	tst.l %d0
  77 004e 660C      	jne .L2
  78 0050 202E 0008 	move.l 8(%fp),%d0
  79 0054 222E 000C 	move.l 12(%fp),%d1
  80 0058 6000 02AA 	jra .L3
  81               	.L2:
  82 005c 206E 0008 	move.l 8(%fp),%a0
  83 0060 226E 000C 	move.l 12(%fp),%a1
  84 0064 202E 0008 	move.l 8(%fp),%d0
  85 0068 222E 000C 	move.l 12(%fp),%d1
  86 006c 2F09      	move.l %a1,-(%sp)
  87 006e 2F08      	move.l %a0,-(%sp)
  88 0070 F21F 5400 	fmove.d (%sp)+,%fp0
  89 0074 2F01      	move.l %d1,-(%sp)
  90 0076 2F00      	move.l %d0,-(%sp)
  91 0078 F21F 5480 	fmove.d (%sp)+,%fp1
  92 007c F200 0423 	fmul.x %fp1,%fp0
  93 0080 F22E 7400 	fmove.d %fp0,-12(%fp)
  93      FFF4 
  94 0086 202E 0008 	move.l 8(%fp),%d0
  95 008a 222E 000C 	move.l 12(%fp),%d1
  96 008e 2F01      	move.l %d1,-(%sp)
  97 0090 2F00      	move.l %d0,-(%sp)
  98 0092 F21F 5400 	fmove.d (%sp)+,%fp0
  99 0096 F22E 5423 	fmul.d -12(%fp),%fp0
  99      FFF4 
 100 009c F22E 7400 	fmove.d %fp0,-20(%fp)
 100      FFEC 
 101 00a2 2039 0000 	move.l S6,%d0
 101      0000 
 102 00a8 2239 0000 	move.l S6+4,%d1
 102      0000 
 103 00ae 2F01      	move.l %d1,-(%sp)
 104 00b0 2F00      	move.l %d0,-(%sp)
 105 00b2 F21F 5480 	fmove.d (%sp)+,%fp1
 106 00b6 F22E 54A3 	fmul.d -12(%fp),%fp1
 106      FFF4 
 107 00bc F227 7480 	fmove.d %fp1,-(%sp)
 108 00c0 201F      	move.l (%sp)+,%d0
 109 00c2 221F      	move.l (%sp)+,%d1
 110 00c4 2079 0000 	move.l S5,%a0
 110      0000 
 111 00ca 2279 0000 	move.l S5+4,%a1
 111      0000 
 112 00d0 2F01      	move.l %d1,-(%sp)
 113 00d2 2F00      	move.l %d0,-(%sp)
 114 00d4 F21F 5400 	fmove.d (%sp)+,%fp0
 115 00d8 2F09      	move.l %a1,-(%sp)
 116 00da 2F08      	move.l %a0,-(%sp)
 117 00dc F21F 5480 	fmove.d (%sp)+,%fp1
 118 00e0 F200 0422 	fadd.x %fp1,%fp0
 119 00e4 F227 7400 	fmove.d %fp0,-(%sp)
 120 00e8 201F      	move.l (%sp)+,%d0
68K GAS   			page 3


 121 00ea 221F      	move.l (%sp)+,%d1
 122 00ec 2F01      	move.l %d1,-(%sp)
 123 00ee 2F00      	move.l %d0,-(%sp)
 124 00f0 F21F 5400 	fmove.d (%sp)+,%fp0
 125 00f4 F22E 5423 	fmul.d -12(%fp),%fp0
 125      FFF4 
 126 00fa F227 7400 	fmove.d %fp0,-(%sp)
 127 00fe 201F      	move.l (%sp)+,%d0
 128 0100 221F      	move.l (%sp)+,%d1
 129 0102 2079 0000 	move.l S4,%a0
 129      0000 
 130 0108 2279 0000 	move.l S4+4,%a1
 130      0000 
 131 010e 2F01      	move.l %d1,-(%sp)
 132 0110 2F00      	move.l %d0,-(%sp)
 133 0112 F21F 5480 	fmove.d (%sp)+,%fp1
 134 0116 2F09      	move.l %a1,-(%sp)
 135 0118 2F08      	move.l %a0,-(%sp)
 136 011a F21F 5400 	fmove.d (%sp)+,%fp0
 137 011e F200 00A2 	fadd.x %fp0,%fp1
 138 0122 F227 7480 	fmove.d %fp1,-(%sp)
 139 0126 201F      	move.l (%sp)+,%d0
 140 0128 221F      	move.l (%sp)+,%d1
 141 012a 2F01      	move.l %d1,-(%sp)
 142 012c 2F00      	move.l %d0,-(%sp)
 143 012e F21F 5480 	fmove.d (%sp)+,%fp1
 144 0132 F22E 54A3 	fmul.d -12(%fp),%fp1
 144      FFF4 
 145 0138 F227 7480 	fmove.d %fp1,-(%sp)
 146 013c 201F      	move.l (%sp)+,%d0
 147 013e 221F      	move.l (%sp)+,%d1
 148 0140 2079 0000 	move.l S3,%a0
 148      0000 
 149 0146 2279 0000 	move.l S3+4,%a1
 149      0000 
 150 014c 2F01      	move.l %d1,-(%sp)
 151 014e 2F00      	move.l %d0,-(%sp)
 152 0150 F21F 5400 	fmove.d (%sp)+,%fp0
 153 0154 2F09      	move.l %a1,-(%sp)
 154 0156 2F08      	move.l %a0,-(%sp)
 155 0158 F21F 5480 	fmove.d (%sp)+,%fp1
 156 015c F200 0422 	fadd.x %fp1,%fp0
 157 0160 F227 7400 	fmove.d %fp0,-(%sp)
 158 0164 201F      	move.l (%sp)+,%d0
 159 0166 221F      	move.l (%sp)+,%d1
 160 0168 2F01      	move.l %d1,-(%sp)
 161 016a 2F00      	move.l %d0,-(%sp)
 162 016c F21F 5400 	fmove.d (%sp)+,%fp0
 163 0170 F22E 5423 	fmul.d -12(%fp),%fp0
 163      FFF4 
 164 0176 F227 7400 	fmove.d %fp0,-(%sp)
 165 017a 201F      	move.l (%sp)+,%d0
 166 017c 221F      	move.l (%sp)+,%d1
 167 017e 2079 0000 	move.l S2,%a0
 167      0000 
 168 0184 2279 0000 	move.l S2+4,%a1
 168      0000 
68K GAS   			page 4


 169 018a 2F01      	move.l %d1,-(%sp)
 170 018c 2F00      	move.l %d0,-(%sp)
 171 018e F21F 5480 	fmove.d (%sp)+,%fp1
 172 0192 2F09      	move.l %a1,-(%sp)
 173 0194 2F08      	move.l %a0,-(%sp)
 174 0196 F21F 5400 	fmove.d (%sp)+,%fp0
 175 019a F200 00A2 	fadd.x %fp0,%fp1
 176 019e F22E 7480 	fmove.d %fp1,-28(%fp)
 176      FFE4 
 177 01a4 4AAE 0018 	tst.l 24(%fp)
 178 01a8 667A      	jne .L4
 179 01aa F22E 5480 	fmove.d -12(%fp),%fp1
 179      FFF4 
 180 01b0 F22E 54A3 	fmul.d -28(%fp),%fp1
 180      FFE4 
 181 01b6 F227 7480 	fmove.d %fp1,-(%sp)
 182 01ba 201F      	move.l (%sp)+,%d0
 183 01bc 221F      	move.l (%sp)+,%d1
 184 01be 2079 0000 	move.l S1,%a0
 184      0000 
 185 01c4 2279 0000 	move.l S1+4,%a1
 185      0000 
 186 01ca 2F01      	move.l %d1,-(%sp)
 187 01cc 2F00      	move.l %d0,-(%sp)
 188 01ce F21F 5400 	fmove.d (%sp)+,%fp0
 189 01d2 2F09      	move.l %a1,-(%sp)
 190 01d4 2F08      	move.l %a0,-(%sp)
 191 01d6 F21F 5480 	fmove.d (%sp)+,%fp1
 192 01da F200 0422 	fadd.x %fp1,%fp0
 193 01de F227 7400 	fmove.d %fp0,-(%sp)
 194 01e2 201F      	move.l (%sp)+,%d0
 195 01e4 221F      	move.l (%sp)+,%d1
 196 01e6 2F01      	move.l %d1,-(%sp)
 197 01e8 2F00      	move.l %d0,-(%sp)
 198 01ea F21F 5400 	fmove.d (%sp)+,%fp0
 199 01ee F22E 5423 	fmul.d -20(%fp),%fp0
 199      FFEC 
 200 01f4 F227 7400 	fmove.d %fp0,-(%sp)
 201 01f8 201F      	move.l (%sp)+,%d0
 202 01fa 221F      	move.l (%sp)+,%d1
 203 01fc 206E 0008 	move.l 8(%fp),%a0
 204 0200 226E 000C 	move.l 12(%fp),%a1
 205 0204 2F01      	move.l %d1,-(%sp)
 206 0206 2F00      	move.l %d0,-(%sp)
 207 0208 F21F 5480 	fmove.d (%sp)+,%fp1
 208 020c 2F09      	move.l %a1,-(%sp)
 209 020e 2F08      	move.l %a0,-(%sp)
 210 0210 F21F 5400 	fmove.d (%sp)+,%fp0
 211 0214 F200 00A2 	fadd.x %fp0,%fp1
 212 0218 F227 7480 	fmove.d %fp1,-(%sp)
 213 021c 201F      	move.l (%sp)+,%d0
 214 021e 221F      	move.l (%sp)+,%d1
 215 0220 6000 00E2 	jra .L3
 216               	.L4:
 217 0224 206E 0008 	move.l 8(%fp),%a0
 218 0228 226E 000C 	move.l 12(%fp),%a1
 219 022c 2039 0000 	move.l half,%d0
68K GAS   			page 5


 219      0000 
 220 0232 2239 0000 	move.l half+4,%d1
 220      0000 
 221 0238 2F01      	move.l %d1,-(%sp)
 222 023a 2F00      	move.l %d0,-(%sp)
 223 023c F21F 5480 	fmove.d (%sp)+,%fp1
 224 0240 F22E 54A3 	fmul.d 16(%fp),%fp1
 224      0010 
 225 0246 F227 7480 	fmove.d %fp1,-(%sp)
 226 024a 201F      	move.l (%sp)+,%d0
 227 024c 221F      	move.l (%sp)+,%d1
 228 024e F22E 5400 	fmove.d -20(%fp),%fp0
 228      FFEC 
 229 0254 F22E 5423 	fmul.d -28(%fp),%fp0
 229      FFE4 
 230 025a F227 7400 	fmove.d %fp0,-(%sp)
 231 025e 241F      	move.l (%sp)+,%d2
 232 0260 261F      	move.l (%sp)+,%d3
 233 0262 2F01      	move.l %d1,-(%sp)
 234 0264 2F00      	move.l %d0,-(%sp)
 235 0266 F21F 5480 	fmove.d (%sp)+,%fp1
 236 026a 2F03      	move.l %d3,-(%sp)
 237 026c 2F02      	move.l %d2,-(%sp)
 238 026e F21F 5400 	fmove.d (%sp)+,%fp0
 239 0272 F200 00A8 	fsub.x %fp0,%fp1
 240 0276 F227 7480 	fmove.d %fp1,-(%sp)
 241 027a 201F      	move.l (%sp)+,%d0
 242 027c 221F      	move.l (%sp)+,%d1
 243 027e 2F01      	move.l %d1,-(%sp)
 244 0280 2F00      	move.l %d0,-(%sp)
 245 0282 F21F 5480 	fmove.d (%sp)+,%fp1
 246 0286 F22E 54A3 	fmul.d -12(%fp),%fp1
 246      FFF4 
 247 028c F227 7480 	fmove.d %fp1,-(%sp)
 248 0290 201F      	move.l (%sp)+,%d0
 249 0292 221F      	move.l (%sp)+,%d1
 250 0294 2F01      	move.l %d1,-(%sp)
 251 0296 2F00      	move.l %d0,-(%sp)
 252 0298 F21F 5400 	fmove.d (%sp)+,%fp0
 253 029c F22E 5428 	fsub.d 16(%fp),%fp0
 253      0010 
 254 02a2 F227 7400 	fmove.d %fp0,-(%sp)
 255 02a6 201F      	move.l (%sp)+,%d0
 256 02a8 221F      	move.l (%sp)+,%d1
 257 02aa 2439 0000 	move.l S1,%d2
 257      0000 
 258 02b0 2639 0000 	move.l S1+4,%d3
 258      0000 
 259 02b6 2F03      	move.l %d3,-(%sp)
 260 02b8 2F02      	move.l %d2,-(%sp)
 261 02ba F21F 5480 	fmove.d (%sp)+,%fp1
 262 02be F22E 54A3 	fmul.d -20(%fp),%fp1
 262      FFEC 
 263 02c4 F227 7480 	fmove.d %fp1,-(%sp)
 264 02c8 241F      	move.l (%sp)+,%d2
 265 02ca 261F      	move.l (%sp)+,%d3
 266 02cc 2F01      	move.l %d1,-(%sp)
68K GAS   			page 6


 267 02ce 2F00      	move.l %d0,-(%sp)
 268 02d0 F21F 5400 	fmove.d (%sp)+,%fp0
 269 02d4 2F03      	move.l %d3,-(%sp)
 270 02d6 2F02      	move.l %d2,-(%sp)
 271 02d8 F21F 5480 	fmove.d (%sp)+,%fp1
 272 02dc F200 0428 	fsub.x %fp1,%fp0
 273 02e0 F227 7400 	fmove.d %fp0,-(%sp)
 274 02e4 201F      	move.l (%sp)+,%d0
 275 02e6 221F      	move.l (%sp)+,%d1
 276 02e8 2F09      	move.l %a1,-(%sp)
 277 02ea 2F08      	move.l %a0,-(%sp)
 278 02ec F21F 5400 	fmove.d (%sp)+,%fp0
 279 02f0 2F01      	move.l %d1,-(%sp)
 280 02f2 2F00      	move.l %d0,-(%sp)
 281 02f4 F21F 5480 	fmove.d (%sp)+,%fp1
 282 02f8 F200 0428 	fsub.x %fp1,%fp0
 283 02fc F227 7400 	fmove.d %fp0,-(%sp)
 284 0300 201F      	move.l (%sp)+,%d0
 285 0302 221F      	move.l (%sp)+,%d1
 286               	.L3:
 287 0304 2F01      	move.l %d1,-(%sp)
 288 0306 2F00      	move.l %d0,-(%sp)
 289 0308 F21F 5400 	fmove.d (%sp)+,%fp0
 290 030c 241F      	move.l (%sp)+,%d2
 291 030e 261F      	move.l (%sp)+,%d3
 292 0310 4E5E      	unlk %fp
 293 0312 4E75      	rts
 295               	.ident"GCC: (GNU) 4.5.1"
 296               	.section.note.GNU-stack,"",@progbits
68K GAS   			page 7


DEFINED SYMBOLS
                            *ABS*:00000000 k_sin.c
    {standard input}:7      .rodata:00000000 half
    {standard input}:13     .rodata:00000008 S1
    {standard input}:19     .rodata:00000010 S2
    {standard input}:25     .rodata:00000018 S3
    {standard input}:31     .rodata:00000020 S4
    {standard input}:37     .rodata:00000028 S5
    {standard input}:43     .rodata:00000030 S6
    {standard input}:50     .text:00000000 __kernel_sin

NO UNDEFINED SYMBOLS
