68K GAS   			page 1


   1               	
   2               	.file"s_copysign.c"
   3               	.text
   4               	.align2
   5               	.globlcopysign
   7               	copysign:
   8 0000 4E56 0000 	link.w %fp,#0
   9 0004 2F02      	move.l %d2,-(%sp)
  10 0006 200E      	move.l %fp,%d0
  11 0008 5080      	addq.l #8,%d0
  12 000a 220E      	move.l %fp,%d1
  13 000c 5081      	addq.l #8,%d1
  14 000e 2041      	move.l %d1,%a0
  15 0010 2210      	move.l (%a0),%d1
  16 0012 2401      	move.l %d1,%d2
  17 0014 0882 001F 	bclr #31,%d2
  18 0018 2042      	move.l %d2,%a0
  19 001a 7210      	moveq #16,%d1
  20 001c D28E      	add.l %fp,%d1
  21 001e 2241      	move.l %d1,%a1
  22 0020 2211      	move.l (%a1),%d1
  23 0022 0281 8000 	and.l #-2147483648,%d1
  23      0000 
  24 0028 2408      	move.l %a0,%d2
  25 002a 8282      	or.l %d2,%d1
  26 002c 2040      	move.l %d0,%a0
  27 002e 2081      	move.l %d1,(%a0)
  28 0030 202E 0008 	move.l 8(%fp),%d0
  29 0034 222E 000C 	move.l 12(%fp),%d1
  30 0038 2F01      	move.l %d1,-(%sp)
  31 003a 2F00      	move.l %d0,-(%sp)
  32 003c F21F 5400 	fmove.d (%sp)+,%fp0
  33 0040 241F      	move.l (%sp)+,%d2
  34 0042 4E5E      	unlk %fp
  35 0044 4E75      	rts
  37               	.ident"GCC: (GNU) 4.5.1"
  38               	.section.note.GNU-stack,"",@progbits
68K GAS   			page 2


DEFINED SYMBOLS
                            *ABS*:00000000 s_copysign.c
    {standard input}:7      .text:00000000 copysign

NO UNDEFINED SYMBOLS
