68K GAS   			page 1


   1               	
   2               	.file"s_frexp.c"
   3               	.section.rodata
   4               	.align2
   7               	two54:
   8 0000 4350 0000 	.long1129316352
   9 0004 0000 0000 	.long0
  10               	.text
  11               	.align2
  12               	.globlfrexp
  14               	frexp:
  15 0000 4E56 FFF4 	link.w %fp,#-12
  16 0004 2F02      	move.l %d2,-(%sp)
  17 0006 200E      	move.l %fp,%d0
  18 0008 5080      	addq.l #8,%d0
  19 000a 2040      	move.l %d0,%a0
  20 000c 2D50 FFFC 	move.l (%a0),-4(%fp)
  21 0010 202E FFFC 	move.l -4(%fp),%d0
  22 0014 0880 001F 	bclr #31,%d0
  23 0018 2D40 FFF8 	move.l %d0,-8(%fp)
  24 001c 200E      	move.l %fp,%d0
  25 001e 5080      	addq.l #8,%d0
  26 0020 5880      	addq.l #4,%d0
  27 0022 2040      	move.l %d0,%a0
  28 0024 2D50 FFF4 	move.l (%a0),-12(%fp)
  29 0028 202E 0010 	move.l 16(%fp),%d0
  30 002c 2040      	move.l %d0,%a0
  31 002e 4290      	clr.l (%a0)
  32 0030 0CAE 7FEF 	cmp.l #2146435071,-8(%fp)
  32      FFFF FFF8 
  33 0038 6E0C      	jgt .L2
  34 003a 202E FFF8 	move.l -8(%fp),%d0
  35 003e 80AE FFF4 	or.l -12(%fp),%d0
  36 0042 4A80      	tst.l %d0
  37 0044 660C      	jne .L3
  38               	.L2:
  39 0046 202E 0008 	move.l 8(%fp),%d0
  40 004a 222E 000C 	move.l 12(%fp),%d1
  41 004e 6000 00AA 	jra .L4
  42               	.L3:
  43 0052 0CAE 000F 	cmp.l #1048575,-8(%fp)
  43      FFFF FFF8 
  44 005a 6E58      	jgt .L5
  45 005c 206E 0008 	move.l 8(%fp),%a0
  46 0060 226E 000C 	move.l 12(%fp),%a1
  47 0064 2039 0000 	move.l two54,%d0
  47      0000 
  48 006a 2239 0000 	move.l two54+4,%d1
  48      0000 
  49 0070 2F09      	move.l %a1,-(%sp)
  50 0072 2F08      	move.l %a0,-(%sp)
  51 0074 F21F 5400 	fmove.d (%sp)+,%fp0
  52 0078 2F01      	move.l %d1,-(%sp)
  53 007a 2F00      	move.l %d0,-(%sp)
  54 007c F21F 5480 	fmove.d (%sp)+,%fp1
  55 0080 F200 0423 	fmul.x %fp1,%fp0
  56 0084 F227 7400 	fmove.d %fp0,-(%sp)
68K GAS   			page 2


  57 0088 201F      	move.l (%sp)+,%d0
  58 008a 221F      	move.l (%sp)+,%d1
  59 008c 2D40 0008 	move.l %d0,8(%fp)
  60 0090 2D41 000C 	move.l %d1,12(%fp)
  61 0094 200E      	move.l %fp,%d0
  62 0096 5080      	addq.l #8,%d0
  63 0098 2040      	move.l %d0,%a0
  64 009a 2D50 FFFC 	move.l (%a0),-4(%fp)
  65 009e 202E FFFC 	move.l -4(%fp),%d0
  66 00a2 0880 001F 	bclr #31,%d0
  67 00a6 2D40 FFF8 	move.l %d0,-8(%fp)
  68 00aa 202E 0010 	move.l 16(%fp),%d0
  69 00ae 72CA      	moveq #-54,%d1
  70 00b0 2040      	move.l %d0,%a0
  71 00b2 2081      	move.l %d1,(%a0)
  72               	.L5:
  73 00b4 202E 0010 	move.l 16(%fp),%d0
  74 00b8 2040      	move.l %d0,%a0
  75 00ba 2210      	move.l (%a0),%d1
  76 00bc 202E FFF8 	move.l -8(%fp),%d0
  77 00c0 7414      	moveq #20,%d2
  78 00c2 E4A0      	asr.l %d2,%d0
  79 00c4 0680 FFFF 	add.l #-1022,%d0
  79      FC02 
  80 00ca D280      	add.l %d0,%d1
  81 00cc 202E 0010 	move.l 16(%fp),%d0
  82 00d0 2040      	move.l %d0,%a0
  83 00d2 2081      	move.l %d1,(%a0)
  84 00d4 202E FFFC 	move.l -4(%fp),%d0
  85 00d8 0280 800F 	and.l #-2146435073,%d0
  85      FFFF 
  86 00de 0080 3FE0 	or.l #1071644672,%d0
  86      0000 
  87 00e4 2D40 FFFC 	move.l %d0,-4(%fp)
  88 00e8 200E      	move.l %fp,%d0
  89 00ea 5080      	addq.l #8,%d0
  90 00ec 2040      	move.l %d0,%a0
  91 00ee 20AE FFFC 	move.l -4(%fp),(%a0)
  92 00f2 202E 0008 	move.l 8(%fp),%d0
  93 00f6 222E 000C 	move.l 12(%fp),%d1
  94               	.L4:
  95 00fa 2F01      	move.l %d1,-(%sp)
  96 00fc 2F00      	move.l %d0,-(%sp)
  97 00fe F21F 5400 	fmove.d (%sp)+,%fp0
  98 0102 241F      	move.l (%sp)+,%d2
  99 0104 4E5E      	unlk %fp
 100 0106 4E75      	rts
 102               	.ident"GCC: (GNU) 4.5.1"
 103               	.section.note.GNU-stack,"",@progbits
68K GAS   			page 3


DEFINED SYMBOLS
                            *ABS*:00000000 s_frexp.c
    {standard input}:7      .rodata:00000000 two54
    {standard input}:14     .text:00000000 frexp

NO UNDEFINED SYMBOLS
