68K GAS   			page 1


   1               	
   2               	.file"s_ilogb.c"
   3               	.text
   4               	.align2
   5               	.globlilogb
   7               	ilogb:
   8 0000 4E56 FFF4 	link.w %fp,#-12
   9 0004 200E      	move.l %fp,%d0
  10 0006 5080      	addq.l #8,%d0
  11 0008 2040      	move.l %d0,%a0
  12 000a 2010      	move.l (%a0),%d0
  13 000c 2200      	move.l %d0,%d1
  14 000e 0881 001F 	bclr #31,%d1
  15 0012 2D41 FFFC 	move.l %d1,-4(%fp)
  16 0016 0CAE 000F 	cmp.l #1048575,-4(%fp)
  16      FFFF FFFC 
  17 001e 6E76      	jgt .L2
  18 0020 200E      	move.l %fp,%d0
  19 0022 5080      	addq.l #8,%d0
  20 0024 5880      	addq.l #4,%d0
  21 0026 2040      	move.l %d0,%a0
  22 0028 2D50 FFF8 	move.l (%a0),-8(%fp)
  23 002c 202E FFFC 	move.l -4(%fp),%d0
  24 0030 80AE FFF8 	or.l -8(%fp),%d0
  25 0034 4A80      	tst.l %d0
  26 0036 6608      	jne .L3
  27 0038 203C 8000 	move.l #-2147483647,%d0
  27      0001 
  28 003e 6076      	jra .L4
  29               	.L3:
  30 0040 4AAE FFFC 	tst.l -4(%fp)
  31 0044 6620      	jne .L5
  32 0046 2D7C FFFF 	move.l #-1043,-12(%fp)
  32      FBED FFF4 
  33 004e 600E      	jra .L6
  34               	.L7:
  35 0050 53AE FFF4 	subq.l #1,-12(%fp)
  36 0054 202E FFF8 	move.l -8(%fp),%d0
  37 0058 D080      	add.l %d0,%d0
  38 005a 2D40 FFF8 	move.l %d0,-8(%fp)
  39               	.L6:
  40 005e 4AAE FFF8 	tst.l -8(%fp)
  41 0062 6EEC      	jgt .L7
  42 0064 602A      	jra .L8
  43               	.L5:
  44 0066 2D7C FFFF 	move.l #-1022,-12(%fp)
  44      FC02 FFF4 
  45 006e 202E FFFC 	move.l -4(%fp),%d0
  46 0072 720B      	moveq #11,%d1
  47 0074 E3A8      	lsl.l %d1,%d0
  48 0076 2D40 FFFC 	move.l %d0,-4(%fp)
  49 007a 600E      	jra .L9
  50               	.L10:
  51 007c 53AE FFF4 	subq.l #1,-12(%fp)
  52 0080 202E FFFC 	move.l -4(%fp),%d0
  53 0084 D080      	add.l %d0,%d0
  54 0086 2D40 FFFC 	move.l %d0,-4(%fp)
68K GAS   			page 2


  55               	.L9:
  56 008a 4AAE FFFC 	tst.l -4(%fp)
  57 008e 6EEC      	jgt .L10
  58               	.L8:
  59 0090 202E FFF4 	move.l -12(%fp),%d0
  60 0094 6020      	jra .L4
  61               	.L2:
  62 0096 0CAE 7FEF 	cmp.l #2146435071,-4(%fp)
  62      FFFF FFFC 
  63 009e 6E10      	jgt .L11
  64 00a0 202E FFFC 	move.l -4(%fp),%d0
  65 00a4 7214      	moveq #20,%d1
  66 00a6 E2A0      	asr.l %d1,%d0
  67 00a8 0680 FFFF 	add.l #-1023,%d0
  67      FC01 
  68 00ae 6006      	jra .L4
  69               	.L11:
  70 00b0 203C 7FFF 	move.l #2147483647,%d0
  70      FFFF 
  71               	.L4:
  72 00b6 4E5E      	unlk %fp
  73 00b8 4E75      	rts
  75               	.ident"GCC: (GNU) 4.5.1"
  76               	.section.note.GNU-stack,"",@progbits
68K GAS   			page 3


DEFINED SYMBOLS
                            *ABS*:00000000 s_ilogb.c
    {standard input}:7      .text:00000000 ilogb

NO UNDEFINED SYMBOLS
