68K GAS   			page 1


   1               	
   2               	.file"s_log1p.c"
   3               	.section.rodata
   4               	.align2
   7               	ln2_hi:
   8 0000 3FE6 2E42 	.long1072049730
   9 0004 FEE0 0000 	.long-18874368
  10               	.align2
  13               	ln2_lo:
  14 0008 3DEA 39EF 	.long1038760431
  15 000c 3579 3C76 	.long897137782
  16               	.align2
  19               	two54:
  20 0010 4350 0000 	.long1129316352
  21 0014 0000 0000 	.long0
  22               	.align2
  25               	Lp1:
  26 0018 3FE5 5555 	.long1071994197
  27 001c 5555 5593 	.long1431655827
  28               	.align2
  31               	Lp2:
  32 0020 3FD9 9999 	.long1071225241
  33 0024 9997 FA04 	.long-1718093308
  34               	.align2
  37               	Lp3:
  38 0028 3FD2 4924 	.long1070745892
  39 002c 9422 9359 	.long-1809673383
  40               	.align2
  43               	Lp4:
  44 0030 3FCC 71C5 	.long1070363077
  45 0034 1D8E 78AF 	.long495876271
  46               	.align2
  49               	Lp5:
  50 0038 3FC7 4664 	.long1070024292
  51 003c 96CB 03DE 	.long-1765080098
  52               	.align2
  55               	Lp6:
  56 0040 3FC3 9A09 	.long1069783561
  57 0044 D078 C69F 	.long-797391201
  58               	.align2
  61               	Lp7:
  62 0048 3FC2 F112 	.long1069740306
  63 004c DF3E 5244 	.long-549563836
  64               	.localzero
  65               	.commzero,8,2
  66               	.text
  67               	.align2
  68               	.globllog1p
  70               	log1p:
  71 0000 4E56 FFB8 	link.w %fp,#-72
  72 0004 48E7 3C00 	movem.l #15360,-(%sp)
  73 0008 200E      	move.l %fp,%d0
  74 000a 5080      	addq.l #8,%d0
  75 000c 2040      	move.l %d0,%a0
  76 000e 2D50 FFE4 	move.l (%a0),-28(%fp)
  77 0012 202E FFE4 	move.l -28(%fp),%d0
  78 0016 0880 001F 	bclr #31,%d0
68K GAS   			page 2


  79 001a 2D40 FFE0 	move.l %d0,-32(%fp)
  80 001e 7201      	moveq #1,%d1
  81 0020 2D41 FFEC 	move.l %d1,-20(%fp)
  82 0024 0CAE 3FDA 	cmp.l #1071284857,-28(%fp)
  82      8279 FFE4 
  83 002c 6E00 01F4 	jgt .L2
  84 0030 0CAE 3FEF 	cmp.l #1072693247,-32(%fp)
  84      FFFF FFE0 
  85 0038 6F00 00D6 	jle .L3
  86 003c 202E 0008 	move.l 8(%fp),%d0
  87 0040 222E 000C 	move.l 12(%fp),%d1
  88 0044 2F01      	move.l %d1,-(%sp)
  89 0046 2F00      	move.l %d0,-(%sp)
  90 0048 F21F 5400 	fmove.d (%sp)+,%fp0
  91 004c F23C 5438 	fcmp.d #0xbff0000000000000,%fp0
  91      BFF0 0000 
  91      0000 0000 
  92 0058 F28E 003E 	fjne .L4
  93 005c 2039 0000 	move.l two54,%d0
  93      0000 
  94 0062 2239 0000 	move.l two54+4,%d1
  94      0000 
  95 0068 0840 001F 	bchg #31,%d0
  96 006c 2079 0000 	move.l zero,%a0
  96      0000 
  97 0072 2279 0000 	move.l zero+4,%a1
  97      0000 
  98 0078 2F01      	move.l %d1,-(%sp)
  99 007a 2F00      	move.l %d0,-(%sp)
 100 007c F21F 5480 	fmove.d (%sp)+,%fp1
 101 0080 2F09      	move.l %a1,-(%sp)
 102 0082 2F08      	move.l %a0,-(%sp)
 103 0084 F21F 5400 	fmove.d (%sp)+,%fp0
 104 0088 F200 00A0 	fdiv.x %fp0,%fp1
 105 008c F227 7480 	fmove.d %fp1,-(%sp)
 106 0090 201F      	move.l (%sp)+,%d0
 107 0092 221F      	move.l (%sp)+,%d1
 108 0094 6000 090C 	jra .L5
 109               	.L4:
 110 0098 202E 0008 	move.l 8(%fp),%d0
 111 009c 222E 000C 	move.l 12(%fp),%d1
 112 00a0 206E 0008 	move.l 8(%fp),%a0
 113 00a4 226E 000C 	move.l 12(%fp),%a1
 114 00a8 2F01      	move.l %d1,-(%sp)
 115 00aa 2F00      	move.l %d0,-(%sp)
 116 00ac F21F 5480 	fmove.d (%sp)+,%fp1
 117 00b0 2F09      	move.l %a1,-(%sp)
 118 00b2 2F08      	move.l %a0,-(%sp)
 119 00b4 F21F 5400 	fmove.d (%sp)+,%fp0
 120 00b8 F200 00A8 	fsub.x %fp0,%fp1
 121 00bc F227 7480 	fmove.d %fp1,-(%sp)
 122 00c0 201F      	move.l (%sp)+,%d0
 123 00c2 221F      	move.l (%sp)+,%d1
 124 00c4 206E 0008 	move.l 8(%fp),%a0
 125 00c8 226E 000C 	move.l 12(%fp),%a1
 126 00cc 242E 0008 	move.l 8(%fp),%d2
 127 00d0 262E 000C 	move.l 12(%fp),%d3
68K GAS   			page 3


 128 00d4 2F09      	move.l %a1,-(%sp)
 129 00d6 2F08      	move.l %a0,-(%sp)
 130 00d8 F21F 5480 	fmove.d (%sp)+,%fp1
 131 00dc 2F03      	move.l %d3,-(%sp)
 132 00de 2F02      	move.l %d2,-(%sp)
 133 00e0 F21F 5400 	fmove.d (%sp)+,%fp0
 134 00e4 F200 00A8 	fsub.x %fp0,%fp1
 135 00e8 F227 7480 	fmove.d %fp1,-(%sp)
 136 00ec 205F      	move.l (%sp)+,%a0
 137 00ee 225F      	move.l (%sp)+,%a1
 138 00f0 2F01      	move.l %d1,-(%sp)
 139 00f2 2F00      	move.l %d0,-(%sp)
 140 00f4 F21F 5480 	fmove.d (%sp)+,%fp1
 141 00f8 2F09      	move.l %a1,-(%sp)
 142 00fa 2F08      	move.l %a0,-(%sp)
 143 00fc F21F 5400 	fmove.d (%sp)+,%fp0
 144 0100 F200 00A0 	fdiv.x %fp0,%fp1
 145 0104 F227 7480 	fmove.d %fp1,-(%sp)
 146 0108 201F      	move.l (%sp)+,%d0
 147 010a 221F      	move.l (%sp)+,%d1
 148 010c 6000 0894 	jra .L5
 149               	.L3:
 150 0110 0CAE 3E1F 	cmp.l #1042284543,-32(%fp)
 150      FFFF FFE0 
 151 0118 6E00 00E2 	jgt .L6
 152 011c 2079 0000 	move.l two54,%a0
 152      0000 
 153 0122 2279 0000 	move.l two54+4,%a1
 153      0000 
 154 0128 202E 0008 	move.l 8(%fp),%d0
 155 012c 222E 000C 	move.l 12(%fp),%d1
 156 0130 2F09      	move.l %a1,-(%sp)
 157 0132 2F08      	move.l %a0,-(%sp)
 158 0134 F21F 5480 	fmove.d (%sp)+,%fp1
 159 0138 2F01      	move.l %d1,-(%sp)
 160 013a 2F00      	move.l %d0,-(%sp)
 161 013c F21F 5400 	fmove.d (%sp)+,%fp0
 162 0140 F200 00A2 	fadd.x %fp0,%fp1
 163 0144 F227 7480 	fmove.d %fp1,-(%sp)
 164 0148 201F      	move.l (%sp)+,%d0
 165 014a 221F      	move.l (%sp)+,%d1
 166 014c 2079 0000 	move.l zero,%a0
 166      0000 
 167 0152 2279 0000 	move.l zero+4,%a1
 167      0000 
 168 0158 2F01      	move.l %d1,-(%sp)
 169 015a 2F00      	move.l %d0,-(%sp)
 170 015c F21F 5480 	fmove.d (%sp)+,%fp1
 171 0160 2F09      	move.l %a1,-(%sp)
 172 0162 2F08      	move.l %a0,-(%sp)
 173 0164 F21F 5400 	fmove.d (%sp)+,%fp0
 174 0168 F200 00B8 	fcmp.x %fp0,%fp1
 175 016c F240 0012 	fsgt %d0
 176 0170 4400      	neg.b %d0
 177 0172 4A00      	tst.b %d0
 178 0174 6716      	jeq .L7
 179 0176 0CAE 3C8F 	cmp.l #1016070143,-32(%fp)
68K GAS   			page 4


 179      FFFF FFE0 
 180 017e 6E0C      	jgt .L7
 181 0180 202E 0008 	move.l 8(%fp),%d0
 182 0184 222E 000C 	move.l 12(%fp),%d1
 183 0188 6000 0818 	jra .L5
 184               	.L7:
 185 018c 206E 0008 	move.l 8(%fp),%a0
 186 0190 226E 000C 	move.l 12(%fp),%a1
 187 0194 242E 0008 	move.l 8(%fp),%d2
 188 0198 262E 000C 	move.l 12(%fp),%d3
 189 019c 202E 0008 	move.l 8(%fp),%d0
 190 01a0 222E 000C 	move.l 12(%fp),%d1
 191 01a4 2F03      	move.l %d3,-(%sp)
 192 01a6 2F02      	move.l %d2,-(%sp)
 193 01a8 F21F 5480 	fmove.d (%sp)+,%fp1
 194 01ac 2F01      	move.l %d1,-(%sp)
 195 01ae 2F00      	move.l %d0,-(%sp)
 196 01b0 F21F 5400 	fmove.d (%sp)+,%fp0
 197 01b4 F200 00A3 	fmul.x %fp0,%fp1
 198 01b8 F227 7480 	fmove.d %fp1,-(%sp)
 199 01bc 201F      	move.l (%sp)+,%d0
 200 01be 221F      	move.l (%sp)+,%d1
 201 01c0 2F01      	move.l %d1,-(%sp)
 202 01c2 2F00      	move.l %d0,-(%sp)
 203 01c4 F21F 5480 	fmove.d (%sp)+,%fp1
 204 01c8 F23C 54A3 	fmul.d #0x3fe0000000000000,%fp1
 204      3FE0 0000 
 204      0000 0000 
 205 01d4 F227 7480 	fmove.d %fp1,-(%sp)
 206 01d8 201F      	move.l (%sp)+,%d0
 207 01da 221F      	move.l (%sp)+,%d1
 208 01dc 2F09      	move.l %a1,-(%sp)
 209 01de 2F08      	move.l %a0,-(%sp)
 210 01e0 F21F 5400 	fmove.d (%sp)+,%fp0
 211 01e4 2F01      	move.l %d1,-(%sp)
 212 01e6 2F00      	move.l %d0,-(%sp)
 213 01e8 F21F 5480 	fmove.d (%sp)+,%fp1
 214 01ec F200 0428 	fsub.x %fp1,%fp0
 215 01f0 F227 7400 	fmove.d %fp0,-(%sp)
 216 01f4 201F      	move.l (%sp)+,%d0
 217 01f6 221F      	move.l (%sp)+,%d1
 218 01f8 6000 07A8 	jra .L5
 219               	.L6:
 220 01fc 4AAE FFE4 	tst.l -28(%fp)
 221 0200 6E0A      	jgt .L8
 222 0202 0CAE BFD2 	cmp.l #-1076707644,-28(%fp)
 222      BEC4 FFE4 
 223 020a 6C16      	jge .L2
 224               	.L8:
 225 020c 42AE FFEC 	clr.l -20(%fp)
 226 0210 2D6E 0008 	move.l 8(%fp),-8(%fp)
 226      FFF8 
 227 0216 2D6E 000C 	move.l 12(%fp),-4(%fp)
 227      FFFC 
 228 021c 7001      	moveq #1,%d0
 229 021e 2D40 FFE8 	move.l %d0,-24(%fp)
 230               	.L2:
68K GAS   			page 5


 231 0222 0CAE 7FEF 	cmp.l #2146435071,-28(%fp)
 231      FFFF FFE4 
 232 022a 6F28      	jle .L9
 233 022c 202E 0008 	move.l 8(%fp),%d0
 234 0230 222E 000C 	move.l 12(%fp),%d1
 235 0234 2F01      	move.l %d1,-(%sp)
 236 0236 2F00      	move.l %d0,-(%sp)
 237 0238 F21F 5400 	fmove.d (%sp)+,%fp0
 238 023c 2F01      	move.l %d1,-(%sp)
 239 023e 2F00      	move.l %d0,-(%sp)
 240 0240 F21F 5480 	fmove.d (%sp)+,%fp1
 241 0244 F200 0422 	fadd.x %fp1,%fp0
 242 0248 F227 7400 	fmove.d %fp0,-(%sp)
 243 024c 201F      	move.l (%sp)+,%d0
 244 024e 221F      	move.l (%sp)+,%d1
 245 0250 6000 0750 	jra .L5
 246               	.L9:
 247 0254 4AAE FFEC 	tst.l -20(%fp)
 248 0258 6700 01AC 	jeq .L10
 249 025c 0CAE 433F 	cmp.l #1128267775,-28(%fp)
 249      FFFF FFE4 
 250 0264 6E00 0102 	jgt .L11
 251 0268 202E 0008 	move.l 8(%fp),%d0
 252 026c 222E 000C 	move.l 12(%fp),%d1
 253 0270 2F01      	move.l %d1,-(%sp)
 254 0272 2F00      	move.l %d0,-(%sp)
 255 0274 F21F 5400 	fmove.d (%sp)+,%fp0
 256 0278 F200 5CB2 	fmovecr #0x32,%fp1
 257 027c F200 0422 	fadd.x %fp1,%fp0
 258 0280 F227 7400 	fmove.d %fp0,-(%sp)
 259 0284 201F      	move.l (%sp)+,%d0
 260 0286 221F      	move.l (%sp)+,%d1
 261 0288 2D40 FFB8 	move.l %d0,-72(%fp)
 262 028c 2D41 FFBC 	move.l %d1,-68(%fp)
 263 0290 70B8      	moveq #-72,%d0
 264 0292 D08E      	add.l %fp,%d0
 265 0294 2040      	move.l %d0,%a0
 266 0296 2D50 FFE8 	move.l (%a0),-24(%fp)
 267 029a 202E FFE8 	move.l -24(%fp),%d0
 268 029e 7214      	moveq #20,%d1
 269 02a0 E2A0      	asr.l %d1,%d0
 270 02a2 2200      	move.l %d0,%d1
 271 02a4 0681 FFFF 	add.l #-1023,%d1
 271      FC01 
 272 02aa 2D41 FFEC 	move.l %d1,-20(%fp)
 273 02ae 4AAE FFEC 	tst.l -20(%fp)
 274 02b2 6F46      	jle .L12
 275 02b4 202E FFB8 	move.l -72(%fp),%d0
 276 02b8 222E FFBC 	move.l -68(%fp),%d1
 277 02bc 206E 0008 	move.l 8(%fp),%a0
 278 02c0 226E 000C 	move.l 12(%fp),%a1
 279 02c4 2F01      	move.l %d1,-(%sp)
 280 02c6 2F00      	move.l %d0,-(%sp)
 281 02c8 F21F 5400 	fmove.d (%sp)+,%fp0
 282 02cc 2F09      	move.l %a1,-(%sp)
 283 02ce 2F08      	move.l %a0,-(%sp)
 284 02d0 F21F 5480 	fmove.d (%sp)+,%fp1
68K GAS   			page 6


 285 02d4 F200 0428 	fsub.x %fp1,%fp0
 286 02d8 F227 7400 	fmove.d %fp0,-(%sp)
 287 02dc 201F      	move.l (%sp)+,%d0
 288 02de 221F      	move.l (%sp)+,%d1
 289 02e0 F200 5C32 	fmovecr #0x32,%fp0
 290 02e4 2F01      	move.l %d1,-(%sp)
 291 02e6 2F00      	move.l %d0,-(%sp)
 292 02e8 F21F 5480 	fmove.d (%sp)+,%fp1
 293 02ec F200 0428 	fsub.x %fp1,%fp0
 294 02f0 F227 7400 	fmove.d %fp0,-(%sp)
 295 02f4 201F      	move.l (%sp)+,%d0
 296 02f6 221F      	move.l (%sp)+,%d1
 297 02f8 6044      	jra .L13
 298               	.L12:
 299 02fa 206E 0008 	move.l 8(%fp),%a0
 300 02fe 226E 000C 	move.l 12(%fp),%a1
 301 0302 202E FFB8 	move.l -72(%fp),%d0
 302 0306 222E FFBC 	move.l -68(%fp),%d1
 303 030a 2F01      	move.l %d1,-(%sp)
 304 030c 2F00      	move.l %d0,-(%sp)
 305 030e F21F 5400 	fmove.d (%sp)+,%fp0
 306 0312 F200 5CB2 	fmovecr #0x32,%fp1
 307 0316 F200 0428 	fsub.x %fp1,%fp0
 308 031a F227 7400 	fmove.d %fp0,-(%sp)
 309 031e 201F      	move.l (%sp)+,%d0
 310 0320 221F      	move.l (%sp)+,%d1
 311 0322 2F09      	move.l %a1,-(%sp)
 312 0324 2F08      	move.l %a0,-(%sp)
 313 0326 F21F 5400 	fmove.d (%sp)+,%fp0
 314 032a 2F01      	move.l %d1,-(%sp)
 315 032c 2F00      	move.l %d0,-(%sp)
 316 032e F21F 5480 	fmove.d (%sp)+,%fp1
 317 0332 F200 0428 	fsub.x %fp1,%fp0
 318 0336 F227 7400 	fmove.d %fp0,-(%sp)
 319 033a 201F      	move.l (%sp)+,%d0
 320 033c 221F      	move.l (%sp)+,%d1
 321               	.L13:
 322 033e 2D40 FFF0 	move.l %d0,-16(%fp)
 323 0342 2D41 FFF4 	move.l %d1,-12(%fp)
 324 0346 202E FFB8 	move.l -72(%fp),%d0
 325 034a 222E FFBC 	move.l -68(%fp),%d1
 326 034e F22E 5400 	fmove.d -16(%fp),%fp0
 326      FFF0 
 327 0354 2F01      	move.l %d1,-(%sp)
 328 0356 2F00      	move.l %d0,-(%sp)
 329 0358 F21F 5480 	fmove.d (%sp)+,%fp1
 330 035c F200 0420 	fdiv.x %fp1,%fp0
 331 0360 F22E 7400 	fmove.d %fp0,-16(%fp)
 331      FFF0 
 332 0366 6036      	jra .L14
 333               	.L11:
 334 0368 202E 0008 	move.l 8(%fp),%d0
 335 036c 222E 000C 	move.l 12(%fp),%d1
 336 0370 2D40 FFB8 	move.l %d0,-72(%fp)
 337 0374 2D41 FFBC 	move.l %d1,-68(%fp)
 338 0378 70B8      	moveq #-72,%d0
 339 037a D08E      	add.l %fp,%d0
68K GAS   			page 7


 340 037c 2040      	move.l %d0,%a0
 341 037e 2D50 FFE8 	move.l (%a0),-24(%fp)
 342 0382 202E FFE8 	move.l -24(%fp),%d0
 343 0386 7214      	moveq #20,%d1
 344 0388 E2A0      	asr.l %d1,%d0
 345 038a 2200      	move.l %d0,%d1
 346 038c 0681 FFFF 	add.l #-1023,%d1
 346      FC01 
 347 0392 2D41 FFEC 	move.l %d1,-20(%fp)
 348 0396 42AE FFF0 	clr.l -16(%fp)
 349 039a 42AE FFF4 	clr.l -12(%fp)
 350               	.L14:
 351 039e 02AE 000F 	and.l #1048575,-24(%fp)
 351      FFFF FFE8 
 352 03a6 0CAE 0006 	cmp.l #434333,-24(%fp)
 352      A09D FFE8 
 353 03ae 6E14      	jgt .L15
 354 03b0 70B8      	moveq #-72,%d0
 355 03b2 D08E      	add.l %fp,%d0
 356 03b4 222E FFE8 	move.l -24(%fp),%d1
 357 03b8 0081 3FF0 	or.l #1072693248,%d1
 357      0000 
 358 03be 2040      	move.l %d0,%a0
 359 03c0 2081      	move.l %d1,(%a0)
 360 03c2 6024      	jra .L16
 361               	.L15:
 362 03c4 52AE FFEC 	addq.l #1,-20(%fp)
 363 03c8 70B8      	moveq #-72,%d0
 364 03ca D08E      	add.l %fp,%d0
 365 03cc 222E FFE8 	move.l -24(%fp),%d1
 366 03d0 0081 3FE0 	or.l #1071644672,%d1
 366      0000 
 367 03d6 2040      	move.l %d0,%a0
 368 03d8 2081      	move.l %d1,(%a0)
 369 03da 7010      	moveq #16,%d0
 370 03dc 4840      	swap %d0
 371 03de 90AE FFE8 	sub.l -24(%fp),%d0
 372 03e2 E480      	asr.l #2,%d0
 373 03e4 2D40 FFE8 	move.l %d0,-24(%fp)
 374               	.L16:
 375 03e8 202E FFB8 	move.l -72(%fp),%d0
 376 03ec 222E FFBC 	move.l -68(%fp),%d1
 377 03f0 2F01      	move.l %d1,-(%sp)
 378 03f2 2F00      	move.l %d0,-(%sp)
 379 03f4 F21F 5400 	fmove.d (%sp)+,%fp0
 380 03f8 F200 5CB2 	fmovecr #0x32,%fp1
 381 03fc F200 0428 	fsub.x %fp1,%fp0
 382 0400 F22E 7400 	fmove.d %fp0,-8(%fp)
 382      FFF8 
 383               	.L10:
 384 0406 F22E 5400 	fmove.d -8(%fp),%fp0
 384      FFF8 
 385 040c F23C 5423 	fmul.d #0x3fe0000000000000,%fp0
 385      3FE0 0000 
 385      0000 0000 
 386 0418 F227 7400 	fmove.d %fp0,-(%sp)
 387 041c 201F      	move.l (%sp)+,%d0
68K GAS   			page 8


 388 041e 221F      	move.l (%sp)+,%d1
 389 0420 2F01      	move.l %d1,-(%sp)
 390 0422 2F00      	move.l %d0,-(%sp)
 391 0424 F21F 5480 	fmove.d (%sp)+,%fp1
 392 0428 F22E 54A3 	fmul.d -8(%fp),%fp1
 392      FFF8 
 393 042e F22E 7480 	fmove.d %fp1,-40(%fp)
 393      FFD8 
 394 0434 4AAE FFE8 	tst.l -24(%fp)
 395 0438 6600 0214 	jne .L17
 396 043c 2039 0000 	move.l zero,%d0
 396      0000 
 397 0442 2239 0000 	move.l zero+4,%d1
 397      0000 
 398 0448 206E FFF8 	move.l -8(%fp),%a0
 399 044c 226E FFFC 	move.l -4(%fp),%a1
 400 0450 2F09      	move.l %a1,-(%sp)
 401 0452 2F08      	move.l %a0,-(%sp)
 402 0454 F21F 5400 	fmove.d (%sp)+,%fp0
 403 0458 2F01      	move.l %d1,-(%sp)
 404 045a 2F00      	move.l %d0,-(%sp)
 405 045c F21F 5480 	fmove.d (%sp)+,%fp1
 406 0460 F200 0438 	fcmp.x %fp1,%fp0
 407 0464 F28E 00B2 	fjne .L18
 408 0468 4AAE FFEC 	tst.l -20(%fp)
 409 046c 6610      	jne .L19
 410 046e 2039 0000 	move.l zero,%d0
 410      0000 
 411 0474 2239 0000 	move.l zero+4,%d1
 411      0000 
 412 047a 6000 0526 	jra .L5
 413               	.L19:
 414 047e F22E 4000 	fmove.l -20(%fp),%fp0
 414      FFEC 
 415 0484 F227 7400 	fmove.d %fp0,-(%sp)
 416 0488 201F      	move.l (%sp)+,%d0
 417 048a 221F      	move.l (%sp)+,%d1
 418 048c 2079 0000 	move.l ln2_lo,%a0
 418      0000 
 419 0492 2279 0000 	move.l ln2_lo+4,%a1
 419      0000 
 420 0498 2F01      	move.l %d1,-(%sp)
 421 049a 2F00      	move.l %d0,-(%sp)
 422 049c F21F 5480 	fmove.d (%sp)+,%fp1
 423 04a0 2F09      	move.l %a1,-(%sp)
 424 04a2 2F08      	move.l %a0,-(%sp)
 425 04a4 F21F 5400 	fmove.d (%sp)+,%fp0
 426 04a8 F200 00A3 	fmul.x %fp0,%fp1
 427 04ac F227 7480 	fmove.d %fp1,-(%sp)
 428 04b0 201F      	move.l (%sp)+,%d0
 429 04b2 221F      	move.l (%sp)+,%d1
 430 04b4 2F01      	move.l %d1,-(%sp)
 431 04b6 2F00      	move.l %d0,-(%sp)
 432 04b8 F21F 5480 	fmove.d (%sp)+,%fp1
 433 04bc F22E 54A2 	fadd.d -16(%fp),%fp1
 433      FFF0 
 434 04c2 F22E 7480 	fmove.d %fp1,-16(%fp)
68K GAS   			page 9


 434      FFF0 
 435 04c8 F22E 4000 	fmove.l -20(%fp),%fp0
 435      FFEC 
 436 04ce F227 7400 	fmove.d %fp0,-(%sp)
 437 04d2 201F      	move.l (%sp)+,%d0
 438 04d4 221F      	move.l (%sp)+,%d1
 439 04d6 2079 0000 	move.l ln2_hi,%a0
 439      0000 
 440 04dc 2279 0000 	move.l ln2_hi+4,%a1
 440      0000 
 441 04e2 2F01      	move.l %d1,-(%sp)
 442 04e4 2F00      	move.l %d0,-(%sp)
 443 04e6 F21F 5480 	fmove.d (%sp)+,%fp1
 444 04ea 2F09      	move.l %a1,-(%sp)
 445 04ec 2F08      	move.l %a0,-(%sp)
 446 04ee F21F 5400 	fmove.d (%sp)+,%fp0
 447 04f2 F200 00A3 	fmul.x %fp0,%fp1
 448 04f6 F227 7480 	fmove.d %fp1,-(%sp)
 449 04fa 201F      	move.l (%sp)+,%d0
 450 04fc 221F      	move.l (%sp)+,%d1
 451 04fe 2F01      	move.l %d1,-(%sp)
 452 0500 2F00      	move.l %d0,-(%sp)
 453 0502 F21F 5480 	fmove.d (%sp)+,%fp1
 454 0506 F22E 54A2 	fadd.d -16(%fp),%fp1
 454      FFF0 
 455 050c F227 7480 	fmove.d %fp1,-(%sp)
 456 0510 201F      	move.l (%sp)+,%d0
 457 0512 221F      	move.l (%sp)+,%d1
 458 0514 6000 048C 	jra .L5
 459               	.L18:
 460 0518 F22E 5400 	fmove.d -8(%fp),%fp0
 460      FFF8 
 461 051e F23C 5423 	fmul.d #0x3fe5555555555555,%fp0
 461      3FE5 5555 
 461      5555 5555 
 462 052a F227 7400 	fmove.d %fp0,-(%sp)
 463 052e 201F      	move.l (%sp)+,%d0
 464 0530 221F      	move.l (%sp)+,%d1
 465 0532 F200 5CB2 	fmovecr #0x32,%fp1
 466 0536 2F01      	move.l %d1,-(%sp)
 467 0538 2F00      	move.l %d0,-(%sp)
 468 053a F21F 5400 	fmove.d (%sp)+,%fp0
 469 053e F200 00A8 	fsub.x %fp0,%fp1
 470 0542 F227 7480 	fmove.d %fp1,-(%sp)
 471 0546 201F      	move.l (%sp)+,%d0
 472 0548 221F      	move.l (%sp)+,%d1
 473 054a 2F01      	move.l %d1,-(%sp)
 474 054c 2F00      	move.l %d0,-(%sp)
 475 054e F21F 5480 	fmove.d (%sp)+,%fp1
 476 0552 F22E 54A3 	fmul.d -40(%fp),%fp1
 476      FFD8 
 477 0558 F22E 7480 	fmove.d %fp1,-48(%fp)
 477      FFD0 
 478 055e 4AAE FFEC 	tst.l -20(%fp)
 479 0562 6618      	jne .L20
 480 0564 F22E 5400 	fmove.d -8(%fp),%fp0
 480      FFF8 
68K GAS   			page 10


 481 056a F22E 5428 	fsub.d -48(%fp),%fp0
 481      FFD0 
 482 0570 F227 7400 	fmove.d %fp0,-(%sp)
 483 0574 201F      	move.l (%sp)+,%d0
 484 0576 221F      	move.l (%sp)+,%d1
 485 0578 6000 0428 	jra .L5
 486               	.L20:
 487 057c F22E 4080 	fmove.l -20(%fp),%fp1
 487      FFEC 
 488 0582 F227 7480 	fmove.d %fp1,-(%sp)
 489 0586 201F      	move.l (%sp)+,%d0
 490 0588 221F      	move.l (%sp)+,%d1
 491 058a 2079 0000 	move.l ln2_hi,%a0
 491      0000 
 492 0590 2279 0000 	move.l ln2_hi+4,%a1
 492      0000 
 493 0596 2F01      	move.l %d1,-(%sp)
 494 0598 2F00      	move.l %d0,-(%sp)
 495 059a F21F 5400 	fmove.d (%sp)+,%fp0
 496 059e 2F09      	move.l %a1,-(%sp)
 497 05a0 2F08      	move.l %a0,-(%sp)
 498 05a2 F21F 5480 	fmove.d (%sp)+,%fp1
 499 05a6 F200 0423 	fmul.x %fp1,%fp0
 500 05aa F227 7400 	fmove.d %fp0,-(%sp)
 501 05ae 201F      	move.l (%sp)+,%d0
 502 05b0 221F      	move.l (%sp)+,%d1
 503 05b2 F22E 4000 	fmove.l -20(%fp),%fp0
 503      FFEC 
 504 05b8 F227 7400 	fmove.d %fp0,-(%sp)
 505 05bc 205F      	move.l (%sp)+,%a0
 506 05be 225F      	move.l (%sp)+,%a1
 507 05c0 2439 0000 	move.l ln2_lo,%d2
 507      0000 
 508 05c6 2639 0000 	move.l ln2_lo+4,%d3
 508      0000 
 509 05cc 2F09      	move.l %a1,-(%sp)
 510 05ce 2F08      	move.l %a0,-(%sp)
 511 05d0 F21F 5480 	fmove.d (%sp)+,%fp1
 512 05d4 2F03      	move.l %d3,-(%sp)
 513 05d6 2F02      	move.l %d2,-(%sp)
 514 05d8 F21F 5400 	fmove.d (%sp)+,%fp0
 515 05dc F200 00A3 	fmul.x %fp0,%fp1
 516 05e0 F227 7480 	fmove.d %fp1,-(%sp)
 517 05e4 205F      	move.l (%sp)+,%a0
 518 05e6 225F      	move.l (%sp)+,%a1
 519 05e8 2F09      	move.l %a1,-(%sp)
 520 05ea 2F08      	move.l %a0,-(%sp)
 521 05ec F21F 5480 	fmove.d (%sp)+,%fp1
 522 05f0 F22E 54A2 	fadd.d -16(%fp),%fp1
 522      FFF0 
 523 05f6 F227 7480 	fmove.d %fp1,-(%sp)
 524 05fa 205F      	move.l (%sp)+,%a0
 525 05fc 225F      	move.l (%sp)+,%a1
 526 05fe F22E 5400 	fmove.d -48(%fp),%fp0
 526      FFD0 
 527 0604 2F09      	move.l %a1,-(%sp)
 528 0606 2F08      	move.l %a0,-(%sp)
68K GAS   			page 11


 529 0608 F21F 5480 	fmove.d (%sp)+,%fp1
 530 060c F200 0428 	fsub.x %fp1,%fp0
 531 0610 F227 7400 	fmove.d %fp0,-(%sp)
 532 0614 205F      	move.l (%sp)+,%a0
 533 0616 225F      	move.l (%sp)+,%a1
 534 0618 2F09      	move.l %a1,-(%sp)
 535 061a 2F08      	move.l %a0,-(%sp)
 536 061c F21F 5400 	fmove.d (%sp)+,%fp0
 537 0620 F22E 5428 	fsub.d -8(%fp),%fp0
 537      FFF8 
 538 0626 F227 7400 	fmove.d %fp0,-(%sp)
 539 062a 205F      	move.l (%sp)+,%a0
 540 062c 225F      	move.l (%sp)+,%a1
 541 062e 2F01      	move.l %d1,-(%sp)
 542 0630 2F00      	move.l %d0,-(%sp)
 543 0632 F21F 5480 	fmove.d (%sp)+,%fp1
 544 0636 2F09      	move.l %a1,-(%sp)
 545 0638 2F08      	move.l %a0,-(%sp)
 546 063a F21F 5400 	fmove.d (%sp)+,%fp0
 547 063e F200 00A8 	fsub.x %fp0,%fp1
 548 0642 F227 7480 	fmove.d %fp1,-(%sp)
 549 0646 201F      	move.l (%sp)+,%d0
 550 0648 221F      	move.l (%sp)+,%d1
 551 064a 6000 0356 	jra .L5
 552               	.L17:
 553 064e F22E 5480 	fmove.d -8(%fp),%fp1
 553      FFF8 
 554 0654 F23C 54A2 	fadd.d #0x4000000000000000,%fp1
 554      4000 0000 
 554      0000 0000 
 555 0660 F227 7480 	fmove.d %fp1,-(%sp)
 556 0664 201F      	move.l (%sp)+,%d0
 557 0666 221F      	move.l (%sp)+,%d1
 558 0668 F22E 5400 	fmove.d -8(%fp),%fp0
 558      FFF8 
 559 066e 2F01      	move.l %d1,-(%sp)
 560 0670 2F00      	move.l %d0,-(%sp)
 561 0672 F21F 5480 	fmove.d (%sp)+,%fp1
 562 0676 F200 0420 	fdiv.x %fp1,%fp0
 563 067a F22E 7400 	fmove.d %fp0,-56(%fp)
 563      FFC8 
 564 0680 F22E 5400 	fmove.d -56(%fp),%fp0
 564      FFC8 
 565 0686 F22E 5423 	fmul.d -56(%fp),%fp0
 565      FFC8 
 566 068c F22E 7400 	fmove.d %fp0,-64(%fp)
 566      FFC0 
 567 0692 2039 0000 	move.l Lp7,%d0
 567      0000 
 568 0698 2239 0000 	move.l Lp7+4,%d1
 568      0000 
 569 069e 2F01      	move.l %d1,-(%sp)
 570 06a0 2F00      	move.l %d0,-(%sp)
 571 06a2 F21F 5480 	fmove.d (%sp)+,%fp1
 572 06a6 F22E 54A3 	fmul.d -64(%fp),%fp1
 572      FFC0 
 573 06ac F227 7480 	fmove.d %fp1,-(%sp)
68K GAS   			page 12


 574 06b0 201F      	move.l (%sp)+,%d0
 575 06b2 221F      	move.l (%sp)+,%d1
 576 06b4 2079 0000 	move.l Lp6,%a0
 576      0000 
 577 06ba 2279 0000 	move.l Lp6+4,%a1
 577      0000 
 578 06c0 2F01      	move.l %d1,-(%sp)
 579 06c2 2F00      	move.l %d0,-(%sp)
 580 06c4 F21F 5400 	fmove.d (%sp)+,%fp0
 581 06c8 2F09      	move.l %a1,-(%sp)
 582 06ca 2F08      	move.l %a0,-(%sp)
 583 06cc F21F 5480 	fmove.d (%sp)+,%fp1
 584 06d0 F200 0422 	fadd.x %fp1,%fp0
 585 06d4 F227 7400 	fmove.d %fp0,-(%sp)
 586 06d8 201F      	move.l (%sp)+,%d0
 587 06da 221F      	move.l (%sp)+,%d1
 588 06dc 2F01      	move.l %d1,-(%sp)
 589 06de 2F00      	move.l %d0,-(%sp)
 590 06e0 F21F 5400 	fmove.d (%sp)+,%fp0
 591 06e4 F22E 5423 	fmul.d -64(%fp),%fp0
 591      FFC0 
 592 06ea F227 7400 	fmove.d %fp0,-(%sp)
 593 06ee 201F      	move.l (%sp)+,%d0
 594 06f0 221F      	move.l (%sp)+,%d1
 595 06f2 2079 0000 	move.l Lp5,%a0
 595      0000 
 596 06f8 2279 0000 	move.l Lp5+4,%a1
 596      0000 
 597 06fe 2F01      	move.l %d1,-(%sp)
 598 0700 2F00      	move.l %d0,-(%sp)
 599 0702 F21F 5480 	fmove.d (%sp)+,%fp1
 600 0706 2F09      	move.l %a1,-(%sp)
 601 0708 2F08      	move.l %a0,-(%sp)
 602 070a F21F 5400 	fmove.d (%sp)+,%fp0
 603 070e F200 00A2 	fadd.x %fp0,%fp1
 604 0712 F227 7480 	fmove.d %fp1,-(%sp)
 605 0716 201F      	move.l (%sp)+,%d0
 606 0718 221F      	move.l (%sp)+,%d1
 607 071a 2F01      	move.l %d1,-(%sp)
 608 071c 2F00      	move.l %d0,-(%sp)
 609 071e F21F 5480 	fmove.d (%sp)+,%fp1
 610 0722 F22E 54A3 	fmul.d -64(%fp),%fp1
 610      FFC0 
 611 0728 F227 7480 	fmove.d %fp1,-(%sp)
 612 072c 201F      	move.l (%sp)+,%d0
 613 072e 221F      	move.l (%sp)+,%d1
 614 0730 2079 0000 	move.l Lp4,%a0
 614      0000 
 615 0736 2279 0000 	move.l Lp4+4,%a1
 615      0000 
 616 073c 2F01      	move.l %d1,-(%sp)
 617 073e 2F00      	move.l %d0,-(%sp)
 618 0740 F21F 5400 	fmove.d (%sp)+,%fp0
 619 0744 2F09      	move.l %a1,-(%sp)
 620 0746 2F08      	move.l %a0,-(%sp)
 621 0748 F21F 5480 	fmove.d (%sp)+,%fp1
 622 074c F200 0422 	fadd.x %fp1,%fp0
68K GAS   			page 13


 623 0750 F227 7400 	fmove.d %fp0,-(%sp)
 624 0754 201F      	move.l (%sp)+,%d0
 625 0756 221F      	move.l (%sp)+,%d1
 626 0758 2F01      	move.l %d1,-(%sp)
 627 075a 2F00      	move.l %d0,-(%sp)
 628 075c F21F 5400 	fmove.d (%sp)+,%fp0
 629 0760 F22E 5423 	fmul.d -64(%fp),%fp0
 629      FFC0 
 630 0766 F227 7400 	fmove.d %fp0,-(%sp)
 631 076a 201F      	move.l (%sp)+,%d0
 632 076c 221F      	move.l (%sp)+,%d1
 633 076e 2079 0000 	move.l Lp3,%a0
 633      0000 
 634 0774 2279 0000 	move.l Lp3+4,%a1
 634      0000 
 635 077a 2F01      	move.l %d1,-(%sp)
 636 077c 2F00      	move.l %d0,-(%sp)
 637 077e F21F 5480 	fmove.d (%sp)+,%fp1
 638 0782 2F09      	move.l %a1,-(%sp)
 639 0784 2F08      	move.l %a0,-(%sp)
 640 0786 F21F 5400 	fmove.d (%sp)+,%fp0
 641 078a F200 00A2 	fadd.x %fp0,%fp1
 642 078e F227 7480 	fmove.d %fp1,-(%sp)
 643 0792 201F      	move.l (%sp)+,%d0
 644 0794 221F      	move.l (%sp)+,%d1
 645 0796 2F01      	move.l %d1,-(%sp)
 646 0798 2F00      	move.l %d0,-(%sp)
 647 079a F21F 5480 	fmove.d (%sp)+,%fp1
 648 079e F22E 54A3 	fmul.d -64(%fp),%fp1
 648      FFC0 
 649 07a4 F227 7480 	fmove.d %fp1,-(%sp)
 650 07a8 201F      	move.l (%sp)+,%d0
 651 07aa 221F      	move.l (%sp)+,%d1
 652 07ac 2079 0000 	move.l Lp2,%a0
 652      0000 
 653 07b2 2279 0000 	move.l Lp2+4,%a1
 653      0000 
 654 07b8 2F01      	move.l %d1,-(%sp)
 655 07ba 2F00      	move.l %d0,-(%sp)
 656 07bc F21F 5400 	fmove.d (%sp)+,%fp0
 657 07c0 2F09      	move.l %a1,-(%sp)
 658 07c2 2F08      	move.l %a0,-(%sp)
 659 07c4 F21F 5480 	fmove.d (%sp)+,%fp1
 660 07c8 F200 0422 	fadd.x %fp1,%fp0
 661 07cc F227 7400 	fmove.d %fp0,-(%sp)
 662 07d0 201F      	move.l (%sp)+,%d0
 663 07d2 221F      	move.l (%sp)+,%d1
 664 07d4 2F01      	move.l %d1,-(%sp)
 665 07d6 2F00      	move.l %d0,-(%sp)
 666 07d8 F21F 5400 	fmove.d (%sp)+,%fp0
 667 07dc F22E 5423 	fmul.d -64(%fp),%fp0
 667      FFC0 
 668 07e2 F227 7400 	fmove.d %fp0,-(%sp)
 669 07e6 201F      	move.l (%sp)+,%d0
 670 07e8 221F      	move.l (%sp)+,%d1
 671 07ea 2079 0000 	move.l Lp1,%a0
 671      0000 
68K GAS   			page 14


 672 07f0 2279 0000 	move.l Lp1+4,%a1
 672      0000 
 673 07f6 2F01      	move.l %d1,-(%sp)
 674 07f8 2F00      	move.l %d0,-(%sp)
 675 07fa F21F 5480 	fmove.d (%sp)+,%fp1
 676 07fe 2F09      	move.l %a1,-(%sp)
 677 0800 2F08      	move.l %a0,-(%sp)
 678 0802 F21F 5400 	fmove.d (%sp)+,%fp0
 679 0806 F200 00A2 	fadd.x %fp0,%fp1
 680 080a F227 7480 	fmove.d %fp1,-(%sp)
 681 080e 201F      	move.l (%sp)+,%d0
 682 0810 221F      	move.l (%sp)+,%d1
 683 0812 2F01      	move.l %d1,-(%sp)
 684 0814 2F00      	move.l %d0,-(%sp)
 685 0816 F21F 5480 	fmove.d (%sp)+,%fp1
 686 081a F22E 54A3 	fmul.d -64(%fp),%fp1
 686      FFC0 
 687 0820 F22E 7480 	fmove.d %fp1,-48(%fp)
 687      FFD0 
 688 0826 4AAE FFEC 	tst.l -20(%fp)
 689 082a 6662      	jne .L21
 690 082c F22E 5400 	fmove.d -40(%fp),%fp0
 690      FFD8 
 691 0832 F22E 5422 	fadd.d -48(%fp),%fp0
 691      FFD0 
 692 0838 F227 7400 	fmove.d %fp0,-(%sp)
 693 083c 201F      	move.l (%sp)+,%d0
 694 083e 221F      	move.l (%sp)+,%d1
 695 0840 2F01      	move.l %d1,-(%sp)
 696 0842 2F00      	move.l %d0,-(%sp)
 697 0844 F21F 5480 	fmove.d (%sp)+,%fp1
 698 0848 F22E 54A3 	fmul.d -56(%fp),%fp1
 698      FFC8 
 699 084e F227 7480 	fmove.d %fp1,-(%sp)
 700 0852 201F      	move.l (%sp)+,%d0
 701 0854 221F      	move.l (%sp)+,%d1
 702 0856 F22E 5400 	fmove.d -40(%fp),%fp0
 702      FFD8 
 703 085c 2F01      	move.l %d1,-(%sp)
 704 085e 2F00      	move.l %d0,-(%sp)
 705 0860 F21F 5480 	fmove.d (%sp)+,%fp1
 706 0864 F200 0428 	fsub.x %fp1,%fp0
 707 0868 F227 7400 	fmove.d %fp0,-(%sp)
 708 086c 201F      	move.l (%sp)+,%d0
 709 086e 221F      	move.l (%sp)+,%d1
 710 0870 F22E 5400 	fmove.d -8(%fp),%fp0
 710      FFF8 
 711 0876 2F01      	move.l %d1,-(%sp)
 712 0878 2F00      	move.l %d0,-(%sp)
 713 087a F21F 5480 	fmove.d (%sp)+,%fp1
 714 087e F200 0428 	fsub.x %fp1,%fp0
 715 0882 F227 7400 	fmove.d %fp0,-(%sp)
 716 0886 201F      	move.l (%sp)+,%d0
 717 0888 221F      	move.l (%sp)+,%d1
 718 088a 6000 0116 	jra .L5
 719               	.L21:
 720 088e F22E 4000 	fmove.l -20(%fp),%fp0
68K GAS   			page 15


 720      FFEC 
 721 0894 F227 7400 	fmove.d %fp0,-(%sp)
 722 0898 201F      	move.l (%sp)+,%d0
 723 089a 221F      	move.l (%sp)+,%d1
 724 089c 2079 0000 	move.l ln2_hi,%a0
 724      0000 
 725 08a2 2279 0000 	move.l ln2_hi+4,%a1
 725      0000 
 726 08a8 2F01      	move.l %d1,-(%sp)
 727 08aa 2F00      	move.l %d0,-(%sp)
 728 08ac F21F 5480 	fmove.d (%sp)+,%fp1
 729 08b0 2F09      	move.l %a1,-(%sp)
 730 08b2 2F08      	move.l %a0,-(%sp)
 731 08b4 F21F 5400 	fmove.d (%sp)+,%fp0
 732 08b8 F200 00A3 	fmul.x %fp0,%fp1
 733 08bc F227 7480 	fmove.d %fp1,-(%sp)
 734 08c0 201F      	move.l (%sp)+,%d0
 735 08c2 221F      	move.l (%sp)+,%d1
 736 08c4 F22E 5480 	fmove.d -40(%fp),%fp1
 736      FFD8 
 737 08ca F22E 54A2 	fadd.d -48(%fp),%fp1
 737      FFD0 
 738 08d0 F227 7480 	fmove.d %fp1,-(%sp)
 739 08d4 205F      	move.l (%sp)+,%a0
 740 08d6 225F      	move.l (%sp)+,%a1
 741 08d8 2F09      	move.l %a1,-(%sp)
 742 08da 2F08      	move.l %a0,-(%sp)
 743 08dc F21F 5400 	fmove.d (%sp)+,%fp0
 744 08e0 F22E 5423 	fmul.d -56(%fp),%fp0
 744      FFC8 
 745 08e6 F227 7400 	fmove.d %fp0,-(%sp)
 746 08ea 241F      	move.l (%sp)+,%d2
 747 08ec 261F      	move.l (%sp)+,%d3
 748 08ee F22E 4080 	fmove.l -20(%fp),%fp1
 748      FFEC 
 749 08f4 F227 7480 	fmove.d %fp1,-(%sp)
 750 08f8 205F      	move.l (%sp)+,%a0
 751 08fa 225F      	move.l (%sp)+,%a1
 752 08fc 2839 0000 	move.l ln2_lo,%d4
 752      0000 
 753 0902 2A39 0000 	move.l ln2_lo+4,%d5
 753      0000 
 754 0908 2F09      	move.l %a1,-(%sp)
 755 090a 2F08      	move.l %a0,-(%sp)
 756 090c F21F 5400 	fmove.d (%sp)+,%fp0
 757 0910 2F05      	move.l %d5,-(%sp)
 758 0912 2F04      	move.l %d4,-(%sp)
 759 0914 F21F 5480 	fmove.d (%sp)+,%fp1
 760 0918 F200 0423 	fmul.x %fp1,%fp0
 761 091c F227 7400 	fmove.d %fp0,-(%sp)
 762 0920 205F      	move.l (%sp)+,%a0
 763 0922 225F      	move.l (%sp)+,%a1
 764 0924 2F09      	move.l %a1,-(%sp)
 765 0926 2F08      	move.l %a0,-(%sp)
 766 0928 F21F 5400 	fmove.d (%sp)+,%fp0
 767 092c F22E 5422 	fadd.d -16(%fp),%fp0
 767      FFF0 
68K GAS   			page 16


 768 0932 F227 7400 	fmove.d %fp0,-(%sp)
 769 0936 205F      	move.l (%sp)+,%a0
 770 0938 225F      	move.l (%sp)+,%a1
 771 093a 2F03      	move.l %d3,-(%sp)
 772 093c 2F02      	move.l %d2,-(%sp)
 773 093e F21F 5480 	fmove.d (%sp)+,%fp1
 774 0942 2F09      	move.l %a1,-(%sp)
 775 0944 2F08      	move.l %a0,-(%sp)
 776 0946 F21F 5400 	fmove.d (%sp)+,%fp0
 777 094a F200 00A2 	fadd.x %fp0,%fp1
 778 094e F227 7480 	fmove.d %fp1,-(%sp)
 779 0952 205F      	move.l (%sp)+,%a0
 780 0954 225F      	move.l (%sp)+,%a1
 781 0956 F22E 5480 	fmove.d -40(%fp),%fp1
 781      FFD8 
 782 095c 2F09      	move.l %a1,-(%sp)
 783 095e 2F08      	move.l %a0,-(%sp)
 784 0960 F21F 5400 	fmove.d (%sp)+,%fp0
 785 0964 F200 00A8 	fsub.x %fp0,%fp1
 786 0968 F227 7480 	fmove.d %fp1,-(%sp)
 787 096c 205F      	move.l (%sp)+,%a0
 788 096e 225F      	move.l (%sp)+,%a1
 789 0970 2F09      	move.l %a1,-(%sp)
 790 0972 2F08      	move.l %a0,-(%sp)
 791 0974 F21F 5480 	fmove.d (%sp)+,%fp1
 792 0978 F22E 54A8 	fsub.d -8(%fp),%fp1
 792      FFF8 
 793 097e F227 7480 	fmove.d %fp1,-(%sp)
 794 0982 205F      	move.l (%sp)+,%a0
 795 0984 225F      	move.l (%sp)+,%a1
 796 0986 2F01      	move.l %d1,-(%sp)
 797 0988 2F00      	move.l %d0,-(%sp)
 798 098a F21F 5400 	fmove.d (%sp)+,%fp0
 799 098e 2F09      	move.l %a1,-(%sp)
 800 0990 2F08      	move.l %a0,-(%sp)
 801 0992 F21F 5480 	fmove.d (%sp)+,%fp1
 802 0996 F200 0428 	fsub.x %fp1,%fp0
 803 099a F227 7400 	fmove.d %fp0,-(%sp)
 804 099e 201F      	move.l (%sp)+,%d0
 805 09a0 221F      	move.l (%sp)+,%d1
 806               	.L5:
 807 09a2 2F01      	move.l %d1,-(%sp)
 808 09a4 2F00      	move.l %d0,-(%sp)
 809 09a6 F21F 5400 	fmove.d (%sp)+,%fp0
 810 09aa 4CDF 003C 	movem.l (%sp)+,#60
 811 09ae 4E5E      	unlk %fp
 812 09b0 4E75      	rts
 814               	.ident"GCC: (GNU) 4.5.1"
 815               	.section.note.GNU-stack,"",@progbits
68K GAS   			page 17


DEFINED SYMBOLS
                            *ABS*:00000000 s_log1p.c
    {standard input}:7      .rodata:00000000 ln2_hi
    {standard input}:13     .rodata:00000008 ln2_lo
    {standard input}:19     .rodata:00000010 two54
    {standard input}:25     .rodata:00000018 Lp1
    {standard input}:31     .rodata:00000020 Lp2
    {standard input}:37     .rodata:00000028 Lp3
    {standard input}:43     .rodata:00000030 Lp4
    {standard input}:49     .rodata:00000038 Lp5
    {standard input}:55     .rodata:00000040 Lp6
    {standard input}:61     .rodata:00000048 Lp7
    {standard input}:65     .bss:00000000 zero
    {standard input}:70     .text:00000000 log1p

NO UNDEFINED SYMBOLS
