68K GAS   			page 1


   1               	
   2               	.file"s_matherr.c"
   3               	.text
   4               	.align2
   5               	.globlmatherr
   7               	matherr:
   8 0000 4E56 FFFC 	link.w %fp,#-4
   9 0004 2F0A      	move.l %a2,-(%sp)
  10 0006 42AE FFFC 	clr.l -4(%fp)
  11 000a 202E 0008 	move.l 8(%fp),%d0
  12 000e 2440      	move.l %d0,%a2
  13 0010 206A 0008 	move.l 8(%a2),%a0
  14 0014 226A 000C 	move.l 12(%a2),%a1
  15 0018 202E 0008 	move.l 8(%fp),%d0
  16 001c 2440      	move.l %d0,%a2
  17 001e 202A 0008 	move.l 8(%a2),%d0
  18 0022 222A 000C 	move.l 12(%a2),%d1
  19 0026 2F09      	move.l %a1,-(%sp)
  20 0028 2F08      	move.l %a0,-(%sp)
  21 002a F21F 5400 	fmove.d (%sp)+,%fp0
  22 002e 2F01      	move.l %d1,-(%sp)
  23 0030 2F00      	move.l %d0,-(%sp)
  24 0032 F21F 5480 	fmove.d (%sp)+,%fp1
  25 0036 F200 0438 	fcmp.x %fp1,%fp0
  26 003a F281 0006 	fjeq .L2
  27 003e 4280      	clr.l %d0
  28 0040 6004      	jra .L3
  29               	.L2:
  30 0042 202E FFFC 	move.l -4(%fp),%d0
  31               	.L3:
  32 0046 245F      	move.l (%sp)+,%a2
  33 0048 4E5E      	unlk %fp
  34 004a 4E75      	rts
  36               	.ident"GCC: (GNU) 4.5.1"
  37               	.section.note.GNU-stack,"",@progbits
68K GAS   			page 2


DEFINED SYMBOLS
                            *ABS*:00000000 s_matherr.c
    {standard input}:7      .text:00000000 matherr

NO UNDEFINED SYMBOLS
