68K GAS   			page 1


   1               	
   2               	.file"s_tan.c"
   3               	.text
   4               	.align2
   5               	.globltan
   7               	tan:
   8 0000 4E56 FFE0 	link.w %fp,#-32
   9 0004 2F02      	move.l %d2,-(%sp)
  10 0006 42AE FFF8 	clr.l -8(%fp)
  11 000a 42AE FFFC 	clr.l -4(%fp)
  12 000e 200E      	move.l %fp,%d0
  13 0010 5080      	addq.l #8,%d0
  14 0012 2040      	move.l %d0,%a0
  15 0014 2D50 FFF4 	move.l (%a0),-12(%fp)
  16 0018 08AE 0007 	bclr #7,-12(%fp)
  16      FFF4 
  17 001e 0CAE 3FE9 	cmp.l #1072243195,-12(%fp)
  17      21FB FFF4 
  18 0026 6E2E      	jgt .L2
  19 0028 202E 0008 	move.l 8(%fp),%d0
  20 002c 222E 000C 	move.l 12(%fp),%d1
  21 0030 4878 0001 	pea 1.w
  22 0034 2F2E FFFC 	move.l -4(%fp),-(%sp)
  23 0038 2F2E FFF8 	move.l -8(%fp),-(%sp)
  24 003c 2F01      	move.l %d1,-(%sp)
  25 003e 2F00      	move.l %d0,-(%sp)
  26 0040 4EB9 0000 	jsr __kernel_tan
  26      0000 
  27 0046 4FEF 0014 	lea (20,%sp),%sp
  28 004a F227 7400 	fmove.d %fp0,-(%sp)
  29 004e 201F      	move.l (%sp)+,%d0
  30 0050 221F      	move.l (%sp)+,%d1
  31 0052 6000 0092 	jra .L3
  32               	.L2:
  33 0056 0CAE 7FEF 	cmp.l #2146435071,-12(%fp)
  33      FFFF FFF4 
  34 005e 6F2E      	jle .L4
  35 0060 202E 0008 	move.l 8(%fp),%d0
  36 0064 222E 000C 	move.l 12(%fp),%d1
  37 0068 206E 0008 	move.l 8(%fp),%a0
  38 006c 226E 000C 	move.l 12(%fp),%a1
  39 0070 2F01      	move.l %d1,-(%sp)
  40 0072 2F00      	move.l %d0,-(%sp)
  41 0074 F21F 5400 	fmove.d (%sp)+,%fp0
  42 0078 2F09      	move.l %a1,-(%sp)
  43 007a 2F08      	move.l %a0,-(%sp)
  44 007c F21F 5480 	fmove.d (%sp)+,%fp1
  45 0080 F200 0428 	fsub.x %fp1,%fp0
  46 0084 F227 7400 	fmove.d %fp0,-(%sp)
  47 0088 201F      	move.l (%sp)+,%d0
  48 008a 221F      	move.l (%sp)+,%d1
  49 008c 6058      	jra .L3
  50               	.L4:
  51 008e 202E 0008 	move.l 8(%fp),%d0
  52 0092 222E 000C 	move.l 12(%fp),%d1
  53 0096 41EE FFE0 	lea (-32,%fp),%a0
  54 009a 2F08      	move.l %a0,-(%sp)
68K GAS   			page 2


  55 009c 2F01      	move.l %d1,-(%sp)
  56 009e 2F00      	move.l %d0,-(%sp)
  57 00a0 4EB9 0000 	jsr __ieee754_rem_pio2
  57      0000 
  58 00a6 4FEF 000C 	lea (12,%sp),%sp
  59 00aa 2D40 FFF0 	move.l %d0,-16(%fp)
  60 00ae 7001      	moveq #1,%d0
  61 00b0 C0AE FFF0 	and.l -16(%fp),%d0
  62 00b4 D080      	add.l %d0,%d0
  63 00b6 7401      	moveq #1,%d2
  64 00b8 9480      	sub.l %d0,%d2
  65 00ba 206E FFE8 	move.l -24(%fp),%a0
  66 00be 226E FFEC 	move.l -20(%fp),%a1
  67 00c2 202E FFE0 	move.l -32(%fp),%d0
  68 00c6 222E FFE4 	move.l -28(%fp),%d1
  69 00ca 2F02      	move.l %d2,-(%sp)
  70 00cc 2F09      	move.l %a1,-(%sp)
  71 00ce 2F08      	move.l %a0,-(%sp)
  72 00d0 2F01      	move.l %d1,-(%sp)
  73 00d2 2F00      	move.l %d0,-(%sp)
  74 00d4 4EB9 0000 	jsr __kernel_tan
  74      0000 
  75 00da 4FEF 0014 	lea (20,%sp),%sp
  76 00de F227 7400 	fmove.d %fp0,-(%sp)
  77 00e2 201F      	move.l (%sp)+,%d0
  78 00e4 221F      	move.l (%sp)+,%d1
  79               	.L3:
  80 00e6 2F01      	move.l %d1,-(%sp)
  81 00e8 2F00      	move.l %d0,-(%sp)
  82 00ea F21F 5400 	fmove.d (%sp)+,%fp0
  83 00ee 242E FFDC 	move.l -36(%fp),%d2
  84 00f2 4E5E      	unlk %fp
  85 00f4 4E75      	rts
  87               	.ident"GCC: (GNU) 4.5.1"
  88               	.section.note.GNU-stack,"",@progbits
68K GAS   			page 3


DEFINED SYMBOLS
                            *ABS*:00000000 s_tan.c
    {standard input}:7      .text:00000000 tan

UNDEFINED SYMBOLS
__kernel_tan
__ieee754_rem_pio2
