68K GAS   			page 1


   1               	
   2               	.file"w_cosh.c"
   3               	.text
   4               	.align2
   5               	.globlcosh
   7               	cosh:
   8 0000 4E56 0000 	link.w %fp,#0
   9 0004 2F2E 000C 	move.l 12(%fp),-(%sp)
  10 0008 2F2E 0008 	move.l 8(%fp),-(%sp)
  11 000c 4EB9 0000 	jsr __ieee754_cosh
  11      0000 
  12 0012 508F      	addq.l #8,%sp
  13 0014 F227 7400 	fmove.d %fp0,-(%sp)
  14 0018 201F      	move.l (%sp)+,%d0
  15 001a 221F      	move.l (%sp)+,%d1
  16 001c 2F01      	move.l %d1,-(%sp)
  17 001e 2F00      	move.l %d0,-(%sp)
  18 0020 F21F 5400 	fmove.d (%sp)+,%fp0
  19 0024 4E5E      	unlk %fp
  20 0026 4E75      	rts
  22               	.ident"GCC: (GNU) 4.5.1"
  23               	.section.note.GNU-stack,"",@progbits
68K GAS   			page 2


DEFINED SYMBOLS
                            *ABS*:00000000 w_cosh.c
    {standard input}:7      .text:00000000 cosh

UNDEFINED SYMBOLS
__ieee754_cosh
