68K GAS   			page 1


   1               	
   2               	.file"asctime.c"
   3               	.localrv
   4               	.commrv,26,1
   5               	.section.rodata
   6               	.LC0:
   7 0000 2561 2025 	.string"%a %b %c\n"
   7      6220 2563 
   7      0A00 
   8               	.text
   9               	.align2
  10               	.globlasctime
  12               	asctime:
  13 0000 4E56 0000 	link.w %fp,#0
  14 0004 2F2E 0008 	move.l 8(%fp),-(%sp)
  15 0008 4879 0000 	pea .LC0
  15      0000 
  16 000e 4878 001A 	pea 26.w
  17 0012 4879 0000 	pea rv
  17      0000 
  18 0018 4EB9 0000 	jsr strftime
  18      0000 
  19 001e 4FEF 0010 	lea (16,%sp),%sp
  20 0022 203C 0000 	move.l #rv,%d0
  20      0000 
  21 0028 2200      	move.l %d0,%d1
  22 002a 2041      	move.l %d1,%a0
  23 002c 4E5E      	unlk %fp
  24 002e 4E75      	rts
  26               	.ident"GCC: (GNU) 4.5.1"
  27               	.section.note.GNU-stack,"",@progbits
68K GAS   			page 2


DEFINED SYMBOLS
                            *ABS*:00000000 asctime.c
                             .bss:00000000 rv
    {standard input}:12     .text:00000000 asctime

UNDEFINED SYMBOLS
strftime
