68K GAS   			page 1


   1               	
   2               	.file"clock.c"
   3               	.text
   4               	.align2
   5               	.globlclock
   7               	clock:
   8 0000 4E56 0000 	link.w %fp,#0
   9 0004 4EB9 0000 	jsr _ll_ticks
   9      0000 
  10 000a 4E5E      	unlk %fp
  11 000c 4E75      	rts
  13               	.ident"GCC: (GNU) 4.5.1"
  14               	.section.note.GNU-stack,"",@progbits
68K GAS   			page 2


DEFINED SYMBOLS
                            *ABS*:00000000 clock.c
    {standard input}:7      .text:00000000 clock

UNDEFINED SYMBOLS
_ll_ticks
