68K GAS   			page 1


   1               	
   2               	.file"difftime.c"
   3               	.text
   4               	.align2
   5               	.globldifftime
   7               	difftime:
   8 0000 4E56 0000 	link.w %fp,#0
   9 0004 202E 0008 	move.l 8(%fp),%d0
  10 0008 90AE 000C 	sub.l 12(%fp),%d0
  11 000c F200 4000 	fmove.l %d0,%fp0
  12 0010 F227 7400 	fmove.d %fp0,-(%sp)
  13 0014 201F      	move.l (%sp)+,%d0
  14 0016 221F      	move.l (%sp)+,%d1
  15 0018 2F01      	move.l %d1,-(%sp)
  16 001a 2F00      	move.l %d0,-(%sp)
  17 001c F21F 5400 	fmove.d (%sp)+,%fp0
  18 0020 4E5E      	unlk %fp
  19 0022 4E75      	rts
  21               	.ident"GCC: (GNU) 4.5.1"
  22               	.section.note.GNU-stack,"",@progbits
68K GAS   			page 2


DEFINED SYMBOLS
                            *ABS*:00000000 difftime.c
    {standard input}:7      .text:00000000 difftime

NO UNDEFINED SYMBOLS
