68K GAS   			page 1


   1               	
   2               	.file"lotime.c"
   3               	.text
   4               	.align2
   5               	.globllocaltime
   7               	localtime:
   8 0000 4E56 FFFC 	link.w %fp,#-4
   9 0004 2F2E 0008 	move.l 8(%fp),-(%sp)
  10 0008 4EB9 0000 	jsr gmtime
  10      0000 
  11 000e 588F      	addq.l #4,%sp
  12 0010 2D48 FFFC 	move.l %a0,-4(%fp)
  13 0014 202E FFFC 	move.l -4(%fp),%d0
  14 0018 2040      	move.l %d0,%a0
  15 001a 2028 0008 	move.l 8(%a0),%d0
  16 001e 7217      	moveq #23,%d1
  17 0020 B280      	cmp.l %d0,%d1
  18 0022 6C00 00AC 	jge .L2
  19 0026 202E FFFC 	move.l -4(%fp),%d0
  20 002a 2040      	move.l %d0,%a0
  21 002c 2028 0008 	move.l 8(%a0),%d0
  22 0030 72E8      	moveq #-24,%d1
  23 0032 D280      	add.l %d0,%d1
  24 0034 202E FFFC 	move.l -4(%fp),%d0
  25 0038 2040      	move.l %d0,%a0
  26 003a 2141 0008 	move.l %d1,8(%a0)
  27 003e 202E FFFC 	move.l -4(%fp),%d0
  28 0042 2040      	move.l %d0,%a0
  29 0044 2028 000C 	move.l 12(%a0),%d0
  30 0048 2200      	move.l %d0,%d1
  31 004a 5281      	addq.l #1,%d1
  32 004c 202E FFFC 	move.l -4(%fp),%d0
  33 0050 2040      	move.l %d0,%a0
  34 0052 2141 000C 	move.l %d1,12(%a0)
  35 0056 202E FFFC 	move.l -4(%fp),%d0
  36 005a 2040      	move.l %d0,%a0
  37 005c 2028 0010 	move.l 16(%a0),%d0
  38 0060 1030 09B0 	move.b _monthdays(%d0.l),%d0
  38      0000 0000 
  39 0068 49C0      	extb.l %d0
  40 006a 222E FFFC 	move.l -4(%fp),%d1
  41 006e 2041      	move.l %d1,%a0
  42 0070 2228 000C 	move.l 12(%a0),%d1
  43 0074 B280      	cmp.l %d0,%d1
  44 0076 6F58      	jle .L2
  45 0078 202E FFFC 	move.l -4(%fp),%d0
  46 007c 2040      	move.l %d0,%a0
  47 007e 2028 0010 	move.l 16(%a0),%d0
  48 0082 2200      	move.l %d0,%d1
  49 0084 5281      	addq.l #1,%d1
  50 0086 202E FFFC 	move.l -4(%fp),%d0
  51 008a 2040      	move.l %d0,%a0
  52 008c 2141 0010 	move.l %d1,16(%a0)
  53 0090 202E FFFC 	move.l -4(%fp),%d0
  54 0094 7201      	moveq #1,%d1
  55 0096 2040      	move.l %d0,%a0
  56 0098 2141 000C 	move.l %d1,12(%a0)
68K GAS   			page 2


  57 009c 202E FFFC 	move.l -4(%fp),%d0
  58 00a0 2040      	move.l %d0,%a0
  59 00a2 2028 0010 	move.l 16(%a0),%d0
  60 00a6 720C      	moveq #12,%d1
  61 00a8 B280      	cmp.l %d0,%d1
  62 00aa 6C24      	jge .L2
  63 00ac 202E FFFC 	move.l -4(%fp),%d0
  64 00b0 7201      	moveq #1,%d1
  65 00b2 2040      	move.l %d0,%a0
  66 00b4 2141 0010 	move.l %d1,16(%a0)
  67 00b8 202E FFFC 	move.l -4(%fp),%d0
  68 00bc 2040      	move.l %d0,%a0
  69 00be 2028 0014 	move.l 20(%a0),%d0
  70 00c2 2200      	move.l %d0,%d1
  71 00c4 5281      	addq.l #1,%d1
  72 00c6 202E FFFC 	move.l -4(%fp),%d0
  73 00ca 2040      	move.l %d0,%a0
  74 00cc 2141 0014 	move.l %d1,20(%a0)
  75               	.L2:
  76 00d0 202E FFFC 	move.l -4(%fp),%d0
  77 00d4 2200      	move.l %d0,%d1
  78 00d6 2041      	move.l %d1,%a0
  79 00d8 4E5E      	unlk %fp
  80 00da 4E75      	rts
  82               	.ident"GCC: (GNU) 4.5.1"
  83               	.section.note.GNU-stack,"",@progbits
68K GAS   			page 3


DEFINED SYMBOLS
                            *ABS*:00000000 lotime.c
    {standard input}:7      .text:00000000 localtime

UNDEFINED SYMBOLS
gmtime
_monthdays
